;  LST file generated by mikroListExporter - v.2.0 
; Date/Time: 13.01.2022 09:01:17
;----------------------------------------------

;Address Opcode 	ASM
0x0000	0x0206B4  	LJMP 1716
0x0003	0x020000  	LJMP 0
0x0006	0x00      	NOP
0x0007	0x00      	NOP
0x0008	0x00      	NOP
0x0009	0x00      	NOP
0x000A	0x00      	NOP
0x000B	0x020000  	LJMP 0
0x000E	0x00      	NOP
0x000F	0x00      	NOP
0x0010	0x00      	NOP
0x0011	0x00      	NOP
0x0012	0x00      	NOP
0x0013	0x020000  	LJMP 0
0x0016	0x00      	NOP
0x0017	0x00      	NOP
0x0018	0x00      	NOP
0x0019	0x00      	NOP
0x001A	0x00      	NOP
0x001B	0x020000  	LJMP 0
0x001E	0x00      	NOP
0x001F	0x00      	NOP
0x0020	0x00      	NOP
0x0021	0x00      	NOP
0x0022	0x00      	NOP
0x0023	0x020000  	LJMP 0
0x0026	0x00      	NOP
0x0027	0x00      	NOP
0x0028	0x00      	NOP
0x0029	0x00      	NOP
0x002A	0x00      	NOP
0x002B	0x020000  	LJMP 0
_Delay_1us:
;__Lib_Delays.c,63 :: 		void Delay_1us() {
;__Lib_Delays.c,64 :: 		Delay_us(1);
0x002E	0x00      	NOP
;__Lib_Delays.c,65 :: 		}
0x002F	0x22      	RET
; end of _Delay_1us
_Delay_50us:
;__Lib_Delays.c,138 :: 		void Delay_50us() {
;__Lib_Delays.c,139 :: 		Delay_us(50);
0x0030	0x7F14    	MOV R7, 20
0x0032	0xDFFE    	DJNZ R7, PC-2
0x0034	0x00      	NOP
;__Lib_Delays.c,140 :: 		}
0x0035	0x22      	RET
; end of _Delay_50us
_Delay_5500us:
;__Lib_Delays.c,213 :: 		void Delay_5500us() {
;__Lib_Delays.c,214 :: 		Delay_us(5500);
0x0036	0x7E09    	MOV R6, 9
0x0038	0x7FE9    	MOV R7, 233
0x003A	0xDFFE    	DJNZ R7, PC-2
0x003C	0xDEFC    	DJNZ R6, PC-4
0x003E	0x00      	NOP
;__Lib_Delays.c,215 :: 		}
0x003F	0x22      	RET
; end of _Delay_5500us
_Lcd_Cmd:
;__Lib_Lcd.c,13 :: 		
;__Lib_Lcd.c,14 :: 		
0x0040	0xE550    	MOV A, FARG_Lcd_Cmd_out_char
0x0042	0x5480    	ANL A, #128
0x0044	0xF8      	MOV R0, A
0x0045	0x630080  	XRL R0, #128
0x0048	0xE8      	MOV A, R0
0x0049	0x6004    	JZ L__Lcd_Cmd24
0x004B	0x7800    	MOV R0, #0
0x004D	0x8002    	SJMP L__Lcd_Cmd25
L__Lcd_Cmd24:
0x004F	0x7801    	MOV R0, #1
L__Lcd_Cmd25:
0x0051	0xE8      	MOV A, R0
0x0052	0x13      	RRC A
0x0053	0x92B7    	MOV LCD_D7, C
;__Lib_Lcd.c,15 :: 		
0x0055	0xE550    	MOV A, FARG_Lcd_Cmd_out_char
0x0057	0x5440    	ANL A, #64
0x0059	0xF8      	MOV R0, A
0x005A	0x630040  	XRL R0, #64
0x005D	0xE8      	MOV A, R0
0x005E	0x6004    	JZ L__Lcd_Cmd26
0x0060	0x7800    	MOV R0, #0
0x0062	0x8002    	SJMP L__Lcd_Cmd27
L__Lcd_Cmd26:
0x0064	0x7801    	MOV R0, #1
L__Lcd_Cmd27:
0x0066	0xE8      	MOV A, R0
0x0067	0x13      	RRC A
0x0068	0x92B6    	MOV LCD_D6, C
;__Lib_Lcd.c,16 :: 		
0x006A	0xE550    	MOV A, FARG_Lcd_Cmd_out_char
0x006C	0x5420    	ANL A, #32
0x006E	0xF8      	MOV R0, A
0x006F	0x630020  	XRL R0, #32
0x0072	0xE8      	MOV A, R0
0x0073	0x6004    	JZ L__Lcd_Cmd28
0x0075	0x7800    	MOV R0, #0
0x0077	0x8002    	SJMP L__Lcd_Cmd29
L__Lcd_Cmd28:
0x0079	0x7801    	MOV R0, #1
L__Lcd_Cmd29:
0x007B	0xE8      	MOV A, R0
0x007C	0x13      	RRC A
0x007D	0x92B5    	MOV LCD_D5, C
;__Lib_Lcd.c,17 :: 		
0x007F	0xE550    	MOV A, FARG_Lcd_Cmd_out_char
0x0081	0x5410    	ANL A, #16
0x0083	0xF8      	MOV R0, A
0x0084	0x630010  	XRL R0, #16
0x0087	0xE8      	MOV A, R0
0x0088	0x6004    	JZ L__Lcd_Cmd30
0x008A	0x7800    	MOV R0, #0
0x008C	0x8002    	SJMP L__Lcd_Cmd31
L__Lcd_Cmd30:
0x008E	0x7801    	MOV R0, #1
L__Lcd_Cmd31:
0x0090	0xE8      	MOV A, R0
0x0091	0x13      	RRC A
0x0092	0x92B4    	MOV LCD_D4, C
;__Lib_Lcd.c,19 :: 		
0x0094	0xE51D    	MOV A, _cmd_status
0x0096	0x6004    	JZ L_Lcd_Cmd0
0x0098	0x7800    	MOV R0, #0
0x009A	0x8002    	SJMP L_Lcd_Cmd1
L_Lcd_Cmd0:
0x009C	0x7801    	MOV R0, #1
L_Lcd_Cmd1:
0x009E	0xE8      	MOV A, R0
0x009F	0x13      	RRC A
0x00A0	0x9292    	MOV LCD_RS, C
;__Lib_Lcd.c,21 :: 		
0x00A2	0xD295    	SETB LCD_EN
;__Lib_Lcd.c,22 :: 		
0x00A4	0x112E    	ACALL _Delay_1us
;__Lib_Lcd.c,23 :: 		
0x00A6	0xC295    	CLR LCD_EN
;__Lib_Lcd.c,25 :: 		
0x00A8	0xE550    	MOV A, FARG_Lcd_Cmd_out_char
0x00AA	0x5408    	ANL A, #8
0x00AC	0xF8      	MOV R0, A
0x00AD	0x630008  	XRL R0, #8
0x00B0	0xE8      	MOV A, R0
0x00B1	0x6004    	JZ L__Lcd_Cmd32
0x00B3	0x7800    	MOV R0, #0
0x00B5	0x8002    	SJMP L__Lcd_Cmd33
L__Lcd_Cmd32:
0x00B7	0x7801    	MOV R0, #1
L__Lcd_Cmd33:
0x00B9	0xE8      	MOV A, R0
0x00BA	0x13      	RRC A
0x00BB	0x92B7    	MOV LCD_D7, C
;__Lib_Lcd.c,26 :: 		
0x00BD	0xE550    	MOV A, FARG_Lcd_Cmd_out_char
0x00BF	0x5404    	ANL A, #4
0x00C1	0xF8      	MOV R0, A
0x00C2	0x630004  	XRL R0, #4
0x00C5	0xE8      	MOV A, R0
0x00C6	0x6004    	JZ L__Lcd_Cmd34
0x00C8	0x7800    	MOV R0, #0
0x00CA	0x8002    	SJMP L__Lcd_Cmd35
L__Lcd_Cmd34:
0x00CC	0x7801    	MOV R0, #1
L__Lcd_Cmd35:
0x00CE	0xE8      	MOV A, R0
0x00CF	0x13      	RRC A
0x00D0	0x92B6    	MOV LCD_D6, C
;__Lib_Lcd.c,27 :: 		
0x00D2	0xE550    	MOV A, FARG_Lcd_Cmd_out_char
0x00D4	0x5402    	ANL A, #2
0x00D6	0xF8      	MOV R0, A
0x00D7	0x630002  	XRL R0, #2
0x00DA	0xE8      	MOV A, R0
0x00DB	0x6004    	JZ L__Lcd_Cmd36
0x00DD	0x7800    	MOV R0, #0
0x00DF	0x8002    	SJMP L__Lcd_Cmd37
L__Lcd_Cmd36:
0x00E1	0x7801    	MOV R0, #1
L__Lcd_Cmd37:
0x00E3	0xE8      	MOV A, R0
0x00E4	0x13      	RRC A
0x00E5	0x92B5    	MOV LCD_D5, C
;__Lib_Lcd.c,28 :: 		
0x00E7	0xE550    	MOV A, FARG_Lcd_Cmd_out_char
0x00E9	0x5401    	ANL A, #1
0x00EB	0xF8      	MOV R0, A
0x00EC	0x630001  	XRL R0, #1
0x00EF	0xE8      	MOV A, R0
0x00F0	0x6004    	JZ L__Lcd_Cmd38
0x00F2	0x7800    	MOV R0, #0
0x00F4	0x8002    	SJMP L__Lcd_Cmd39
L__Lcd_Cmd38:
0x00F6	0x7801    	MOV R0, #1
L__Lcd_Cmd39:
0x00F8	0xE8      	MOV A, R0
0x00F9	0x13      	RRC A
0x00FA	0x92B4    	MOV LCD_D4, C
;__Lib_Lcd.c,30 :: 		
0x00FC	0xE51D    	MOV A, _cmd_status
0x00FE	0x6004    	JZ L_Lcd_Cmd2
0x0100	0x7800    	MOV R0, #0
0x0102	0x8002    	SJMP L_Lcd_Cmd3
L_Lcd_Cmd2:
0x0104	0x7801    	MOV R0, #1
L_Lcd_Cmd3:
0x0106	0xE8      	MOV A, R0
0x0107	0x13      	RRC A
0x0108	0x9292    	MOV LCD_RS, C
;__Lib_Lcd.c,32 :: 		
0x010A	0xD295    	SETB LCD_EN
;__Lib_Lcd.c,33 :: 		
0x010C	0x112E    	ACALL _Delay_1us
;__Lib_Lcd.c,34 :: 		
0x010E	0xC295    	CLR LCD_EN
;__Lib_Lcd.c,36 :: 		
0x0110	0xE51D    	MOV A, _cmd_status
0x0112	0x6004    	JZ L_Lcd_Cmd4
;__Lib_Lcd.c,37 :: 		
0x0114	0x1136    	ACALL _Delay_5500us
0x0116	0x8002    	SJMP L_Lcd_Cmd5
L_Lcd_Cmd4:
;__Lib_Lcd.c,39 :: 		
0x0118	0x1130    	ACALL _Delay_50us
L_Lcd_Cmd5:
;__Lib_Lcd.c,40 :: 		
0x011A	0x22      	RET
; end of _Lcd_Cmd
_Delay_500us:
;__Lib_Delays.c,188 :: 		void Delay_500us() {
;__Lib_Delays.c,189 :: 		Delay_us(498);
0x011B	0x7FCF    	MOV R7, 207
0x011D	0xDFFE    	DJNZ R7, PC-2
;__Lib_Delays.c,190 :: 		}
0x011F	0x22      	RET
; end of _Delay_500us
_Delay_80us:
;__Lib_Delays.c,163 :: 		void Delay_80us() {
;__Lib_Delays.c,164 :: 		Delay_us(78);
0x0120	0x7F20    	MOV R7, 32
0x0122	0xDFFE    	DJNZ R7, PC-2
;__Lib_Delays.c,165 :: 		}
0x0124	0x22      	RET
; end of _Delay_80us
_Lcd_Chr_CP:
;__Lib_Lcd.c,42 :: 		
;__Lib_Lcd.c,44 :: 		
0x0125	0x751D00  	MOV _cmd_status, #0
;__Lib_Lcd.c,45 :: 		
0x0128	0x854F50  	MOV FARG_Lcd_Cmd_out_char, FARG_Lcd_Chr_CP_out_char+0
0x012B	0x1140    	ACALL _Lcd_Cmd
;__Lib_Lcd.c,46 :: 		
0x012D	0x751D01  	MOV _cmd_status, #1
;__Lib_Lcd.c,47 :: 		
0x0130	0x22      	RET
; end of _Lcd_Chr_CP
_LCD_Out:
;__Lib_Lcd.c,176 :: 		
;__Lib_Lcd.c,179 :: 		
0x0131	0x8019    	SJMP L_LCD_Out15
;__Lib_Lcd.c,180 :: 		
L_LCD_Out17:
0x0133	0x754B80  	MOV FARG_LCD_Out_row, #128
0x0136	0x802E    	SJMP L_LCD_Out16
;__Lib_Lcd.c,181 :: 		
L_LCD_Out18:
0x0138	0x754BC0  	MOV FARG_LCD_Out_row, #192
0x013B	0x8029    	SJMP L_LCD_Out16
;__Lib_Lcd.c,182 :: 		
L_LCD_Out19:
0x013D	0x754B94  	MOV FARG_LCD_Out_row, #148
0x0140	0x8024    	SJMP L_LCD_Out16
;__Lib_Lcd.c,183 :: 		
L_LCD_Out20:
0x0142	0x754BD4  	MOV FARG_LCD_Out_row, #212
0x0145	0x801F    	SJMP L_LCD_Out16
;__Lib_Lcd.c,184 :: 		
L_LCD_Out21:
0x0147	0x754B80  	MOV FARG_LCD_Out_row, #128
;__Lib_Lcd.c,185 :: 		
0x014A	0x801A    	SJMP L_LCD_Out16
L_LCD_Out15:
0x014C	0xE54B    	MOV A, FARG_LCD_Out_row
0x014E	0x6401    	XRL A, #1
0x0150	0x60E1    	JZ L_LCD_Out17
0x0152	0xE54B    	MOV A, FARG_LCD_Out_row
0x0154	0x6402    	XRL A, #2
0x0156	0x60E0    	JZ L_LCD_Out18
0x0158	0xE54B    	MOV A, FARG_LCD_Out_row
0x015A	0x6403    	XRL A, #3
0x015C	0x60DF    	JZ L_LCD_Out19
0x015E	0xE54B    	MOV A, FARG_LCD_Out_row
0x0160	0x6404    	XRL A, #4
0x0162	0x60DE    	JZ L_LCD_Out20
0x0164	0x80E1    	SJMP L_LCD_Out21
L_LCD_Out16:
;__Lib_Lcd.c,186 :: 		
0x0166	0xC3      	CLR C
0x0167	0xE54C    	MOV A, FARG_LCD_Out_column
0x0169	0x9401    	SUBB A, #1
0x016B	0xF8      	MOV R0, A
0x016C	0xE54B    	MOV A, FARG_LCD_Out_row
0x016E	0x28      	ADD A, R0
0x016F	0xF8      	MOV R0, A
0x0170	0x85004B  	MOV FARG_LCD_Out_row, 0
;__Lib_Lcd.c,188 :: 		
0x0173	0x850050  	MOV FARG_Lcd_Cmd_out_char, 0
0x0176	0x1140    	ACALL _Lcd_Cmd
;__Lib_Lcd.c,189 :: 		
0x0178	0x751D00  	MOV _cmd_status, #0
;__Lib_Lcd.c,190 :: 		
0x017B	0x754E00  	MOV LCD_Out_i_L0, #0
;__Lib_Lcd.c,191 :: 		
L_LCD_Out22:
0x017E	0xE54D    	MOV A, FARG_LCD_Out_text
0x0180	0x254E    	ADD A, LCD_Out_i_L0
0x0182	0xF8      	MOV R0, A
0x0183	0xE6      	MOV A, @R0
0x0184	0x600D    	JZ L_LCD_Out23
;__Lib_Lcd.c,192 :: 		
0x0186	0xE54D    	MOV A, FARG_LCD_Out_text
0x0188	0x254E    	ADD A, LCD_Out_i_L0
0x018A	0xF8      	MOV R0, A
0x018B	0x864F    	MOV FARG_Lcd_Chr_CP_out_char, @R0
0x018D	0x3125    	ACALL _Lcd_Chr_CP
0x018F	0x054E    	INC LCD_Out_i_L0
0x0191	0x80EB    	SJMP L_LCD_Out22
L_LCD_Out23:
;__Lib_Lcd.c,193 :: 		
0x0193	0x751D01  	MOV _cmd_status, #1
;__Lib_Lcd.c,194 :: 		
0x0196	0x22      	RET
; end of _LCD_Out
_Ow_Read:
;__Lib_OneWire.c,16 :: 		
;__Lib_OneWire.c,18 :: 		
0x0197	0x754C00  	MOV Ow_Read_tmp_L0, #0
;__Lib_OneWire.c,19 :: 		
0x019A	0x754B00  	MOV Ow_Read_i_L0, #0
L_Ow_Read0:
0x019D	0xD3      	SETB C
0x019E	0xE54B    	MOV A, Ow_Read_i_L0
0x01A0	0x9407    	SUBB A, #7
0x01A2	0x5022    	JNC L_Ow_Read1
;__Lib_OneWire.c,21 :: 		
0x01A4	0xC2A1    	CLR OW_Bit
;__Lib_OneWire.c,22 :: 		
0x01A6	0x112E    	ACALL _Delay_1us
;__Lib_OneWire.c,23 :: 		
0x01A8	0xD2A1    	SETB OW_Bit
;__Lib_OneWire.c,24 :: 		
0x01AA	0x112E    	ACALL _Delay_1us
;__Lib_OneWire.c,25 :: 		
0x01AC	0xA2A1    	MOV C, OW_Bit
0x01AE	0xE4      	CLR A
0x01AF	0x33      	RLC A
0x01B0	0xFA      	MOV R2, A
0x01B1	0xA94B    	MOV R1, Ow_Read_i_L0
0x01B3	0xEA      	MOV A, R2
0x01B4	0x09      	INC R1
0x01B5	0x8002    	SJMP L__Ow_Read6
L__Ow_Read7:
0x01B7	0xC3      	CLR C
0x01B8	0x33      	RLC A
L__Ow_Read6:
0x01B9	0xD9FC    	DJNZ R1, L__Ow_Read7
0x01BB	0xF8      	MOV R0, A
0x01BC	0x424C    	ORL Ow_Read_tmp_L0, A
;__Lib_OneWire.c,26 :: 		
0x01BE	0x1130    	ACALL _Delay_50us
;__Lib_OneWire.c,27 :: 		
0x01C0	0x1130    	ACALL _Delay_50us
;__Lib_OneWire.c,19 :: 		
0x01C2	0x054B    	INC Ow_Read_i_L0
;__Lib_OneWire.c,28 :: 		
0x01C4	0x80D7    	SJMP L_Ow_Read0
L_Ow_Read1:
;__Lib_OneWire.c,29 :: 		
0x01C6	0xA84C    	MOV R0, Ow_Read_tmp_L0
;__Lib_OneWire.c,30 :: 		
0x01C8	0x22      	RET
; end of _Ow_Read
_Ow_Write:
;__Lib_OneWire.c,33 :: 		
;__Lib_OneWire.c,35 :: 		
0x01C9	0x754C00  	MOV Ow_Write_i_L0, #0
L_Ow_Write3:
0x01CC	0xD3      	SETB C
0x01CD	0xE54C    	MOV A, Ow_Write_i_L0
0x01CF	0x9407    	SUBB A, #7
0x01D1	0x5020    	JNC L_Ow_Write4
;__Lib_OneWire.c,36 :: 		
0x01D3	0xA84C    	MOV R0, Ow_Write_i_L0
0x01D5	0xE54B    	MOV A, FARG_Ow_Write_par
0x01D7	0x08      	INC R0
0x01D8	0x8002    	SJMP L__Ow_Write8
L__Ow_Write9:
0x01DA	0xC3      	CLR C
0x01DB	0x13      	RRC A
L__Ow_Write8:
0x01DC	0xD8FC    	DJNZ R0, L__Ow_Write9
0x01DE	0xF54D    	MOV Ow_Write_j_L0, A
;__Lib_OneWire.c,38 :: 		
0x01E0	0xC2A1    	CLR OW_Bit
;__Lib_OneWire.c,39 :: 		
0x01E2	0x112E    	ACALL _Delay_1us
;__Lib_OneWire.c,40 :: 		
0x01E4	0x112E    	ACALL _Delay_1us
;__Lib_OneWire.c,41 :: 		
0x01E6	0xE54D    	MOV A, Ow_Write_j_L0
0x01E8	0x13      	RRC A
0x01E9	0x92A1    	MOV OW_Bit, C
;__Lib_OneWire.c,42 :: 		
0x01EB	0x3120    	ACALL _Delay_80us
;__Lib_OneWire.c,43 :: 		
0x01ED	0xD2A1    	SETB OW_Bit
;__Lib_OneWire.c,35 :: 		
0x01EF	0x054C    	INC Ow_Write_i_L0
;__Lib_OneWire.c,44 :: 		
0x01F1	0x80D9    	SJMP L_Ow_Write3
L_Ow_Write4:
;__Lib_OneWire.c,45 :: 		
0x01F3	0x1130    	ACALL _Delay_50us
;__Lib_OneWire.c,46 :: 		
0x01F5	0x1130    	ACALL _Delay_50us
;__Lib_OneWire.c,47 :: 		
0x01F7	0x22      	RET
; end of _Ow_Write
_Div_16x16_U:
;__Lib_Math.c,273 :: 		
;__Lib_Math.c,275 :: 		
0x01F8	0xBD000B  	CJNE R5, 0, __op2hi_not_zero
;__Lib_Math.c,276 :: 		
0x01FB	0xB90029  	CJNE R1, 0, __op1hi_not_zero
;__Lib_Math.c,277 :: 		
0x01FE	0xE8      	MOV A, R0
;__Lib_Math.c,278 :: 		
0x01FF	0x8CF0    	MOV B, R4
;__Lib_Math.c,279 :: 		
0x0201	0x84      	DIV AB
;__Lib_Math.c,280 :: 		
0x0202	0xF8      	MOV R0, A
;__Lib_Math.c,281 :: 		
0x0203	0xACF0    	MOV R4, B
;__Lib_Math.c,282 :: 		
0x0205	0x22      	RET
;__Lib_Math.c,284 :: 		
__op2hi_not_zero:
;__Lib_Math.c,285 :: 		
0x0206	0xE4      	CLR A
;__Lib_Math.c,286 :: 		
0x0207	0xCD      	XCH A, R5
;__Lib_Math.c,287 :: 		
0x0208	0xFF      	MOV R7, A
;__Lib_Math.c,288 :: 		
0x0209	0x75F008  	MOV B, 8
;__Lib_Math.c,290 :: 		
__Div_16x16_U_Loop1:
;__Lib_Math.c,291 :: 		
0x020C	0xE8      	MOV A, R0
;__Lib_Math.c,292 :: 		
0x020D	0x28      	ADD A, R0
;__Lib_Math.c,293 :: 		
0x020E	0xF8      	MOV R0, A
;__Lib_Math.c,294 :: 		
0x020F	0xE9      	MOV A, R1
;__Lib_Math.c,295 :: 		
0x0210	0x33      	RLC A
;__Lib_Math.c,296 :: 		
0x0211	0xF9      	MOV R1, A
;__Lib_Math.c,297 :: 		
0x0212	0xED      	MOV A, R5
;__Lib_Math.c,298 :: 		
0x0213	0x33      	RLC A
;__Lib_Math.c,299 :: 		
0x0214	0xFD      	MOV R5, A
;__Lib_Math.c,300 :: 		
0x0215	0xE9      	MOV A, R1
;__Lib_Math.c,301 :: 		
0x0216	0x9C      	SUBB A, R4
;__Lib_Math.c,302 :: 		
0x0217	0xED      	MOV A, R5
;__Lib_Math.c,303 :: 		
0x0218	0x9F      	SUBB A, R7
;__Lib_Math.c,304 :: 		
0x0219	0x4005    	JC __Div_16x16_U_Lab1
;__Lib_Math.c,305 :: 		
0x021B	0xFD      	MOV R5, A
;__Lib_Math.c,306 :: 		
0x021C	0xE9      	MOV A, R1
;__Lib_Math.c,307 :: 		
0x021D	0x9C      	SUBB A, R4
;__Lib_Math.c,308 :: 		
0x021E	0xF9      	MOV R1, A
;__Lib_Math.c,309 :: 		
0x021F	0x08      	INC R0
;__Lib_Math.c,311 :: 		
__Div_16x16_U_Lab1:
;__Lib_Math.c,312 :: 		
0x0220	0xD5F0E9  	DJNZ B, __Div_16x16_U_Loop1
;__Lib_Math.c,313 :: 		
0x0223	0xE4      	CLR A
;__Lib_Math.c,314 :: 		
0x0224	0xC9      	XCH A, R1
;__Lib_Math.c,315 :: 		
0x0225	0xFC      	MOV R4, A
;__Lib_Math.c,316 :: 		
0x0226	0x22      	RET
;__Lib_Math.c,318 :: 		
__op1hi_not_zero:
;__Lib_Math.c,319 :: 		
0x0227	0xEC      	MOV A, R4
;__Lib_Math.c,320 :: 		
0x0228	0xFF      	MOV R7, A
;__Lib_Math.c,321 :: 		
0x0229	0xF5F0    	MOV B, A
;__Lib_Math.c,322 :: 		
0x022B	0xE9      	MOV A, R1
;__Lib_Math.c,323 :: 		
0x022C	0x84      	DIV AB
;__Lib_Math.c,324 :: 		
0x022D	0x20D21C  	JB OV_bit, __Div_16x16_U_div_ret
;__Lib_Math.c,325 :: 		
0x0230	0xF9      	MOV R1, A
;__Lib_Math.c,326 :: 		
0x0231	0xACF0    	MOV R4, B
;__Lib_Math.c,327 :: 		
0x0233	0x75F008  	MOV B, 8
;__Lib_Math.c,329 :: 		
__Div_16x16_U_Loop2:
;__Lib_Math.c,330 :: 		
0x0236	0xE8      	MOV A, R0
;__Lib_Math.c,331 :: 		
0x0237	0x28      	ADD A, R0
;__Lib_Math.c,332 :: 		
0x0238	0xF8      	MOV R0, A
;__Lib_Math.c,333 :: 		
0x0239	0xEC      	MOV A, R4
;__Lib_Math.c,334 :: 		
0x023A	0x33      	RLC A
;__Lib_Math.c,335 :: 		
0x023B	0xFC      	MOV R4, A
;__Lib_Math.c,336 :: 		
0x023C	0x4007    	JC __Div_16x16_U_Lab2
;__Lib_Math.c,337 :: 		
0x023E	0x9F      	SUBB A, R7
;__Lib_Math.c,338 :: 		
0x023F	0x5006    	JNC __Div_16x16_U_Lab3
;__Lib_Math.c,339 :: 		
0x0241	0xD5F0F2  	DJNZ B, __Div_16x16_U_Loop2
;__Lib_Math.c,340 :: 		
0x0244	0x22      	RET
;__Lib_Math.c,342 :: 		
__Div_16x16_U_Lab2:
;__Lib_Math.c,343 :: 		
0x0245	0xC3      	CLR C
;__Lib_Math.c,344 :: 		
0x0246	0x9F      	SUBB A, R7
;__Lib_Math.c,345 :: 		
__Div_16x16_U_Lab3:
;__Lib_Math.c,346 :: 		
0x0247	0xFC      	MOV R4, A
;__Lib_Math.c,347 :: 		
0x0248	0x08      	INC R0
;__Lib_Math.c,348 :: 		
0x0249	0xD5F0EA  	DJNZ B, __Div_16x16_U_Loop2
;__Lib_Math.c,350 :: 		
__Div_16x16_U_div_ret:
;__Lib_Math.c,352 :: 		
0x024C	0x22      	RET
; end of _Div_16x16_U
_Mul_16x16:
;__Lib_Math.c,112 :: 		
;__Lib_Math.c,114 :: 		
0x024D	0xE8      	MOV A, R0
;__Lib_Math.c,115 :: 		
0x024E	0x8CF0    	MOV B, R4
;__Lib_Math.c,116 :: 		
0x0250	0xA4      	MUL AB
;__Lib_Math.c,117 :: 		
0x0251	0xAFF0    	MOV R7, B
;__Lib_Math.c,118 :: 		
0x0253	0xC8      	XCH A, R0
;__Lib_Math.c,119 :: 		
0x0254	0x8DF0    	MOV B, R5
;__Lib_Math.c,120 :: 		
0x0256	0xA4      	MUL AB
;__Lib_Math.c,121 :: 		
0x0257	0x2F      	ADD A, R7
;__Lib_Math.c,122 :: 		
0x0258	0xC9      	XCH A, R1
;__Lib_Math.c,123 :: 		
0x0259	0x8CF0    	MOV B, R4
;__Lib_Math.c,124 :: 		
0x025B	0xA4      	MUL AB
;__Lib_Math.c,125 :: 		
0x025C	0x29      	ADD A, R1
;__Lib_Math.c,126 :: 		
0x025D	0xF9      	MOV R1, A
;__Lib_Math.c,128 :: 		
0x025E	0x22      	RET
; end of _Mul_16x16
_Ow_Reset:
;__Lib_OneWire.c,4 :: 		
;__Lib_OneWire.c,6 :: 		
0x025F	0xC2A1    	CLR OW_Bit
;__Lib_OneWire.c,7 :: 		
0x0261	0x311B    	ACALL _Delay_500us
;__Lib_OneWire.c,8 :: 		
0x0263	0xD2A1    	SETB OW_Bit
;__Lib_OneWire.c,9 :: 		
0x0265	0x3120    	ACALL _Delay_80us
;__Lib_OneWire.c,10 :: 		
0x0267	0xA2A1    	MOV C, OW_Bit
0x0269	0xE4      	CLR A
0x026A	0x33      	RLC A
0x026B	0xF54B    	MOV Ow_Reset_res_L0, A
;__Lib_OneWire.c,11 :: 		
0x026D	0x311B    	ACALL _Delay_500us
;__Lib_OneWire.c,12 :: 		
0x026F	0xA84B    	MOV R0, Ow_Reset_res_L0
;__Lib_OneWire.c,13 :: 		
0x0271	0x22      	RET
; end of _Ow_Reset
_Display_Temperature:
;temperatura.c,166 :: 		void Display_Temperature(unsigned int temp2write) {
;temperatura.c,172 :: 		if (temp2write & 0x8000) {
0x0272	0xE52B    	MOV A, FARG_Display_Temperature_temp2write
0x0274	0x5400    	ANL A, #0
0x0276	0xF8      	MOV R0, A
0x0277	0xE52C    	MOV A, FARG_Display_Temperature_temp2write+1
0x0279	0x5480    	ANL A, #128
0x027B	0xF9      	MOV R1, A
0x027C	0xE8      	MOV A, R0
0x027D	0x49      	ORL A, R1
0x027E	0x6015    	JZ L_Display_Temperature18
;temperatura.c,173 :: 		text[0] = '-';
0x0280	0x753C2D  	MOV _text, #45
;temperatura.c,174 :: 		temp2write = ~temp2write + 1;
0x0283	0x632BFF  	XRL FARG_Display_Temperature_temp2write, #255
0x0286	0x632CFF  	XRL FARG_Display_Temperature_temp2write+1, #255
0x0289	0x7401    	MOV A, #1
0x028B	0x252B    	ADD A, FARG_Display_Temperature_temp2write
0x028D	0xF52B    	MOV FARG_Display_Temperature_temp2write, A
0x028F	0x7400    	MOV A, #0
0x0291	0x352C    	ADDC A, FARG_Display_Temperature_temp2write+1
0x0293	0xF52C    	MOV FARG_Display_Temperature_temp2write+1, A
;temperatura.c,175 :: 		}
L_Display_Temperature18:
;temperatura.c,178 :: 		temp_whole = temp2write >> RES_SHIFT ;
0x0295	0x7A01    	MOV R2, #1
0x0297	0xE52C    	MOV A, FARG_Display_Temperature_temp2write+1
0x0299	0xA82B    	MOV R0, FARG_Display_Temperature_temp2write
0x029B	0x0A      	INC R2
0x029C	0x8005    	SJMP L__Display_Temperature21
L__Display_Temperature22:
0x029E	0xC3      	CLR C
0x029F	0x13      	RRC A
0x02A0	0xC8      	XCH A, R0
0x02A1	0x13      	RRC A
0x02A2	0xC8      	XCH A, R0
L__Display_Temperature21:
0x02A3	0xDAF9    	DJNZ R2, L__Display_Temperature22
0x02A5	0xF9      	MOV R1, A
0x02A6	0x85002D  	MOV Display_Temperature_temp_whole_L0, 0
;temperatura.c,181 :: 		if (temp_whole/100)
0x02A9	0x75F064  	MOV B, #100
0x02AC	0xE8      	MOV A, R0
0x02AD	0x84      	DIV AB
0x02AE	0xF8      	MOV R0, A
0x02AF	0x600D    	JZ L_Display_Temperature19
;temperatura.c,182 :: 		text[0] = temp_whole/100  + 48;
0x02B1	0x75F064  	MOV B, #100
0x02B4	0xE52D    	MOV A, Display_Temperature_temp_whole_L0
0x02B6	0x84      	DIV AB
0x02B7	0xF8      	MOV R0, A
0x02B8	0x2430    	ADD A, #48
0x02BA	0xF53C    	MOV _text, A
0x02BC	0x8003    	SJMP L_Display_Temperature20
L_Display_Temperature19:
;temperatura.c,184 :: 		text[0] = '0';
0x02BE	0x753C30  	MOV _text, #48
L_Display_Temperature20:
;temperatura.c,186 :: 		text[1] = (temp_whole/10)%10 + 48;             // Extract tens digit
0x02C1	0x75F00A  	MOV B, #10
0x02C4	0xE52D    	MOV A, Display_Temperature_temp_whole_L0
0x02C6	0x84      	DIV AB
0x02C7	0xF8      	MOV R0, A
0x02C8	0x75F00A  	MOV B, #10
0x02CB	0xE8      	MOV A, R0
0x02CC	0x84      	DIV AB
0x02CD	0xE5F0    	MOV A, B
0x02CF	0xF8      	MOV R0, A
0x02D0	0x2430    	ADD A, #48
0x02D2	0xF8      	MOV R0, A
0x02D3	0x85003D  	MOV _text+1, 0
;temperatura.c,187 :: 		text1[0]=text[1];
0x02D6	0x850030  	MOV _text1, 0
;temperatura.c,188 :: 		text[2] =  temp_whole%10     + 48;             // Extract ones digit
0x02D9	0x75F00A  	MOV B, #10
0x02DC	0xE52D    	MOV A, Display_Temperature_temp_whole_L0
0x02DE	0x84      	DIV AB
0x02DF	0xE5F0    	MOV A, B
0x02E1	0xF8      	MOV R0, A
0x02E2	0x2430    	ADD A, #48
0x02E4	0xF8      	MOV R0, A
0x02E5	0x85003E  	MOV _text+2, 0
;temperatura.c,189 :: 		text1[1]=text[2];
0x02E8	0x850031  	MOV _text1+1, 0
;temperatura.c,191 :: 		temp_fraction  = temp2write << (4-RES_SHIFT);
0x02EB	0x7A03    	MOV R2, #3
0x02ED	0xA92C    	MOV R1, FARG_Display_Temperature_temp2write+1
0x02EF	0xE52B    	MOV A, FARG_Display_Temperature_temp2write
0x02F1	0x0A      	INC R2
0x02F2	0x8005    	SJMP L__Display_Temperature23
L__Display_Temperature24:
0x02F4	0xC3      	CLR C
0x02F5	0x33      	RLC A
0x02F6	0xC9      	XCH A, R1
0x02F7	0x33      	RLC A
0x02F8	0xC9      	XCH A, R1
L__Display_Temperature23:
0x02F9	0xDAF9    	DJNZ R2, L__Display_Temperature24
0x02FB	0xF8      	MOV R0, A
0x02FC	0x85002E  	MOV Display_Temperature_temp_fraction_L0, 0
0x02FF	0x85012F  	MOV Display_Temperature_temp_fraction_L0+1, 1
;temperatura.c,192 :: 		temp_fraction &= 0x000F;
0x0302	0x53000F  	ANL R0, #15
0x0305	0x530100  	ANL R1, #0
0x0308	0x85002E  	MOV Display_Temperature_temp_fraction_L0, 0
0x030B	0x85012F  	MOV Display_Temperature_temp_fraction_L0+1, 1
;temperatura.c,193 :: 		temp_fraction *= 625;
0x030E	0x7C71    	MOV R4, #113
0x0310	0x7D02    	MOV R5, #2
0x0312	0x514D    	ACALL _Mul_16x16
0x0314	0x85002E  	MOV Display_Temperature_temp_fraction_L0, 0
0x0317	0x85012F  	MOV Display_Temperature_temp_fraction_L0+1, 1
;temperatura.c,196 :: 		text[4] =  temp_fraction/1000    + 48;         // Extract thousands digit
0x031A	0x7CE8    	MOV R4, #232
0x031C	0x7D03    	MOV R5, #3
0x031E	0x31F8    	ACALL _Div_16x16_U
0x0320	0x7430    	MOV A, #48
0x0322	0x28      	ADD A, R0
0x0323	0xF540    	MOV _text+4, A
;temperatura.c,197 :: 		text[5] = (temp_fraction/100)%10 + 48;         // Extract hundreds digit
0x0325	0x7C64    	MOV R4, #100
0x0327	0x7D00    	MOV R5, #0
0x0329	0xA82E    	MOV R0, Display_Temperature_temp_fraction_L0
0x032B	0xA92F    	MOV R1, Display_Temperature_temp_fraction_L0+1
0x032D	0x31F8    	ACALL _Div_16x16_U
0x032F	0x7C0A    	MOV R4, #10
0x0331	0x7D00    	MOV R5, #0
0x0333	0x31F8    	ACALL _Div_16x16_U
0x0335	0xA804    	MOV R0, R4
0x0337	0xA905    	MOV R1, R5
0x0339	0x7430    	MOV A, #48
0x033B	0x28      	ADD A, R0
0x033C	0xF541    	MOV _text+5, A
;temperatura.c,198 :: 		text[6] = (temp_fraction/10)%10  + 48;         // Extract tens digit
0x033E	0x7C0A    	MOV R4, #10
0x0340	0x7D00    	MOV R5, #0
0x0342	0xA82E    	MOV R0, Display_Temperature_temp_fraction_L0
0x0344	0xA92F    	MOV R1, Display_Temperature_temp_fraction_L0+1
0x0346	0x31F8    	ACALL _Div_16x16_U
0x0348	0x7C0A    	MOV R4, #10
0x034A	0x7D00    	MOV R5, #0
0x034C	0x31F8    	ACALL _Div_16x16_U
0x034E	0xA804    	MOV R0, R4
0x0350	0xA905    	MOV R1, R5
0x0352	0x7430    	MOV A, #48
0x0354	0x28      	ADD A, R0
0x0355	0xF542    	MOV _text+6, A
;temperatura.c,199 :: 		text[7] =  temp_fraction%10      + 48;         // Extract ones digit
0x0357	0x7C0A    	MOV R4, #10
0x0359	0x7D00    	MOV R5, #0
0x035B	0xA82E    	MOV R0, Display_Temperature_temp_fraction_L0
0x035D	0xA92F    	MOV R1, Display_Temperature_temp_fraction_L0+1
0x035F	0x31F8    	ACALL _Div_16x16_U
0x0361	0xA804    	MOV R0, R4
0x0363	0xA905    	MOV R1, R5
0x0365	0x7430    	MOV A, #48
0x0367	0x28      	ADD A, R0
0x0368	0xF543    	MOV _text+7, A
;temperatura.c,200 :: 		text1[3]=text[4];
0x036A	0x854033  	MOV _text1+3, _text+4
;temperatura.c,201 :: 		text1[4]=text[5];
0x036D	0x854134  	MOV _text1+4, _text+5
;temperatura.c,205 :: 		Lcd_Out(2, 9, text1);
0x0370	0x754B02  	MOV FARG_LCD_Out_row, #2
0x0373	0x754C09  	MOV FARG_LCD_Out_column, #9
0x0376	0x754D30  	MOV FARG_LCD_Out_text, #_text1+0
0x0379	0x3131    	ACALL _LCD_Out
;temperatura.c,206 :: 		}
0x037B	0x22      	RET
; end of _Display_Temperature
_UART1_Write:
;__Lib_UART_Timer1.c,27 :: 		
;__Lib_UART_Timer1.c,28 :: 		
0x037C	0xC299    	CLR SCON.B1
;__Lib_UART_Timer1.c,29 :: 		
0x037E	0x852B99  	MOV SBUF, FARG_UART1_Write_data_+0
;__Lib_UART_Timer1.c,30 :: 		
L_UART1_Write0:
0x0381	0x209902  	JB SCON.B1, L_UART1_Write1
;__Lib_UART_Timer1.c,31 :: 		
0x0384	0x80FB    	SJMP L_UART1_Write0
L_UART1_Write1:
;__Lib_UART_Timer1.c,32 :: 		
0x0386	0xC299    	CLR SCON.B1
;__Lib_UART_Timer1.c,33 :: 		
0x0388	0x22      	RET
; end of _UART1_Write
_CopyConst2Ram:
;temperatura.c,30 :: 		char * CopyConst2Ram(char * dest, const char * src){
;temperatura.c,32 :: 		d = dest;
0x0389	0x852B2E  	MOV CopyConst2Ram_d_L0, FARG_CopyConst2Ram_dest+0
;temperatura.c,33 :: 		for(;*dest++ = *src++;)
L_CopyConst2Ram0:
0x038C	0xA82B    	MOV R0, FARG_CopyConst2Ram_dest
0x038E	0x052B    	INC FARG_CopyConst2Ram_dest
0x0390	0xAA2C    	MOV R2, FARG_CopyConst2Ram_src
0x0392	0xAB2D    	MOV R3, FARG_CopyConst2Ram_src+1
0x0394	0x7401    	MOV A, #1
0x0396	0x252C    	ADD A, FARG_CopyConst2Ram_src
0x0398	0xF52C    	MOV FARG_CopyConst2Ram_src, A
0x039A	0x7400    	MOV A, #0
0x039C	0x352D    	ADDC A, FARG_CopyConst2Ram_src+1
0x039E	0xF52D    	MOV FARG_CopyConst2Ram_src+1, A
0x03A0	0x850282  	MOV DPL, 2
0x03A3	0x850383  	MOV DPH, 3
0x03A6	0xE4      	CLR A
0x03A7	0x93      	MOVC A, @A+DPTR
0x03A8	0xF9      	MOV R1, A
0x03A9	0xA601    	MOV @R0, R1
0x03AB	0xE6      	MOV A, @R0
0x03AC	0x6002    	JZ L_CopyConst2Ram1
;temperatura.c,34 :: 		;
0x03AE	0x80DC    	SJMP L_CopyConst2Ram0
L_CopyConst2Ram1:
;temperatura.c,35 :: 		return d;
0x03B0	0xA82E    	MOV R0, CopyConst2Ram_d_L0
;temperatura.c,36 :: 		}
0x03B2	0x22      	RET
; end of _CopyConst2Ram
_Citeste_temp:
;temperatura.c,149 :: 		void Citeste_temp()  {
;temperatura.c,151 :: 		Ow_Reset();                                  // Onewire reset signal
0x03B3	0x515F    	ACALL _Ow_Reset
;temperatura.c,152 :: 		Ow_Write(0xCC);                              // Issue command SKIP_ROM
0x03B5	0x754BCC  	MOV FARG_Ow_Write_par, #204
0x03B8	0x31C9    	ACALL _Ow_Write
;temperatura.c,153 :: 		Ow_Write(0x44);                              // Issue command CONVERT_T
0x03BA	0x754B44  	MOV FARG_Ow_Write_par, #68
0x03BD	0x31C9    	ACALL _Ow_Write
;temperatura.c,154 :: 		Delay_us(120);
0x03BF	0x7F31    	MOV R7, 49
0x03C1	0xDFFE    	DJNZ R7, PC-2
0x03C3	0x00      	NOP
;temperatura.c,156 :: 		Ow_Reset();
0x03C4	0x515F    	ACALL _Ow_Reset
;temperatura.c,157 :: 		Ow_Write(0xCC);                              // Issue command SKIP_ROM
0x03C6	0x754BCC  	MOV FARG_Ow_Write_par, #204
0x03C9	0x31C9    	ACALL _Ow_Write
;temperatura.c,158 :: 		Ow_Write(0xBE);                              // Issue command READ_SCRATCHPAD
0x03CB	0x754BBE  	MOV FARG_Ow_Write_par, #190
0x03CE	0x31C9    	ACALL _Ow_Write
;temperatura.c,160 :: 		temp =  Ow_Read();
0x03D0	0x3197    	ACALL _Ow_Read
0x03D2	0x850008  	MOV _temp, 0
0x03D5	0xE4      	CLR A
0x03D6	0xF509    	MOV _temp+1, A
;temperatura.c,161 :: 		temp = (Ow_Read() << 8) + temp;
0x03D8	0x3197    	ACALL _Ow_Read
0x03DA	0xA900    	MOV R1, R0
0x03DC	0x7800    	MOV R0, #0
0x03DE	0x7A00    	MOV R2, #0
0x03E0	0xE8      	MOV A, R0
0x03E1	0x2508    	ADD A, _temp
0x03E3	0xF508    	MOV _temp, A
0x03E5	0xE9      	MOV A, R1
0x03E6	0x3509    	ADDC A, _temp+1
0x03E8	0xF509    	MOV _temp+1, A
;temperatura.c,162 :: 		}
0x03EA	0x22      	RET
; end of _Citeste_temp
_Lcd_Chr:
;__Lib_Lcd.c,57 :: 		
;__Lib_Lcd.c,58 :: 		
0x03EB	0x8019    	SJMP L_Lcd_Chr8
;__Lib_Lcd.c,59 :: 		
L_Lcd_Chr10:
0x03ED	0x752B80  	MOV FARG_Lcd_Chr_row, #128
0x03F0	0x802E    	SJMP L_Lcd_Chr9
;__Lib_Lcd.c,60 :: 		
L_Lcd_Chr11:
0x03F2	0x752BC0  	MOV FARG_Lcd_Chr_row, #192
0x03F5	0x8029    	SJMP L_Lcd_Chr9
;__Lib_Lcd.c,61 :: 		
L_Lcd_Chr12:
0x03F7	0x752B94  	MOV FARG_Lcd_Chr_row, #148
0x03FA	0x8024    	SJMP L_Lcd_Chr9
;__Lib_Lcd.c,62 :: 		
L_Lcd_Chr13:
0x03FC	0x752BD4  	MOV FARG_Lcd_Chr_row, #212
0x03FF	0x801F    	SJMP L_Lcd_Chr9
;__Lib_Lcd.c,63 :: 		
L_Lcd_Chr14:
0x0401	0x752B80  	MOV FARG_Lcd_Chr_row, #128
;__Lib_Lcd.c,64 :: 		
0x0404	0x801A    	SJMP L_Lcd_Chr9
L_Lcd_Chr8:
0x0406	0xE52B    	MOV A, FARG_Lcd_Chr_row
0x0408	0x6401    	XRL A, #1
0x040A	0x60E1    	JZ L_Lcd_Chr10
0x040C	0xE52B    	MOV A, FARG_Lcd_Chr_row
0x040E	0x6402    	XRL A, #2
0x0410	0x60E0    	JZ L_Lcd_Chr11
0x0412	0xE52B    	MOV A, FARG_Lcd_Chr_row
0x0414	0x6403    	XRL A, #3
0x0416	0x60DF    	JZ L_Lcd_Chr12
0x0418	0xE52B    	MOV A, FARG_Lcd_Chr_row
0x041A	0x6404    	XRL A, #4
0x041C	0x60DE    	JZ L_Lcd_Chr13
0x041E	0x80E1    	SJMP L_Lcd_Chr14
L_Lcd_Chr9:
;__Lib_Lcd.c,66 :: 		
0x0420	0xC3      	CLR C
0x0421	0xE52C    	MOV A, FARG_Lcd_Chr_column
0x0423	0x9401    	SUBB A, #1
0x0425	0xF8      	MOV R0, A
0x0426	0xE52B    	MOV A, FARG_Lcd_Chr_row
0x0428	0x28      	ADD A, R0
0x0429	0xF8      	MOV R0, A
0x042A	0x85002B  	MOV FARG_Lcd_Chr_row, 0
;__Lib_Lcd.c,68 :: 		
0x042D	0x751D01  	MOV _cmd_status, #1
;__Lib_Lcd.c,69 :: 		
0x0430	0x850050  	MOV FARG_Lcd_Cmd_out_char, 0
0x0433	0x1140    	ACALL _Lcd_Cmd
;__Lib_Lcd.c,71 :: 		
0x0435	0x751D00  	MOV _cmd_status, #0
;__Lib_Lcd.c,72 :: 		
0x0438	0x852D50  	MOV FARG_Lcd_Cmd_out_char, FARG_Lcd_Chr_out_char+0
0x043B	0x1140    	ACALL _Lcd_Cmd
;__Lib_Lcd.c,73 :: 		
0x043D	0x751D01  	MOV _cmd_status, #1
;__Lib_Lcd.c,74 :: 		
0x0440	0x22      	RET
; end of _Lcd_Chr
_UART1_Write_Text:
;__Lib_UART_Timer1.c,48 :: 		
;__Lib_UART_Timer1.c,49 :: 		
0x0441	0x752900  	MOV UART1_Write_Text_counter_L0, #0
;__Lib_UART_Timer1.c,50 :: 		
0x0444	0xA828    	MOV R0, FARG_UART1_Write_Text_uart_text
0x0446	0x862A    	MOV UART1_Write_Text_data__L0, @R0
;__Lib_UART_Timer1.c,51 :: 		
L_UART1_Write_Text2:
0x0448	0xE52A    	MOV A, UART1_Write_Text_data__L0
0x044A	0x6010    	JZ L_UART1_Write_Text3
;__Lib_UART_Timer1.c,52 :: 		
0x044C	0x852A2B  	MOV FARG_UART1_Write_data_, UART1_Write_Text_data__L0+0
0x044F	0x717C    	ACALL _UART1_Write
;__Lib_UART_Timer1.c,53 :: 		
0x0451	0x0529    	INC UART1_Write_Text_counter_L0
;__Lib_UART_Timer1.c,54 :: 		
0x0453	0xE528    	MOV A, FARG_UART1_Write_Text_uart_text
0x0455	0x2529    	ADD A, UART1_Write_Text_counter_L0
0x0457	0xF8      	MOV R0, A
0x0458	0x862A    	MOV UART1_Write_Text_data__L0, @R0
;__Lib_UART_Timer1.c,55 :: 		
0x045A	0x80EC    	SJMP L_UART1_Write_Text2
L_UART1_Write_Text3:
;__Lib_UART_Timer1.c,56 :: 		
0x045C	0x22      	RET
; end of _UART1_Write_Text
_UART1_Read:
;__Lib_UART_Timer1.c,39 :: 		
;__Lib_UART_Timer1.c,40 :: 		
0x045D	0xC298    	CLR SCON.B0
;__Lib_UART_Timer1.c,41 :: 		
0x045F	0xA899    	MOV R0, SBUF
;__Lib_UART_Timer1.c,42 :: 		
0x0461	0x22      	RET
; end of _UART1_Read
_Lcd_Init:
;__Lib_Lcd.c,76 :: 		
;__Lib_Lcd.c,78 :: 		
0x0462	0xC295    	CLR LCD_EN
;__Lib_Lcd.c,80 :: 		
0x0464	0xC292    	CLR LCD_RS
;__Lib_Lcd.c,83 :: 		
0x0466	0x1136    	ACALL _Delay_5500us
;__Lib_Lcd.c,84 :: 		
0x0468	0x1136    	ACALL _Delay_5500us
;__Lib_Lcd.c,85 :: 		
0x046A	0x1136    	ACALL _Delay_5500us
;__Lib_Lcd.c,87 :: 		
0x046C	0xC2B7    	CLR LCD_D7
;__Lib_Lcd.c,88 :: 		
0x046E	0xC2B6    	CLR LCD_D6
;__Lib_Lcd.c,89 :: 		
0x0470	0xC2B5    	CLR LCD_D5
;__Lib_Lcd.c,90 :: 		
0x0472	0xC2B4    	CLR LCD_D4
;__Lib_Lcd.c,93 :: 		
0x0474	0xD2B5    	SETB LCD_D5
;__Lib_Lcd.c,94 :: 		
0x0476	0xD2B4    	SETB LCD_D4
;__Lib_Lcd.c,95 :: 		
0x0478	0xD295    	SETB LCD_EN
;__Lib_Lcd.c,96 :: 		
0x047A	0x112E    	ACALL _Delay_1us
;__Lib_Lcd.c,97 :: 		
0x047C	0xC295    	CLR LCD_EN
;__Lib_Lcd.c,98 :: 		
0x047E	0x1136    	ACALL _Delay_5500us
;__Lib_Lcd.c,100 :: 		
0x0480	0xD295    	SETB LCD_EN
;__Lib_Lcd.c,101 :: 		
0x0482	0x112E    	ACALL _Delay_1us
;__Lib_Lcd.c,102 :: 		
0x0484	0xC295    	CLR LCD_EN
;__Lib_Lcd.c,103 :: 		
0x0486	0x1136    	ACALL _Delay_5500us
;__Lib_Lcd.c,105 :: 		
0x0488	0xD295    	SETB LCD_EN
;__Lib_Lcd.c,106 :: 		
0x048A	0x112E    	ACALL _Delay_1us
;__Lib_Lcd.c,107 :: 		
0x048C	0xC295    	CLR LCD_EN
;__Lib_Lcd.c,108 :: 		
0x048E	0x1136    	ACALL _Delay_5500us
;__Lib_Lcd.c,111 :: 		
0x0490	0xD2B5    	SETB LCD_D5
;__Lib_Lcd.c,112 :: 		
0x0492	0xC2B4    	CLR LCD_D4
;__Lib_Lcd.c,113 :: 		
0x0494	0xD295    	SETB LCD_EN
;__Lib_Lcd.c,114 :: 		
0x0496	0x112E    	ACALL _Delay_1us
;__Lib_Lcd.c,115 :: 		
0x0498	0xC295    	CLR LCD_EN
;__Lib_Lcd.c,116 :: 		
0x049A	0x1136    	ACALL _Delay_5500us
;__Lib_Lcd.c,119 :: 		
0x049C	0xC2B7    	CLR LCD_D7
;__Lib_Lcd.c,120 :: 		
0x049E	0xC2B6    	CLR LCD_D6
;__Lib_Lcd.c,121 :: 		
0x04A0	0xC2B5    	CLR LCD_D5
;__Lib_Lcd.c,122 :: 		
0x04A2	0xD2B5    	SETB LCD_D5
;__Lib_Lcd.c,123 :: 		
0x04A4	0xC2B4    	CLR LCD_D4
;__Lib_Lcd.c,124 :: 		
0x04A6	0xD295    	SETB LCD_EN
;__Lib_Lcd.c,125 :: 		
0x04A8	0x112E    	ACALL _Delay_1us
;__Lib_Lcd.c,126 :: 		
0x04AA	0xC295    	CLR LCD_EN
;__Lib_Lcd.c,127 :: 		
0x04AC	0xC2B5    	CLR LCD_D5
;__Lib_Lcd.c,128 :: 		
0x04AE	0xD2B7    	SETB LCD_D7
;__Lib_Lcd.c,129 :: 		
0x04B0	0xD295    	SETB LCD_EN
;__Lib_Lcd.c,130 :: 		
0x04B2	0x112E    	ACALL _Delay_1us
;__Lib_Lcd.c,131 :: 		
0x04B4	0xC295    	CLR LCD_EN
;__Lib_Lcd.c,132 :: 		
0x04B6	0x1136    	ACALL _Delay_5500us
;__Lib_Lcd.c,135 :: 		
0x04B8	0xC2B7    	CLR LCD_D7
;__Lib_Lcd.c,136 :: 		
0x04BA	0xD2B4    	SETB LCD_D4
;__Lib_Lcd.c,137 :: 		
0x04BC	0xD295    	SETB LCD_EN
;__Lib_Lcd.c,138 :: 		
0x04BE	0x112E    	ACALL _Delay_1us
;__Lib_Lcd.c,139 :: 		
0x04C0	0xC295    	CLR LCD_EN
;__Lib_Lcd.c,140 :: 		
0x04C2	0xC2B4    	CLR LCD_D4
;__Lib_Lcd.c,141 :: 		
0x04C4	0xD295    	SETB LCD_EN
;__Lib_Lcd.c,142 :: 		
0x04C6	0x112E    	ACALL _Delay_1us
;__Lib_Lcd.c,143 :: 		
0x04C8	0xC295    	CLR LCD_EN
;__Lib_Lcd.c,144 :: 		
0x04CA	0x1136    	ACALL _Delay_5500us
;__Lib_Lcd.c,147 :: 		
0x04CC	0xC2B4    	CLR LCD_D4
;__Lib_Lcd.c,148 :: 		
0x04CE	0xD295    	SETB LCD_EN
;__Lib_Lcd.c,149 :: 		
0x04D0	0x112E    	ACALL _Delay_1us
;__Lib_Lcd.c,150 :: 		
0x04D2	0xC295    	CLR LCD_EN
;__Lib_Lcd.c,151 :: 		
0x04D4	0xD2B4    	SETB LCD_D4
;__Lib_Lcd.c,152 :: 		
0x04D6	0xD295    	SETB LCD_EN
;__Lib_Lcd.c,153 :: 		
0x04D8	0x112E    	ACALL _Delay_1us
;__Lib_Lcd.c,154 :: 		
0x04DA	0xC295    	CLR LCD_EN
;__Lib_Lcd.c,155 :: 		
0x04DC	0x1136    	ACALL _Delay_5500us
;__Lib_Lcd.c,158 :: 		
0x04DE	0xC2B4    	CLR LCD_D4
;__Lib_Lcd.c,159 :: 		
0x04E0	0xD295    	SETB LCD_EN
;__Lib_Lcd.c,160 :: 		
0x04E2	0x112E    	ACALL _Delay_1us
;__Lib_Lcd.c,161 :: 		
0x04E4	0xC295    	CLR LCD_EN
;__Lib_Lcd.c,163 :: 		
0x04E6	0xD2B7    	SETB LCD_D7
;__Lib_Lcd.c,164 :: 		
0x04E8	0xD2B6    	SETB LCD_D6
;__Lib_Lcd.c,165 :: 		
0x04EA	0xD2B5    	SETB LCD_D5
;__Lib_Lcd.c,166 :: 		
0x04EC	0xD2B4    	SETB LCD_D4
;__Lib_Lcd.c,167 :: 		
0x04EE	0xD295    	SETB LCD_EN
;__Lib_Lcd.c,168 :: 		
0x04F0	0x112E    	ACALL _Delay_1us
;__Lib_Lcd.c,169 :: 		
0x04F2	0xC295    	CLR LCD_EN
;__Lib_Lcd.c,171 :: 		
0x04F4	0x1136    	ACALL _Delay_5500us
;__Lib_Lcd.c,173 :: 		
0x04F6	0x751D01  	MOV _cmd_status, #1
;__Lib_Lcd.c,174 :: 		
0x04F9	0x22      	RET
; end of _Lcd_Init
_UART1_Data_Ready:
;__Lib_UART_Timer1.c,35 :: 		
;__Lib_UART_Timer1.c,36 :: 		
0x04FA	0xA298    	MOV C, SCON.B0
0x04FC	0xE4      	CLR A
0x04FD	0x33      	RLC A
0x04FE	0xF8      	MOV R0, A
;__Lib_UART_Timer1.c,37 :: 		
0x04FF	0x22      	RET
; end of _UART1_Data_Ready
_m_conti_on:
;temperatura.c,107 :: 		void m_conti_on(){
;temperatura.c,108 :: 		oprire=0;
0x0500	0x751B00  	MOV _oprire, #0
;temperatura.c,109 :: 		conti=0;
0x0503	0x751C00  	MOV _conti, #0
;temperatura.c,110 :: 		Lcd_Cmd(_LCD_CLEAR);
0x0506	0x755001  	MOV FARG_Lcd_Cmd_out_char, #1
0x0509	0x1140    	ACALL _Lcd_Cmd
;temperatura.c,111 :: 		Lcd_out(1,1,CopyConst2Ram(msg,mod_lucru_txt));
0x050B	0x752B0A  	MOV FARG_CopyConst2Ram_dest, #_msg+0
0x050E	0x752C0E  	MOV FARG_CopyConst2Ram_src, #_mod_lucru_txt+0
0x0511	0x752D08  	MOV FARG_CopyConst2Ram_src+1, hi(#_mod_lucru_txt+0)
0x0514	0x7189    	ACALL _CopyConst2Ram
0x0516	0x85004D  	MOV FARG_LCD_Out_text, 0
0x0519	0x754B01  	MOV FARG_LCD_Out_row, #1
0x051C	0x754C01  	MOV FARG_LCD_Out_column, #1
0x051F	0x3131    	ACALL _LCD_Out
;temperatura.c,112 :: 		Lcd_out(1,11,CopyConst2Ram(msg,mod_lucru_txt1));
0x0521	0x752B0A  	MOV FARG_CopyConst2Ram_dest, #_msg+0
0x0524	0x752C33  	MOV FARG_CopyConst2Ram_src, #_mod_lucru_txt1+0
0x0527	0x752D08  	MOV FARG_CopyConst2Ram_src+1, hi(#_mod_lucru_txt1+0)
0x052A	0x7189    	ACALL _CopyConst2Ram
0x052C	0x85004D  	MOV FARG_LCD_Out_text, 0
0x052F	0x754B01  	MOV FARG_LCD_Out_row, #1
0x0532	0x754C0B  	MOV FARG_LCD_Out_column, #11
0x0535	0x3131    	ACALL _LCD_Out
;temperatura.c,113 :: 		Lcd_out(2,1,CopyConst2Ram(msg,text_temp0));
0x0537	0x752B0A  	MOV FARG_CopyConst2Ram_dest, #_msg+0
0x053A	0x752C18  	MOV FARG_CopyConst2Ram_src, #_text_temp0+0
0x053D	0x752D08  	MOV FARG_CopyConst2Ram_src+1, hi(#_text_temp0+0)
0x0540	0x7189    	ACALL _CopyConst2Ram
0x0542	0x85004D  	MOV FARG_LCD_Out_text, 0
0x0545	0x754B02  	MOV FARG_LCD_Out_row, #2
0x0548	0x754C01  	MOV FARG_LCD_Out_column, #1
0x054B	0x3131    	ACALL _LCD_Out
;temperatura.c,114 :: 		Lcd_Chr(2,15,178);
0x054D	0x752B02  	MOV FARG_Lcd_Chr_row, #2
0x0550	0x752C0F  	MOV FARG_Lcd_Chr_column, #15
0x0553	0x752DB2  	MOV FARG_Lcd_Chr_out_char, #178
0x0556	0x71EB    	ACALL _Lcd_Chr
;temperatura.c,115 :: 		Lcd_Chr(2,16,'C');
0x0558	0x752B02  	MOV FARG_Lcd_Chr_row, #2
0x055B	0x752C10  	MOV FARG_Lcd_Chr_column, #16
0x055E	0x752D43  	MOV FARG_Lcd_Chr_out_char, #67
0x0561	0x71EB    	ACALL _Lcd_Chr
;temperatura.c,116 :: 		}
0x0563	0x22      	RET
; end of _m_conti_on
___CC2D:
;__Lib_System.c,13 :: 		
;__Lib_System.c,15 :: 		
_CC2D_Loop1:
;__Lib_System.c,16 :: 		
0x0564	0xE4      	CLR A
;__Lib_System.c,17 :: 		
0x0565	0x93      	MOVC A, @A+DPTR
;__Lib_System.c,18 :: 		
0x0566	0xF6      	MOV @R0, A
;__Lib_System.c,19 :: 		
0x0567	0x08      	INC R0
;__Lib_System.c,20 :: 		
0x0568	0xA3      	INC DPTR
;__Lib_System.c,21 :: 		
0x0569	0xD9F9    	DJNZ R1, _CC2D_Loop1
;__Lib_System.c,23 :: 		
0x056B	0x22      	RET
; end of ___CC2D
_m_clear:
;temperatura.c,139 :: 		void m_clear(){
;temperatura.c,140 :: 		oprire=0;
0x056C	0x751B00  	MOV _oprire, #0
;temperatura.c,141 :: 		conti=1;
0x056F	0x751C01  	MOV _conti, #1
;temperatura.c,142 :: 		Lcd_Cmd(_LCD_CLEAR);
0x0572	0x755001  	MOV FARG_Lcd_Cmd_out_char, #1
0x0575	0x1140    	ACALL _Lcd_Cmd
;temperatura.c,143 :: 		Lcd_out(1,1,CopyConst2Ram(msg,mod_lucru_txt));
0x0577	0x752B0A  	MOV FARG_CopyConst2Ram_dest, #_msg+0
0x057A	0x752C0E  	MOV FARG_CopyConst2Ram_src, #_mod_lucru_txt+0
0x057D	0x752D08  	MOV FARG_CopyConst2Ram_src+1, hi(#_mod_lucru_txt+0)
0x0580	0x7189    	ACALL _CopyConst2Ram
0x0582	0x85004D  	MOV FARG_LCD_Out_text, 0
0x0585	0x754B01  	MOV FARG_LCD_Out_row, #1
0x0588	0x754C01  	MOV FARG_LCD_Out_column, #1
0x058B	0x3131    	ACALL _LCD_Out
;temperatura.c,144 :: 		Lcd_out(1,11,CopyConst2Ram(msg,mod_lucru_txt4));
0x058D	0x752B0A  	MOV FARG_CopyConst2Ram_dest, #_msg+0
0x0590	0x752C27  	MOV FARG_CopyConst2Ram_src, #_mod_lucru_txt4+0
0x0593	0x752D08  	MOV FARG_CopyConst2Ram_src+1, hi(#_mod_lucru_txt4+0)
0x0596	0x7189    	ACALL _CopyConst2Ram
0x0598	0x85004D  	MOV FARG_LCD_Out_text, 0
0x059B	0x754B01  	MOV FARG_LCD_Out_row, #1
0x059E	0x754C0B  	MOV FARG_LCD_Out_column, #11
0x05A1	0x3131    	ACALL _LCD_Out
;temperatura.c,145 :: 		Lcd_Out(2, 1, CopyConst2Ram(msg,text_temp0));
0x05A3	0x752B0A  	MOV FARG_CopyConst2Ram_dest, #_msg+0
0x05A6	0x752C18  	MOV FARG_CopyConst2Ram_src, #_text_temp0+0
0x05A9	0x752D08  	MOV FARG_CopyConst2Ram_src+1, hi(#_text_temp0+0)
0x05AC	0x7189    	ACALL _CopyConst2Ram
0x05AE	0x85004D  	MOV FARG_LCD_Out_text, 0
0x05B1	0x754B02  	MOV FARG_LCD_Out_row, #2
0x05B4	0x754C01  	MOV FARG_LCD_Out_column, #1
0x05B7	0x3131    	ACALL _LCD_Out
;temperatura.c,146 :: 		}
0x05B9	0x22      	RET
; end of _m_clear
_UART1_Init:
;__Lib_UART_Timer1.c,15 :: 		
;__Lib_UART_Timer1.c,16 :: 		
0x05BA	0x75227C  	MOV _UART_Wr_Ptr, #_UART1_Write+0
0x05BD	0x752303  	MOV _UART_Wr_Ptr+1, hi(#_UART1_Write+0)
0x05C0	0x75242B  	MOV _UART_Wr_Ptr+2, #FARG_UART1_Write_data_+0
;__Lib_UART_Timer1.c,17 :: 		
0x05C3	0x75255D  	MOV _UART_Rd_Ptr, #_UART1_Read+0
0x05C6	0x752604  	MOV _UART_Rd_Ptr+1, hi(#_UART1_Read+0)
0x05C9	0x752700  	MOV _UART_Rd_Ptr+2, 0
;__Lib_UART_Timer1.c,18 :: 		
0x05CC	0x751FFA  	MOV _UART_Rdy_Ptr, #_UART1_Data_Ready+0
0x05CF	0x752004  	MOV _UART_Rdy_Ptr+1, hi(#_UART1_Data_Ready+0)
0x05D2	0x752100  	MOV _UART_Rdy_Ptr+2, 0
;__Lib_UART_Timer1.c,21 :: 		
0x05D5	0x759850  	MOV SCON, #80
;__Lib_UART_Timer1.c,22 :: 		
0x05D8	0x758780  	MOV PCON, #128
;__Lib_UART_Timer1.c,23 :: 		
0x05DB	0x758840  	MOV TCON, #64
;__Lib_UART_Timer1.c,24 :: 		
0x05DE	0x758920  	MOV TMOD, #32
;__Lib_UART_Timer1.c,25 :: 		
0x05E1	0x22      	RET
; end of _UART1_Init
_m_conti_off:
;temperatura.c,117 :: 		void m_conti_off(){
;temperatura.c,118 :: 		oprire=1;
0x05E2	0x751B01  	MOV _oprire, #1
;temperatura.c,119 :: 		conti=0;
0x05E5	0x751C00  	MOV _conti, #0
;temperatura.c,120 :: 		Lcd_Cmd(_LCD_CLEAR);
0x05E8	0x755001  	MOV FARG_Lcd_Cmd_out_char, #1
0x05EB	0x1140    	ACALL _Lcd_Cmd
;temperatura.c,121 :: 		Lcd_out(1,1,CopyConst2Ram(msg,mod_lucru_txt));
0x05ED	0x752B0A  	MOV FARG_CopyConst2Ram_dest, #_msg+0
0x05F0	0x752C0E  	MOV FARG_CopyConst2Ram_src, #_mod_lucru_txt+0
0x05F3	0x752D08  	MOV FARG_CopyConst2Ram_src+1, hi(#_mod_lucru_txt+0)
0x05F6	0x7189    	ACALL _CopyConst2Ram
0x05F8	0x85004D  	MOV FARG_LCD_Out_text, 0
0x05FB	0x754B01  	MOV FARG_LCD_Out_row, #1
0x05FE	0x754C01  	MOV FARG_LCD_Out_column, #1
0x0601	0x3131    	ACALL _LCD_Out
;temperatura.c,122 :: 		Lcd_out(1,11,CopyConst2Ram(msg,mod_lucru_txt2));
0x0603	0x752B0A  	MOV FARG_CopyConst2Ram_dest, #_msg+0
0x0606	0x752C2D  	MOV FARG_CopyConst2Ram_src, #_mod_lucru_txt2+0
0x0609	0x752D08  	MOV FARG_CopyConst2Ram_src+1, hi(#_mod_lucru_txt2+0)
0x060C	0x7189    	ACALL _CopyConst2Ram
0x060E	0x85004D  	MOV FARG_LCD_Out_text, 0
0x0611	0x754B01  	MOV FARG_LCD_Out_row, #1
0x0614	0x754C0B  	MOV FARG_LCD_Out_column, #11
0x0617	0x3131    	ACALL _LCD_Out
;temperatura.c,123 :: 		Lcd_out(2,1,CopyConst2Ram(msg,text_temp0));
0x0619	0x752B0A  	MOV FARG_CopyConst2Ram_dest, #_msg+0
0x061C	0x752C18  	MOV FARG_CopyConst2Ram_src, #_text_temp0+0
0x061F	0x752D08  	MOV FARG_CopyConst2Ram_src+1, hi(#_text_temp0+0)
0x0622	0x7189    	ACALL _CopyConst2Ram
0x0624	0x85004D  	MOV FARG_LCD_Out_text, 0
0x0627	0x754B02  	MOV FARG_LCD_Out_row, #2
0x062A	0x754C01  	MOV FARG_LCD_Out_column, #1
0x062D	0x3131    	ACALL _LCD_Out
;temperatura.c,124 :: 		Lcd_Chr(2,15,178);
0x062F	0x752B02  	MOV FARG_Lcd_Chr_row, #2
0x0632	0x752C0F  	MOV FARG_Lcd_Chr_column, #15
0x0635	0x752DB2  	MOV FARG_Lcd_Chr_out_char, #178
0x0638	0x71EB    	ACALL _Lcd_Chr
;temperatura.c,125 :: 		Lcd_Chr(2,16,'C');
0x063A	0x752B02  	MOV FARG_Lcd_Chr_row, #2
0x063D	0x752C10  	MOV FARG_Lcd_Chr_column, #16
0x0640	0x752D43  	MOV FARG_Lcd_Chr_out_char, #67
0x0643	0x71EB    	ACALL _Lcd_Chr
;temperatura.c,126 :: 		}
0x0645	0x22      	RET
; end of _m_conti_off
_m_single:
;temperatura.c,127 :: 		void m_single(){
;temperatura.c,128 :: 		oprire=1;
0x0646	0x751B01  	MOV _oprire, #1
;temperatura.c,129 :: 		conti=1;
0x0649	0x751C01  	MOV _conti, #1
;temperatura.c,130 :: 		Lcd_Cmd(_LCD_CLEAR);
0x064C	0x755001  	MOV FARG_Lcd_Cmd_out_char, #1
0x064F	0x1140    	ACALL _Lcd_Cmd
;temperatura.c,131 :: 		Lcd_out(1,1,CopyConst2Ram(msg,mod_lucru_txt));
0x0651	0x752B0A  	MOV FARG_CopyConst2Ram_dest, #_msg+0
0x0654	0x752C0E  	MOV FARG_CopyConst2Ram_src, #_mod_lucru_txt+0
0x0657	0x752D08  	MOV FARG_CopyConst2Ram_src+1, hi(#_mod_lucru_txt+0)
0x065A	0x7189    	ACALL _CopyConst2Ram
0x065C	0x85004D  	MOV FARG_LCD_Out_text, 0
0x065F	0x754B01  	MOV FARG_LCD_Out_row, #1
0x0662	0x754C01  	MOV FARG_LCD_Out_column, #1
0x0665	0x3131    	ACALL _LCD_Out
;temperatura.c,132 :: 		Lcd_out(1,11,CopyConst2Ram(msg,mod_lucru_txt3));
0x0667	0x752B0A  	MOV FARG_CopyConst2Ram_dest, #_msg+0
0x066A	0x752C20  	MOV FARG_CopyConst2Ram_src, #_mod_lucru_txt3+0
0x066D	0x752D08  	MOV FARG_CopyConst2Ram_src+1, hi(#_mod_lucru_txt3+0)
0x0670	0x7189    	ACALL _CopyConst2Ram
0x0672	0x85004D  	MOV FARG_LCD_Out_text, 0
0x0675	0x754B01  	MOV FARG_LCD_Out_row, #1
0x0678	0x754C0B  	MOV FARG_LCD_Out_column, #11
0x067B	0x3131    	ACALL _LCD_Out
;temperatura.c,133 :: 		Lcd_out(2,1,CopyConst2Ram(msg,text_temp0));
0x067D	0x752B0A  	MOV FARG_CopyConst2Ram_dest, #_msg+0
0x0680	0x752C18  	MOV FARG_CopyConst2Ram_src, #_text_temp0+0
0x0683	0x752D08  	MOV FARG_CopyConst2Ram_src+1, hi(#_text_temp0+0)
0x0686	0x7189    	ACALL _CopyConst2Ram
0x0688	0x85004D  	MOV FARG_LCD_Out_text, 0
0x068B	0x754B02  	MOV FARG_LCD_Out_row, #2
0x068E	0x754C01  	MOV FARG_LCD_Out_column, #1
0x0691	0x3131    	ACALL _LCD_Out
;temperatura.c,134 :: 		Citeste_temp();
0x0693	0x71B3    	ACALL _Citeste_temp
;temperatura.c,135 :: 		Display_Temperature(temp);
0x0695	0x85082B  	MOV FARG_Display_Temperature_temp2write, _temp+0
0x0698	0x85092C  	MOV FARG_Display_Temperature_temp2write+1, _temp+1
0x069B	0x5172    	ACALL _Display_Temperature
;temperatura.c,136 :: 		Lcd_Chr(2,15,178);
0x069D	0x752B02  	MOV FARG_Lcd_Chr_row, #2
0x06A0	0x752C0F  	MOV FARG_Lcd_Chr_column, #15
0x06A3	0x752DB2  	MOV FARG_Lcd_Chr_out_char, #178
0x06A6	0x71EB    	ACALL _Lcd_Chr
;temperatura.c,137 :: 		Lcd_Chr(2,16,'C');
0x06A8	0x752B02  	MOV FARG_Lcd_Chr_row, #2
0x06AB	0x752C10  	MOV FARG_Lcd_Chr_column, #16
0x06AE	0x752D43  	MOV FARG_Lcd_Chr_out_char, #67
0x06B1	0x71EB    	ACALL _Lcd_Chr
;temperatura.c,138 :: 		}
0x06B3	0x22      	RET
; end of _m_single
_main:
0x06B4	0x758180  	MOV SP, #128
0x06B7	0x120838  	LCALL 2104
;temperatura.c,46 :: 		void main() {
;temperatura.c,47 :: 		UART1_Init(4800);  //Initializare modul UART la 4800 biti/s
0x06BA	0x438780  	ORL PCON, #128
0x06BD	0x758DF5  	MOV TH1, #245
0x06C0	0x758BF5  	MOV TL1, #245
0x06C3	0xB1BA    	ACALL _UART1_Init
;temperatura.c,48 :: 		delay_ms(100);     // Asteptare stabilizare UART
0x06C5	0x7EA3    	MOV R6, 163
0x06C7	0x7F1E    	MOV R7, 30
0x06C9	0xDFFE    	DJNZ R7, PC-2
0x06CB	0xDEFC    	DJNZ R6, PC-4
0x06CD	0x00      	NOP
;temperatura.c,49 :: 		UART1_Write_Text("Start");
0x06CE	0x752836  	MOV FARG_UART1_Write_Text_uart_text, #?lstr1_temperatura+0
0x06D1	0x9141    	ACALL _UART1_Write_Text
;temperatura.c,51 :: 		oprire=0;
0x06D3	0x751B00  	MOV _oprire, #0
;temperatura.c,52 :: 		conti=0;
0x06D6	0x751C00  	MOV _conti, #0
;temperatura.c,54 :: 		Lcd_Init();                                    // Initialize LCD
0x06D9	0x9162    	ACALL _Lcd_Init
;temperatura.c,55 :: 		Lcd_Cmd(_LCD_CLEAR);                           // Clear LCD
0x06DB	0x755001  	MOV FARG_Lcd_Cmd_out_char, #1
0x06DE	0x1140    	ACALL _Lcd_Cmd
;temperatura.c,56 :: 		Lcd_Cmd(_LCD_CURSOR_OFF);                      // Turn cursor off
0x06E0	0x75500C  	MOV FARG_Lcd_Cmd_out_char, #12
0x06E3	0x1140    	ACALL _Lcd_Cmd
;temperatura.c,57 :: 		Lcd_out(1,1,CopyConst2Ram(msg,mod_lucru_txt));
0x06E5	0x752B0A  	MOV FARG_CopyConst2Ram_dest, #_msg+0
0x06E8	0x752C0E  	MOV FARG_CopyConst2Ram_src, #_mod_lucru_txt+0
0x06EB	0x752D08  	MOV FARG_CopyConst2Ram_src+1, hi(#_mod_lucru_txt+0)
0x06EE	0x7189    	ACALL _CopyConst2Ram
0x06F0	0x85004D  	MOV FARG_LCD_Out_text, 0
0x06F3	0x754B01  	MOV FARG_LCD_Out_row, #1
0x06F6	0x754C01  	MOV FARG_LCD_Out_column, #1
0x06F9	0x3131    	ACALL _LCD_Out
;temperatura.c,58 :: 		Lcd_out(1,11,CopyConst2Ram(msg,mod_lucru_txt1));
0x06FB	0x752B0A  	MOV FARG_CopyConst2Ram_dest, #_msg+0
0x06FE	0x752C33  	MOV FARG_CopyConst2Ram_src, #_mod_lucru_txt1+0
0x0701	0x752D08  	MOV FARG_CopyConst2Ram_src+1, hi(#_mod_lucru_txt1+0)
0x0704	0x7189    	ACALL _CopyConst2Ram
0x0706	0x85004D  	MOV FARG_LCD_Out_text, 0
0x0709	0x754B01  	MOV FARG_LCD_Out_row, #1
0x070C	0x754C0B  	MOV FARG_LCD_Out_column, #11
0x070F	0x3131    	ACALL _LCD_Out
;temperatura.c,59 :: 		Lcd_Out(2, 1, CopyConst2Ram(msg,text_temp0));
0x0711	0x752B0A  	MOV FARG_CopyConst2Ram_dest, #_msg+0
0x0714	0x752C18  	MOV FARG_CopyConst2Ram_src, #_text_temp0+0
0x0717	0x752D08  	MOV FARG_CopyConst2Ram_src+1, hi(#_text_temp0+0)
0x071A	0x7189    	ACALL _CopyConst2Ram
0x071C	0x85004D  	MOV FARG_LCD_Out_text, 0
0x071F	0x754B02  	MOV FARG_LCD_Out_row, #2
0x0722	0x754C01  	MOV FARG_LCD_Out_column, #1
0x0725	0x3131    	ACALL _LCD_Out
;temperatura.c,60 :: 		Lcd_Chr(2,15,178);
0x0727	0x752B02  	MOV FARG_Lcd_Chr_row, #2
0x072A	0x752C0F  	MOV FARG_Lcd_Chr_column, #15
0x072D	0x752DB2  	MOV FARG_Lcd_Chr_out_char, #178
0x0730	0x71EB    	ACALL _Lcd_Chr
;temperatura.c,61 :: 		Lcd_Chr(2,16,'C');
0x0732	0x752B02  	MOV FARG_Lcd_Chr_row, #2
0x0735	0x752C10  	MOV FARG_Lcd_Chr_column, #16
0x0738	0x752D43  	MOV FARG_Lcd_Chr_out_char, #67
0x073B	0x71EB    	ACALL _Lcd_Chr
;temperatura.c,65 :: 		while (1) {
L_main3:
;temperatura.c,66 :: 		if (UART1_Data_Ready()) {
0x073D	0x91FA    	ACALL _UART1_Data_Ready
0x073F	0xE8      	MOV A, R0
0x0740	0x6005    	JZ L_main5
;temperatura.c,67 :: 		caracter_sosit=UART1_Read();
0x0742	0x915D    	ACALL _UART1_Read
0x0744	0x85001E  	MOV _caracter_sosit, 0
;temperatura.c,69 :: 		}
L_main5:
;temperatura.c,70 :: 		switch (caracter_sosit) {
0x0747	0x8010    	SJMP L_main6
;temperatura.c,71 :: 		case 'O': m_conti_on(); break;   //Mod continuu on
L_main8:
0x0749	0xB100    	ACALL _m_conti_on
0x074B	0x8024    	SJMP L_main7
;temperatura.c,72 :: 		case 'F': m_conti_off(); break;  //Mod continuu off
L_main9:
0x074D	0xB1E2    	ACALL _m_conti_off
0x074F	0x8020    	SJMP L_main7
;temperatura.c,73 :: 		case 'S': m_single(); break;     //Mod single
L_main10:
0x0751	0xD146    	ACALL _m_single
0x0753	0x801C    	SJMP L_main7
;temperatura.c,74 :: 		case 'X': m_clear(); break;      //Mod clear
L_main11:
0x0755	0xB16C    	ACALL _m_clear
0x0757	0x8018    	SJMP L_main7
;temperatura.c,75 :: 		}
L_main6:
0x0759	0xE51E    	MOV A, _caracter_sosit
0x075B	0x644F    	XRL A, #79
0x075D	0x60EA    	JZ L_main8
0x075F	0xE51E    	MOV A, _caracter_sosit
0x0761	0x6446    	XRL A, #70
0x0763	0x60E8    	JZ L_main9
0x0765	0xE51E    	MOV A, _caracter_sosit
0x0767	0x6453    	XRL A, #83
0x0769	0x60E6    	JZ L_main10
0x076B	0xE51E    	MOV A, _caracter_sosit
0x076D	0x6458    	XRL A, #88
0x076F	0x60E4    	JZ L_main11
L_main7:
;temperatura.c,76 :: 		caracter_sosit='y';
0x0771	0x751E79  	MOV _caracter_sosit, #121
;temperatura.c,77 :: 		if (oprire==0){
0x0774	0xE51B    	MOV A, _oprire
0x0776	0x6002    	JZ #2
0x0778	0xE1EF    	AJMP L_main12
;temperatura.c,78 :: 		if (conti==0) {
0x077A	0xE51C    	MOV A, _conti
0x077C	0x702F    	JNZ L_main13
;temperatura.c,79 :: 		Citeste_temp();
0x077E	0x71B3    	ACALL _Citeste_temp
;temperatura.c,80 :: 		LCD_OUT(2,9,"     ");
0x0780	0x754B02  	MOV FARG_LCD_Out_row, #2
0x0783	0x754C09  	MOV FARG_LCD_Out_column, #9
0x0786	0x754D45  	MOV FARG_LCD_Out_text, #?lstr2_temperatura+0
0x0789	0x3131    	ACALL _LCD_Out
;temperatura.c,81 :: 		delay_ms(500);
0x078B	0x7D04    	MOV R5, 4
0x078D	0x7E2B    	MOV R6, 43
0x078F	0x7F9D    	MOV R7, 157
0x0791	0xDFFE    	DJNZ R7, PC-2
0x0793	0xDEFC    	DJNZ R6, PC-4
0x0795	0xDDFA    	DJNZ R5, PC-6
;temperatura.c,82 :: 		Display_Temperature(temp);
0x0797	0x85082B  	MOV FARG_Display_Temperature_temp2write, _temp+0
0x079A	0x85092C  	MOV FARG_Display_Temperature_temp2write+1, _temp+1
0x079D	0x5172    	ACALL _Display_Temperature
;temperatura.c,83 :: 		delay_ms(1000);
0x079F	0x7D07    	MOV R5, 7
0x07A1	0x7E56    	MOV R6, 86
0x07A3	0x7F3C    	MOV R7, 60
0x07A5	0xDFFE    	DJNZ R7, PC-2
0x07A7	0xDEFC    	DJNZ R6, PC-4
0x07A9	0xDDFA    	DJNZ R5, PC-6
;temperatura.c,84 :: 		}
0x07AB	0x802C    	SJMP L_main14
L_main13:
;temperatura.c,87 :: 		Lcd_out(1,1,CopyConst2Ram(msg,mod_lucru_txt));
0x07AD	0x752B0A  	MOV FARG_CopyConst2Ram_dest, #_msg+0
0x07B0	0x752C0E  	MOV FARG_CopyConst2Ram_src, #_mod_lucru_txt+0
0x07B3	0x752D08  	MOV FARG_CopyConst2Ram_src+1, hi(#_mod_lucru_txt+0)
0x07B6	0x7189    	ACALL _CopyConst2Ram
0x07B8	0x85004D  	MOV FARG_LCD_Out_text, 0
0x07BB	0x754B01  	MOV FARG_LCD_Out_row, #1
0x07BE	0x754C01  	MOV FARG_LCD_Out_column, #1
0x07C1	0x3131    	ACALL _LCD_Out
;temperatura.c,88 :: 		Lcd_out(1,11,CopyConst2Ram(msg,mod_lucru_txt4));
0x07C3	0x752B0A  	MOV FARG_CopyConst2Ram_dest, #_msg+0
0x07C6	0x752C27  	MOV FARG_CopyConst2Ram_src, #_mod_lucru_txt4+0
0x07C9	0x752D08  	MOV FARG_CopyConst2Ram_src+1, hi(#_mod_lucru_txt4+0)
0x07CC	0x7189    	ACALL _CopyConst2Ram
0x07CE	0x85004D  	MOV FARG_LCD_Out_text, 0
0x07D1	0x754B01  	MOV FARG_LCD_Out_row, #1
0x07D4	0x754C0B  	MOV FARG_LCD_Out_column, #11
0x07D7	0x3131    	ACALL _LCD_Out
;temperatura.c,89 :: 		}
L_main14:
;temperatura.c,90 :: 		if (oprire==1)
0x07D9	0xE51B    	MOV A, _oprire
0x07DB	0x6401    	XRL A, #1
0x07DD	0x7010    	JNZ L_main15
;temperatura.c,92 :: 		if (conti==0)
0x07DF	0xE51C    	MOV A, _conti
0x07E1	0x7002    	JNZ L_main16
;temperatura.c,95 :: 		}
0x07E3	0x800A    	SJMP L_main17
L_main16:
;temperatura.c,98 :: 		Citeste_temp();
0x07E5	0x71B3    	ACALL _Citeste_temp
;temperatura.c,99 :: 		Display_Temperature(temp);
0x07E7	0x85082B  	MOV FARG_Display_Temperature_temp2write, _temp+0
0x07EA	0x85092C  	MOV FARG_Display_Temperature_temp2write+1, _temp+1
0x07ED	0x5172    	ACALL _Display_Temperature
;temperatura.c,101 :: 		}
L_main17:
;temperatura.c,102 :: 		}
L_main15:
;temperatura.c,103 :: 		}
L_main12:
;temperatura.c,104 :: 		}
0x07EF	0xE13D    	AJMP L_main3
;temperatura.c,105 :: 		}
0x07F1	0x80FE    	SJMP #254
; end of _main
0x0838	0x7830    	MOV R0, 48
0x083A	0x791B    	MOV R1, 27
0x083C	0x7582F3  	MOV DPL, 243
0x083F	0x758307  	MOV DPH, 7
0x0842	0x120564  	LCALL 1380
0x0845	0x22      	RET
;temperatura.c,0 :: ?ICS_text1
0x07F3	0x30302E ;?ICS_text1+0
0x07F6	0x303000 ;?ICS_text1+3
; end of ?ICS_text1
;temperatura.c,0 :: ?ICS?lstr1_temperatura
0x07F9	0x537461 ;?ICS?lstr1_temperatura+0
0x07FC	0x727400 ;?ICS?lstr1_temperatura+3
; end of ?ICS?lstr1_temperatura
;temperatura.c,0 :: ?ICS_text
0x07FF	0x303030 ;?ICS_text+0
0x0802	0x2E3030 ;?ICS_text+3
0x0805	0x303000 ;?ICS_text+6
; end of ?ICS_text
;temperatura.c,0 :: ?ICS?lstr2_temperatura
0x0808	0x202020 ;?ICS?lstr2_temperatura+0
0x080B	0x202000 ;?ICS?lstr2_temperatura+3
; end of ?ICS?lstr2_temperatura
;temperatura.c,38 :: _mod_lucru_txt
0x080E	0x4D2E20 ;_mod_lucru_txt+0
0x0811	0x4C5543 ;_mod_lucru_txt+3
0x0814	0x52553A ;_mod_lucru_txt+6
0x0817	0x00 ;_mod_lucru_txt+9
; end of _mod_lucru_txt
;temperatura.c,44 :: _text_temp0
0x0818	0x54656D ;_text_temp0+0
0x081B	0x702D2D ;_text_temp0+3
0x081E	0x3E00 ;_text_temp0+6
; end of _text_temp0
;temperatura.c,41 :: _mod_lucru_txt3
0x0820	0x53494E ;_mod_lucru_txt3+0
0x0823	0x474C45 ;_mod_lucru_txt3+3
0x0826	0x00 ;_mod_lucru_txt3+6
; end of _mod_lucru_txt3
;temperatura.c,42 :: _mod_lucru_txt4
0x0827	0x434C45 ;_mod_lucru_txt4+0
0x082A	0x415200 ;_mod_lucru_txt4+3
; end of _mod_lucru_txt4
;temperatura.c,40 :: _mod_lucru_txt2
0x082D	0x432E4F ;_mod_lucru_txt2+0
0x0830	0x464600 ;_mod_lucru_txt2+3
; end of _mod_lucru_txt2
;temperatura.c,39 :: _mod_lucru_txt1
0x0833	0x432E4F ;_mod_lucru_txt1+0
0x0836	0x4E00 ;_mod_lucru_txt1+3
; end of _mod_lucru_txt1
Symbol List:
//** Routines locations **
//ADDRESS    SIZE    PROCEDURE
//----------------------------------------------
0x002E       [2]    _Delay_1us
0x0030       [6]    _Delay_50us
0x0036      [10]    _Delay_5500us
0x0040     [219]    _Lcd_Cmd
0x011B       [5]    _Delay_500us
0x0120       [5]    _Delay_80us
0x0125      [12]    _Lcd_Chr_CP
0x0131     [102]    _LCD_Out
0x0197      [50]    _Ow_Read
0x01C9      [47]    _Ow_Write
0x01F8      [85]    _Div_16x16_U
0x024D      [18]    _Mul_16x16
0x025F      [19]    _Ow_Reset
0x0272     [266]    _Display_Temperature
0x037C      [13]    _UART1_Write
0x0389      [42]    _CopyConst2Ram
0x03B3      [56]    _Citeste_temp
0x03EB      [86]    _Lcd_Chr
0x0441      [28]    _UART1_Write_Text
0x045D       [5]    _UART1_Read
0x0462     [152]    _Lcd_Init
0x04FA       [6]    _UART1_Data_Ready
0x0500     [100]    _m_conti_on
0x0564       [8]    ___CC2D
0x056C      [78]    _m_clear
0x05BA      [40]    _UART1_Init
0x05E2     [100]    _m_conti_off
0x0646     [110]    _m_single
0x06B4     [319]    _main
//** Variables locations ** 
//ADDRESS    SIZE    VARIABLE
//----------------------------------------------
0x0000       [1]    R0
0x0001       [1]    R1
0x0002       [1]    R2
0x0003       [1]    R3
0x0004       [1]    R4
0x0005       [1]    R5
0x0006       [1]    R6
0x0007       [1]    R7
0x0008       [2]    _temp
0x000A      [17]    _msg
0x001B       [1]    _oprire
0x001C       [1]    _conti
0x001D       [1]    _cmd_status
0x001E       [1]    _caracter_sosit
0x001F       [3]    _UART_Rdy_Ptr
0x0022       [3]    _UART_Wr_Ptr
0x0025       [3]    _UART_Rd_Ptr
0x0028       [1]    FARG_UART1_Write_Text_uart_text
0x0029       [1]    UART1_Write_Text_counter_L0
0x002A       [1]    UART1_Write_Text_data__L0
0x002B       [2]    FARG_Display_Temperature_temp2write
0x002B       [1]    FARG_UART1_Write_data_
0x002B       [1]    FARG_Lcd_Chr_row
0x002B       [1]    FARG_CopyConst2Ram_dest
0x002C       [2]    FARG_CopyConst2Ram_src
0x002C       [1]    FARG_Lcd_Chr_column
0x002D       [1]    Display_Temperature_temp_whole_L0
0x002D       [1]    FARG_Lcd_Chr_out_char
0x002E       [2]    Display_Temperature_temp_fraction_L0
0x002E       [1]    CopyConst2Ram_d_L0
0x0030       [6]    _text1
0x0036       [6]    ?lstr1_temperatura
0x003C       [9]    _text
0x0045       [6]    ?lstr2_temperatura
0x004B       [1]    FARG_Ow_Write_par
0x004B       [1]    Ow_Reset_res_L0
0x004B       [1]    Ow_Read_i_L0
0x004B       [1]    FARG_LCD_Out_row
0x004C       [1]    Ow_Write_i_L0
0x004C       [1]    FARG_LCD_Out_column
0x004C       [1]    Ow_Read_tmp_L0
0x004D       [1]    FARG_LCD_Out_text
0x004D       [1]    Ow_Write_j_L0
0x004E       [1]    LCD_Out_i_L0
0x004F       [1]    FARG_Lcd_Chr_CP_out_char
0x0050       [1]    FARG_Lcd_Cmd_out_char
0x0080       [0]    P0_0_bit
0x0080       [1]    P0
0x0080       [0]    P0_4_bit
0x0080       [0]    P0_5_bit
0x0080       [0]    P0_7_bit
0x0080       [0]    P0_3_bit
0x0080       [0]    P0_1_bit
0x0080       [0]    P0_2_bit
0x0080       [0]    P0_6_bit
0x0081       [1]    SP
0x0082       [1]    DP0L
0x0082       [2]    DPTR
0x0082       [1]    DPL
0x0083       [1]    DP0H
0x0083       [1]    DPH
0x0084       [1]    DP1L
0x0085       [1]    DP1H
0x0086       [0]    SPD2_bit
0x0086       [0]    SPD4_bit
0x0086       [0]    SPD6_bit
0x0086       [0]    SPD5_bit
0x0086       [0]    SPD0_bit
0x0086       [1]    SPDR
0x0086       [0]    SPD1_bit
0x0086       [0]    SPD3_bit
0x0086       [0]    SPD7_bit
0x0087       [0]    PWDEX_bit
0x0087       [0]    POF_bit
0x0087       [0]    GF0_bit
0x0087       [0]    GF1_bit
0x0087       [0]    SMOD0_bit
0x0087       [1]    PCON
0x0087       [0]    IDL_bit
0x0087       [0]    PD_bit
0x0087       [0]    SMOD1_bit
0x0088       [0]    IE0_bit
0x0088       [0]    TF1_bit
0x0088       [0]    TR1_bit
0x0088       [1]    TCON
0x0088       [0]    TF0_bit
0x0088       [0]    IT0_bit
0x0088       [0]    IT1_bit
0x0088       [0]    IE1_bit
0x0088       [0]    TR0_bit
0x0089       [0]    M00_bit
0x0089       [0]    M10_bit
0x0089       [0]    C_T0_bit
0x0089       [0]    GATE0_bit
0x0089       [1]    TMOD
0x0089       [0]    C_T1_bit
0x0089       [0]    M01_bit
0x0089       [0]    M11_bit
0x0089       [0]    GATE1_bit
0x008A       [1]    TL0
0x008B       [1]    TL1
0x008C       [1]    TH0
0x008D       [1]    TH1
0x008E       [0]    Intel_Pwd_Exit_bit
0x008E       [1]    AUXR
0x008E       [0]    DISALE_bit
0x008F       [0]    X2_bit
0x008F       [1]    CLKREG
0x0090       [0]    P1_0_bit
0x0090       [0]    P1_7_bit
0x0090       [0]    LCD_RS
0x0090       [0]    P1_2_bit
0x0090       [0]    P1_3_bit
0x0090       [0]    P1_1_bit
0x0090       [0]    P1_5_bit
0x0090       [0]    P1_4_bit
0x0090       [0]    LCD_EN
0x0090       [1]    P1
0x0090       [0]    P1_6_bit
0x0096       [0]    RDY_BSY_bit
0x0096       [0]    WRTINH_bit
0x0096       [1]    EECON
0x0096       [0]    DPS_bit
0x0096       [0]    EELD_bit
0x0096       [0]    EEMWE_bit
0x0096       [0]    EEMEN_bit
0x0098       [0]    RB8_bit
0x0098       [0]    SM1_bit
0x0098       [0]    RI_bit
0x0098       [0]    SM0_FE_bit
0x0098       [0]    TI_bit
0x0098       [0]    TB8_bit
0x0098       [0]    REN_bit
0x0098       [1]    SCON
0x0098       [0]    SM2_bit
0x0099       [1]    SBUF
0x00A0       [1]    P2
0x00A0       [0]    P2_0_bit
0x00A0       [0]    P2_1_bit
0x00A0       [0]    P2_2_bit
0x00A0       [0]    P2_7_bit
0x00A0       [0]    P2_5_bit
0x00A0       [0]    P2_6_bit
0x00A0       [0]    P2_4_bit
0x00A0       [0]    P2_3_bit
0x00A0       [0]    OW_Bit
0x00A6       [1]    WDTRST
0x00A7       [0]    PS2_bit
0x00A7       [0]    PS1_bit
0x00A7       [0]    WSWRST_bit
0x00A7       [0]    WDTEN_bit
0x00A7       [1]    WDTCON
0x00A7       [0]    HWDT_bit
0x00A7       [0]    PS0_bit
0x00A7       [0]    WDIDLE_bit
0x00A7       [0]    DISRTO_bit
0x00A8       [0]    ET1_bit
0x00A8       [0]    EX1_bit
0x00A8       [0]    EX0_bit
0x00A8       [1]    IE
0x00A8       [0]    ES_bit
0x00A8       [0]    ET0_bit
0x00A8       [0]    ET2_bit
0x00A8       [0]    EA_bit
0x00A9       [1]    SADDR
0x00AA       [0]    LDEN_bit
0x00AA       [0]    DISSO_bit
0x00AA       [0]    SPIF_bit
0x00AA       [1]    SPSR
0x00AA       [0]    ENH_bit
0x00AA       [0]    WCOL_bit
0x00B0       [0]    P3_2_bit
0x00B0       [0]    P3_1_bit
0x00B0       [0]    P3_0_bit
0x00B0       [0]    P3_5_bit
0x00B0       [0]    P3_4_bit
0x00B0       [0]    P3_3_bit
0x00B0       [1]    P3
0x00B0       [0]    LCD_D5
0x00B0       [0]    LCD_D6
0x00B0       [0]    LCD_D7
0x00B0       [0]    P3_6_bit
0x00B0       [0]    P3_7_bit
0x00B0       [0]    LCD_D4
0x00B7       [0]    PT1H_bit
0x00B7       [0]    PSH_bit
0x00B7       [0]    PT2H_bit
0x00B7       [0]    PX0H_bit
0x00B7       [0]    PT0H_bit
0x00B7       [0]    PX1H_bit
0x00B7       [1]    IPH
0x00B8       [0]    PT0_bit
0x00B8       [0]    PX0_bit
0x00B8       [1]    IP
0x00B8       [0]    PX1_bit
0x00B8       [0]    PT2_bit
0x00B8       [0]    PS_bit
0x00B8       [0]    PT1_bit
0x00B9       [1]    SADEN
0x00C8       [1]    T2CON
0x00C8       [0]    RCLK_bit
0x00C8       [0]    TF2_bit
0x00C8       [0]    EXF2_bit
0x00C8       [0]    EXEN2_bit
0x00C8       [0]    TCLK_bit
0x00C8       [0]    TR2_bit
0x00C8       [0]    CP_RL2_bit
0x00C8       [0]    C_T2_bit
0x00C9       [0]    T2OE_bit
0x00C9       [0]    DCEN_bit
0x00C9       [1]    T2MOD
0x00CA       [1]    RCAP2L
0x00CB       [1]    RCAP2H
0x00CC       [1]    TL2
0x00CD       [1]    TH2
0x00D0       [0]    F0_bit
0x00D0       [0]    RS1_bit
0x00D0       [0]    CY_bit
0x00D0       [0]    AC_bit
0x00D0       [0]    RS0_bit
0x00D0       [0]    F1_bit
0x00D0       [0]    P_bit
0x00D0       [0]    OV_bit
0x00D0       [1]    PSW
0x00D5       [1]    SPCR
0x00D5       [0]    MSTR_bit
0x00D5       [0]    DORD_bit
0x00D5       [0]    SPIE_bit
0x00D5       [0]    SPE_bit
0x00D5       [0]    SPR0_bit
0x00D5       [0]    CPOL_bit
0x00D5       [0]    CPHA_bit
0x00D5       [0]    SPR1_bit
0x00E0       [1]    ACC
0x00F0       [1]    B
//** Constants locations ** 
//ADDRESS    SIZE    CONSTANT
//----------------------------------------------
0x07F3       [6]    ?ICS_text1
0x07F9       [6]    ?ICS?lstr1_temperatura
0x07FF       [9]    ?ICS_text
0x0808       [6]    ?ICS?lstr2_temperatura
0x080E      [10]    _mod_lucru_txt
0x0818       [8]    _text_temp0
0x0820       [7]    _mod_lucru_txt3
0x0827       [6]    _mod_lucru_txt4
0x082D       [6]    _mod_lucru_txt2
0x0833       [5]    _mod_lucru_txt1
//** Label List: ** 
//----------------------------------------------
  L_CopyConst2Ram0
  L_CopyConst2Ram1
  L_CopyConst2Ram2
  L_main3
  L_main4
  L_main5
  L_main6
  L_main7
  L_main8
  L_main9
  L_main10
  L_main11
  L_main12
  L_main13
  L_main14
  L_main15
  L_main16
  L_main17
  L_Display_Temperature18
  L_Display_Temperature19
  L_Display_Temperature20
  _CopyConst2Ram
  _main
  _m_conti_on
  _m_conti_off
  _m_single
  _m_clear
  _Citeste_temp
  _Display_Temperature
  L__Display_Temperature21
  L__Display_Temperature22
  L__Display_Temperature23
  L__Display_Temperature24
  L_Delay_Cyc0
  L_Delay_Cyc1
  L_VDelay_ms2
  L_VDelay_ms3
  L_VDelay_ms4
  L_VDelay_ms5
  _Get_Fosc_kHz
  _Delay_1us
  _Delay_10us
  _Delay_22us
  _Delay_50us
  _Delay_80us
  _Delay_500us
  _Delay_5500us
  _Delay_8ms
  _Delay_10ms
  _Delay_100ms
  _Delay_1sec
  _Delay_Cyc
  _VDelay_ms
  L_Lcd_Cmd0
  L_Lcd_Cmd1
  L_Lcd_Cmd2
  L_Lcd_Cmd3
  L_Lcd_Cmd4
  L_Lcd_Cmd5
  L_LCD_Out_CP6
  L_LCD_Out_CP7
  L_Lcd_Chr8
  L_Lcd_Chr9
  L_Lcd_Chr10
  L_Lcd_Chr11
  L_Lcd_Chr12
  L_Lcd_Chr13
  L_Lcd_Chr14
  L_LCD_Out15
  L_LCD_Out16
  L_LCD_Out17
  L_LCD_Out18
  L_LCD_Out19
  L_LCD_Out20
  L_LCD_Out21
  L_LCD_Out22
  L_LCD_Out23
  _Lcd_Cmd
  L__Lcd_Cmd24
  L__Lcd_Cmd25
  L__Lcd_Cmd26
  L__Lcd_Cmd27
  L__Lcd_Cmd28
  L__Lcd_Cmd29
  L__Lcd_Cmd30
  L__Lcd_Cmd31
  L__Lcd_Cmd32
  L__Lcd_Cmd33
  L__Lcd_Cmd34
  L__Lcd_Cmd35
  L__Lcd_Cmd36
  L__Lcd_Cmd37
  L__Lcd_Cmd38
  L__Lcd_Cmd39
  _Lcd_Chr_CP
  _LCD_Out_CP
  _Lcd_Chr
  _Lcd_Init
  _LCD_Out
  lab_end
  loop_lab
  lab_end1
  lab_loop1
  lab_end2
  lab_loop3
  __Div_8x8_S_Bpositive
  __Div_8x8_S_Apositive
  __Div_8x8_S_Skip_Div
  __Div_8x8_S_div_ret
  __op2hi_not_zero
  __op1hi_not_zero
  __Div_16x16_U_Loop1
  __Div_16x16_U_Lab1
  __Div_16x16_U_div_ret
  __Div_16x16_U_Loop2
  __Div_16x16_U_Lab2
  __Div_16x16_U_Lab3
  __Div_16x16_S_op2hipositive
  __Div_16x16_S_op1hipositive
  __Div_16x16_S_Skip_Udiv
  __Div_16x16_S_div_ret
  __Div_32x32_U_start
  __Div_32x32_U_aux
  __Div_32x32_U_l2
  __Div_32x32_U_l1
  lw_1
  lw_2
  __Div_32x32_U_l3
  lw_3
  __Div_32x32_U_l4
  __Div_32x32_U_IR_l0
  __Div_32x32_U_l5
  __Div_32x32_U_l6
  __Div_32x32_U_l8
  __Div_32x32_U_l7
  __Div_32x32_U_IR_l1
  __Div_32x32_U_l10
  __Div_32x32_U_l9
  __Div_32x32_U_IR_l2
  __Div_32x32_S_l1
  __Div_32x32_S_call_uns
  __Div_32x32_S_l2
  __Div_32x32_S_l3
  __Div_32x32_S_div_ret
  __shl_long
  __shr_longint
  __shr_longword
  _Mul_16x16
  _Mul_32x32
  _Div_8x8_S
  _Div_16x16_U
  _Div_16x16_S
  _Div_32x32_U
  _Div_32x32_S
  L_Ow_Read0
  L_Ow_Read1
  L_Ow_Read2
  L_Ow_Write3
  L_Ow_Write4
  L_Ow_Write5
  _Ow_Reset
  _Ow_Read
  L__Ow_Read6
  L__Ow_Read7
  _Ow_Write
  L__Ow_Write8
  L__Ow_Write9
  _CC2D_Loop1
  _CC2PD_Loop1
  _CC2XD_Loop1
  ___DoIFC
  ___CC2D
  ___CC2PD
  ___CC2XD
  L_UART1_Write0
  L_UART1_Write1
  L_UART1_Write_Text2
  L_UART1_Write_Text3
  L_UART1_Read_Text4
  L_UART1_Read_Text5
  L_UART1_Read_Text6
  L_UART1_Read_Text7
  L_UART1_Read_Text8
  L_UART1_Read_Text9
  L_UART1_Read_Text10
  L_UART1_Read_Text11
  L_UART1_Read_Text12
  _UART1_Init
  _UART1_Write
  _UART1_Data_Ready
  _UART1_Read
  _UART1_Write_Text
  _UART1_Read_Text
  _UART_Set_Active
