;  LST file generated by mikroListExporter - v.2.0 
; Date/Time: 13.01.2022 12:13:03
;----------------------------------------------

;Address Opcode 	ASM
0x0000	0x0202F8  	LJMP 760
0x0003	0x020000  	LJMP 0
0x0006	0x00      	NOP
0x0007	0x00      	NOP
0x0008	0x00      	NOP
0x0009	0x00      	NOP
0x000A	0x00      	NOP
0x000B	0x020000  	LJMP 0
0x000E	0x00      	NOP
0x000F	0x00      	NOP
0x0010	0x00      	NOP
0x0011	0x00      	NOP
0x0012	0x00      	NOP
0x0013	0x020000  	LJMP 0
0x0016	0x00      	NOP
0x0017	0x00      	NOP
0x0018	0x00      	NOP
0x0019	0x00      	NOP
0x001A	0x00      	NOP
0x001B	0x020000  	LJMP 0
0x001E	0x00      	NOP
0x001F	0x00      	NOP
0x0020	0x00      	NOP
0x0021	0x00      	NOP
0x0022	0x00      	NOP
0x0023	0x020000  	LJMP 0
0x0026	0x00      	NOP
0x0027	0x00      	NOP
0x0028	0x00      	NOP
0x0029	0x00      	NOP
0x002A	0x00      	NOP
0x002B	0x020000  	LJMP 0
_Delay_10us:
;__Lib_Delays.c,88 :: 		void Delay_10us() {
;__Lib_Delays.c,89 :: 		Delay_us(10);
0x002E	0x7F03    	MOV R7, 3
0x0030	0xDFFE    	DJNZ R7, PC-2
0x0032	0x00      	NOP
;__Lib_Delays.c,90 :: 		}
0x0033	0x22      	RET
; end of _Delay_10us
_Delay_1us:
;__Lib_Delays.c,63 :: 		void Delay_1us() {
;__Lib_Delays.c,64 :: 		Delay_us(1);
0x0034	0x00      	NOP
;__Lib_Delays.c,65 :: 		}
0x0035	0x22      	RET
; end of _Delay_1us
__Lib_Glcd_Strobe:
;__Lib_Glcd.c,22 :: 		
;__Lib_Glcd.c,23 :: 		
0x0036	0x112E    	ACALL _Delay_10us
;__Lib_Glcd.c,24 :: 		
0x0038	0xD286    	SETB GLCD_EN
;__Lib_Glcd.c,25 :: 		
0x003A	0x112E    	ACALL _Delay_10us
;__Lib_Glcd.c,26 :: 		
0x003C	0xC286    	CLR GLCD_EN
;__Lib_Glcd.c,27 :: 		
0x003E	0x22      	RET
; end of __Lib_Glcd_Strobe
_Glcd_Read_Data:
;__Lib_Glcd.c,64 :: 		
;__Lib_Glcd.c,70 :: 		
0x003F	0x75A0FF  	MOV GLCD_DataPort, #255
;__Lib_Glcd.c,72 :: 		
0x0042	0x1134    	ACALL _Delay_1us
;__Lib_Glcd.c,73 :: 		
0x0044	0x1134    	ACALL _Delay_1us
;__Lib_Glcd.c,75 :: 		
0x0046	0xD284    	SETB GLCD_RS
;__Lib_Glcd.c,76 :: 		
0x0048	0xC286    	CLR GLCD_EN
;__Lib_Glcd.c,77 :: 		
0x004A	0xD285    	SETB GLCD_RW
;__Lib_Glcd.c,79 :: 		
0x004C	0xD286    	SETB GLCD_EN
;__Lib_Glcd.c,81 :: 		
0x004E	0x112E    	ACALL _Delay_10us
;__Lib_Glcd.c,89 :: 		
0x0050	0x85A05A  	MOV Glcd_Read_Data_local_L0, GLCD_DataPort+0
;__Lib_Glcd.c,91 :: 		
0x0053	0xC286    	CLR GLCD_EN
;__Lib_Glcd.c,92 :: 		
0x0055	0xC285    	CLR GLCD_RW
;__Lib_Glcd.c,94 :: 		
0x0057	0x1134    	ACALL _Delay_1us
;__Lib_Glcd.c,95 :: 		
0x0059	0x1134    	ACALL _Delay_1us
;__Lib_Glcd.c,100 :: 		
0x005B	0xA85A    	MOV R0, Glcd_Read_Data_local_L0
;__Lib_Glcd.c,101 :: 		
0x005D	0x22      	RET
; end of _Glcd_Read_Data
_Glcd_Set_Side:
;__Lib_Glcd.c,39 :: 		
;__Lib_Glcd.c,40 :: 		
0x005E	0xE55A    	MOV A, FARG_Glcd_Set_Side_x_pos
0x0060	0x547F    	ANL A, #127
0x0062	0xF8      	MOV R0, A
0x0063	0x85005A  	MOV FARG_Glcd_Set_Side_x_pos, 0
;__Lib_Glcd.c,41 :: 		
0x0066	0x530040  	ANL R0, #64
0x0069	0xE8      	MOV A, R0
0x006A	0x6006    	JZ L_Glcd_Set_Side0
;__Lib_Glcd.c,42 :: 		
0x006C	0xD282    	SETB GLCD_CS1
;__Lib_Glcd.c,43 :: 		
0x006E	0xC283    	CLR GLCD_CS2
;__Lib_Glcd.c,44 :: 		
0x0070	0x8004    	SJMP L_Glcd_Set_Side1
L_Glcd_Set_Side0:
;__Lib_Glcd.c,45 :: 		
0x0072	0xC282    	CLR GLCD_CS1
;__Lib_Glcd.c,46 :: 		
0x0074	0xD283    	SETB GLCD_CS2
;__Lib_Glcd.c,47 :: 		
L_Glcd_Set_Side1:
;__Lib_Glcd.c,48 :: 		
0x0076	0x22      	RET
; end of _Glcd_Set_Side
_Glcd_Set_X:
;__Lib_Glcd.c,50 :: 		
;__Lib_Glcd.c,52 :: 		
0x0077	0xE55A    	MOV A, FARG_Glcd_Set_X_x_pos
0x0079	0x547F    	ANL A, #127
0x007B	0xF8      	MOV R0, A
0x007C	0x85005A  	MOV FARG_Glcd_Set_X_x_pos, 0
;__Lib_Glcd.c,53 :: 		
0x007F	0xC284    	CLR GLCD_RS
;__Lib_Glcd.c,54 :: 		
0x0081	0xC285    	CLR GLCD_RW
;__Lib_Glcd.c,56 :: 		
0x0083	0x5300BF  	ANL R0, #191
0x0086	0x85005A  	MOV FARG_Glcd_Set_X_x_pos, 0
;__Lib_Glcd.c,57 :: 		
0x0089	0x430040  	ORL R0, #64
0x008C	0x85005A  	MOV FARG_Glcd_Set_X_x_pos, 0
;__Lib_Glcd.c,59 :: 		
0x008F	0x8500A0  	MOV GLCD_DataPort, 0
;__Lib_Glcd.c,60 :: 		
0x0092	0x1136    	ACALL __Lib_Glcd_Strobe
;__Lib_Glcd.c,61 :: 		
0x0094	0x22      	RET
; end of _Glcd_Set_X
_Glcd_Set_Page:
;__Lib_Glcd.c,30 :: 		
;__Lib_Glcd.c,32 :: 		
0x0095	0xC284    	CLR GLCD_RS
;__Lib_Glcd.c,33 :: 		
0x0097	0xC285    	CLR GLCD_RW
;__Lib_Glcd.c,34 :: 		
0x0099	0xE55A    	MOV A, FARG_Glcd_Set_Page_page
0x009B	0x44B8    	ORL A, #184
0x009D	0xF5A0    	MOV GLCD_DataPort, A
;__Lib_Glcd.c,35 :: 		
0x009F	0x1136    	ACALL __Lib_Glcd_Strobe
;__Lib_Glcd.c,36 :: 		
0x00A1	0x22      	RET
; end of _Glcd_Set_Page
_Glcd_Write_Data:
;__Lib_Glcd.c,104 :: 		
;__Lib_Glcd.c,106 :: 		
0x00A2	0xC286    	CLR GLCD_EN
;__Lib_Glcd.c,107 :: 		
0x00A4	0xD284    	SETB GLCD_RS
;__Lib_Glcd.c,108 :: 		
0x00A6	0xC285    	CLR GLCD_RW
;__Lib_Glcd.c,110 :: 		
0x00A8	0x855AA0  	MOV GLCD_DataPort, FARG_Glcd_Write_Data_ddata+0
;__Lib_Glcd.c,111 :: 		
0x00AB	0x1136    	ACALL __Lib_Glcd_Strobe
;__Lib_Glcd.c,112 :: 		
0x00AD	0x22      	RET
; end of _Glcd_Write_Data
_Mul_16x16:
;__Lib_Math.c,112 :: 		
;__Lib_Math.c,114 :: 		
0x00AE	0xE8      	MOV A, R0
;__Lib_Math.c,115 :: 		
0x00AF	0x8CF0    	MOV B, R4
;__Lib_Math.c,116 :: 		
0x00B1	0xA4      	MUL AB
;__Lib_Math.c,117 :: 		
0x00B2	0xAFF0    	MOV R7, B
;__Lib_Math.c,118 :: 		
0x00B4	0xC8      	XCH A, R0
;__Lib_Math.c,119 :: 		
0x00B5	0x8DF0    	MOV B, R5
;__Lib_Math.c,120 :: 		
0x00B7	0xA4      	MUL AB
;__Lib_Math.c,121 :: 		
0x00B8	0x2F      	ADD A, R7
;__Lib_Math.c,122 :: 		
0x00B9	0xC9      	XCH A, R1
;__Lib_Math.c,123 :: 		
0x00BA	0x8CF0    	MOV B, R4
;__Lib_Math.c,124 :: 		
0x00BC	0xA4      	MUL AB
;__Lib_Math.c,125 :: 		
0x00BD	0x29      	ADD A, R1
;__Lib_Math.c,126 :: 		
0x00BE	0xF9      	MOV R1, A
;__Lib_Math.c,128 :: 		
0x00BF	0x22      	RET
; end of _Mul_16x16
_Glcd_Write_Char:
;__Lib_Glcd.c,204 :: 		
;__Lib_Glcd.c,208 :: 		
0x00C0	0xC3      	CLR C
0x00C1	0xE52A    	MOV A, FARG_Glcd_Write_Char_chr
0x00C3	0x951D    	SUBB A, __Lib_Glcd_fontOffset
0x00C5	0xF8      	MOV R0, A
0x00C6	0xE4      	CLR A
0x00C7	0x951E    	SUBB A, __Lib_Glcd_fontOffset+1
0x00C9	0xF9      	MOV R1, A
0x00CA	0xAC19    	MOV R4, __Lib_Glcd_fontW
0x00CC	0xE4      	CLR A
0x00CD	0xFD      	MOV R5, A
0x00CE	0x11AE    	ACALL _Mul_16x16
0x00D0	0x850058  	MOV Glcd_Write_Char_pointer_L0, 0
0x00D3	0x850159  	MOV Glcd_Write_Char_pointer_L0+1, 1
;__Lib_Glcd.c,210 :: 		
0x00D6	0x852B5A  	MOV FARG_Glcd_Set_X_x_pos, FARG_Glcd_Write_Char_x_pos+0
0x00D9	0x1177    	ACALL _Glcd_Set_X
;__Lib_Glcd.c,211 :: 		
0x00DB	0x852C5A  	MOV FARG_Glcd_Set_Page_page, FARG_Glcd_Write_Char_page_num+0
0x00DE	0x1195    	ACALL _Glcd_Set_Page
;__Lib_Glcd.c,213 :: 		
0x00E0	0x752E00  	MOV Glcd_Write_Char_ii_L0, #0
L_Glcd_Write_Char14:
0x00E3	0xC3      	CLR C
0x00E4	0xE52E    	MOV A, Glcd_Write_Char_ii_L0
0x00E6	0x9519    	SUBB A, __Lib_Glcd_fontW
0x00E8	0x4002    	JC #2
0x00EA	0x2168    	AJMP L_Glcd_Write_Char15
;__Lib_Glcd.c,214 :: 		
0x00EC	0x852B5A  	MOV FARG_Glcd_Set_Side_x_pos, FARG_Glcd_Write_Char_x_pos+0
0x00EF	0x115E    	ACALL _Glcd_Set_Side
;__Lib_Glcd.c,215 :: 		
0x00F1	0x852C5A  	MOV FARG_Glcd_Set_Page_page, FARG_Glcd_Write_Char_page_num+0
0x00F4	0x1195    	ACALL _Glcd_Set_Page
;__Lib_Glcd.c,216 :: 		
0x00F6	0x852B5A  	MOV FARG_Glcd_Set_X_x_pos, FARG_Glcd_Write_Char_x_pos+0
0x00F9	0x1177    	ACALL _Glcd_Set_X
;__Lib_Glcd.c,218 :: 		
0x00FB	0x113F    	ACALL _Glcd_Read_Data
0x00FD	0x85002F  	MOV Glcd_Write_Char_rdata_L0, 0
;__Lib_Glcd.c,219 :: 		
0x0100	0x113F    	ACALL _Glcd_Read_Data
0x0102	0x85002F  	MOV Glcd_Write_Char_rdata_L0, 0
;__Lib_Glcd.c,221 :: 		
0x0105	0x852B5A  	MOV FARG_Glcd_Set_Side_x_pos, FARG_Glcd_Write_Char_x_pos+0
0x0108	0x115E    	ACALL _Glcd_Set_Side
;__Lib_Glcd.c,222 :: 		
0x010A	0x852C5A  	MOV FARG_Glcd_Set_Page_page, FARG_Glcd_Write_Char_page_num+0
0x010D	0x1195    	ACALL _Glcd_Set_Page
;__Lib_Glcd.c,223 :: 		
0x010F	0x852B5A  	MOV FARG_Glcd_Set_X_x_pos, FARG_Glcd_Write_Char_x_pos+0
0x0112	0x1177    	ACALL _Glcd_Set_X
;__Lib_Glcd.c,225 :: 		
0x0114	0xE51F    	MOV A, __Lib_Glcd_fontDef
0x0116	0x2558    	ADD A, Glcd_Write_Char_pointer_L0
0x0118	0xF9      	MOV R1, A
0x0119	0xE520    	MOV A, __Lib_Glcd_fontDef+1
0x011B	0x3559    	ADDC A, Glcd_Write_Char_pointer_L0+1
0x011D	0xFA      	MOV R2, A
0x011E	0x850182  	MOV DPL, 1
0x0121	0x850283  	MOV DPH, 2
0x0124	0xE4      	CLR A
0x0125	0x93      	MOVC A, @A+DPTR
0x0126	0xF8      	MOV R0, A
0x0127	0x850056  	MOV Glcd_Write_Char_dama_L0, 0
0x012A	0x7401    	MOV A, #1
0x012C	0x2558    	ADD A, Glcd_Write_Char_pointer_L0
0x012E	0xF558    	MOV Glcd_Write_Char_pointer_L0, A
0x0130	0x7400    	MOV A, #0
0x0132	0x3559    	ADDC A, Glcd_Write_Char_pointer_L0+1
0x0134	0xF559    	MOV Glcd_Write_Char_pointer_L0+1, A
;__Lib_Glcd.c,226 :: 		
0x0136	0xE8      	MOV A, R0
0x0137	0x64FF    	XRL A, #255
0x0139	0xF557    	MOV Glcd_Write_Char_nema_L0, A
;__Lib_Glcd.c,228 :: 		
0x013B	0x8010    	SJMP L_Glcd_Write_Char17
;__Lib_Glcd.c,229 :: 		
L_Glcd_Write_Char19:
0x013D	0x85572F  	MOV Glcd_Write_Char_rdata_L0, Glcd_Write_Char_nema_L0+0
0x0140	0x801B    	SJMP L_Glcd_Write_Char18
;__Lib_Glcd.c,230 :: 		
L_Glcd_Write_Char20:
0x0142	0x85562F  	MOV Glcd_Write_Char_rdata_L0, Glcd_Write_Char_dama_L0+0
0x0145	0x8016    	SJMP L_Glcd_Write_Char18
;__Lib_Glcd.c,231 :: 		
L_Glcd_Write_Char21:
0x0147	0xE556    	MOV A, Glcd_Write_Char_dama_L0
0x0149	0x622F    	XRL Glcd_Write_Char_rdata_L0, A
;__Lib_Glcd.c,232 :: 		
0x014B	0x8010    	SJMP L_Glcd_Write_Char18
L_Glcd_Write_Char17:
0x014D	0xE52D    	MOV A, FARG_Glcd_Write_Char_color
0x014F	0x60EC    	JZ L_Glcd_Write_Char19
0x0151	0xE52D    	MOV A, FARG_Glcd_Write_Char_color
0x0153	0x6401    	XRL A, #1
0x0155	0x60EB    	JZ L_Glcd_Write_Char20
0x0157	0xE52D    	MOV A, FARG_Glcd_Write_Char_color
0x0159	0x6402    	XRL A, #2
0x015B	0x60EA    	JZ L_Glcd_Write_Char21
L_Glcd_Write_Char18:
;__Lib_Glcd.c,233 :: 		
0x015D	0x852F5A  	MOV FARG_Glcd_Write_Data_ddata, Glcd_Write_Char_rdata_L0+0
0x0160	0x11A2    	ACALL _Glcd_Write_Data
;__Lib_Glcd.c,234 :: 		
0x0162	0x052B    	INC FARG_Glcd_Write_Char_x_pos
;__Lib_Glcd.c,213 :: 		
0x0164	0x052E    	INC Glcd_Write_Char_ii_L0
;__Lib_Glcd.c,235 :: 		
0x0166	0x01E3    	AJMP L_Glcd_Write_Char14
L_Glcd_Write_Char15:
;__Lib_Glcd.c,238 :: 		
0x0168	0x852B5A  	MOV FARG_Glcd_Set_Side_x_pos, FARG_Glcd_Write_Char_x_pos+0
0x016B	0x115E    	ACALL _Glcd_Set_Side
;__Lib_Glcd.c,239 :: 		
0x016D	0x852C5A  	MOV FARG_Glcd_Set_Page_page, FARG_Glcd_Write_Char_page_num+0
0x0170	0x1195    	ACALL _Glcd_Set_Page
;__Lib_Glcd.c,240 :: 		
0x0172	0x852B5A  	MOV FARG_Glcd_Set_X_x_pos, FARG_Glcd_Write_Char_x_pos+0
0x0175	0x1177    	ACALL _Glcd_Set_X
;__Lib_Glcd.c,242 :: 		
0x0177	0x7556FF  	MOV Glcd_Write_Char_dama_L0, #255
;__Lib_Glcd.c,243 :: 		
0x017A	0x755700  	MOV Glcd_Write_Char_nema_L0, #0
;__Lib_Glcd.c,245 :: 		
0x017D	0x8014    	SJMP L_Glcd_Write_Char22
;__Lib_Glcd.c,246 :: 		
L_Glcd_Write_Char24:
;__Lib_Glcd.c,247 :: 		
0x017F	0x85562F  	MOV Glcd_Write_Char_rdata_L0, Glcd_Write_Char_dama_L0+0
;__Lib_Glcd.c,248 :: 		
0x0182	0x85565A  	MOV FARG_Glcd_Write_Data_ddata, Glcd_Write_Char_dama_L0+0
0x0185	0x11A2    	ACALL _Glcd_Write_Data
;__Lib_Glcd.c,249 :: 		
0x0187	0x8014    	SJMP L_Glcd_Write_Char23
;__Lib_Glcd.c,250 :: 		
L_Glcd_Write_Char25:
;__Lib_Glcd.c,251 :: 		
0x0189	0x85572F  	MOV Glcd_Write_Char_rdata_L0, Glcd_Write_Char_nema_L0+0
;__Lib_Glcd.c,252 :: 		
0x018C	0x85575A  	MOV FARG_Glcd_Write_Data_ddata, Glcd_Write_Char_nema_L0+0
0x018F	0x11A2    	ACALL _Glcd_Write_Data
;__Lib_Glcd.c,253 :: 		
0x0191	0x800A    	SJMP L_Glcd_Write_Char23
;__Lib_Glcd.c,254 :: 		
L_Glcd_Write_Char22:
0x0193	0xE52D    	MOV A, FARG_Glcd_Write_Char_color
0x0195	0x60E8    	JZ L_Glcd_Write_Char24
0x0197	0xE52D    	MOV A, FARG_Glcd_Write_Char_color
0x0199	0x6401    	XRL A, #1
0x019B	0x60EC    	JZ L_Glcd_Write_Char25
L_Glcd_Write_Char23:
;__Lib_Glcd.c,256 :: 		
0x019D	0x22      	RET
; end of _Glcd_Write_Char
_UART1_Data_Ready:
;__Lib_UART_Timer1.c,35 :: 		
;__Lib_UART_Timer1.c,36 :: 		
0x019E	0xA298    	MOV C, SCON.B0
0x01A0	0xE4      	CLR A
0x01A1	0x33      	RLC A
0x01A2	0xF8      	MOV R0, A
;__Lib_UART_Timer1.c,37 :: 		
0x01A3	0x22      	RET
; end of _UART1_Data_Ready
_Glcd_Init:
;__Lib_Glcd.c,136 :: 		
;__Lib_Glcd.c,138 :: 		
0x01A4	0xC287    	CLR GLCD_RST
;__Lib_Glcd.c,154 :: 		
0x01A6	0xC284    	CLR GLCD_RS
;__Lib_Glcd.c,155 :: 		
0x01A8	0xC285    	CLR GLCD_RW
;__Lib_Glcd.c,158 :: 		
0x01AA	0xD287    	SETB GLCD_RST
;__Lib_Glcd.c,161 :: 		
0x01AC	0x1134    	ACALL _Delay_1us
;__Lib_Glcd.c,166 :: 		
0x01AE	0xC282    	CLR GLCD_CS1
;__Lib_Glcd.c,167 :: 		
0x01B0	0xD283    	SETB GLCD_CS2
;__Lib_Glcd.c,169 :: 		
0x01B2	0x75A03F  	MOV GLCD_DataPort, #63
;__Lib_Glcd.c,170 :: 		
0x01B5	0x1136    	ACALL __Lib_Glcd_Strobe
;__Lib_Glcd.c,172 :: 		
0x01B7	0x75A0C0  	MOV GLCD_DataPort, #192
;__Lib_Glcd.c,173 :: 		
0x01BA	0x1136    	ACALL __Lib_Glcd_Strobe
;__Lib_Glcd.c,175 :: 		
0x01BC	0xD282    	SETB GLCD_CS1
;__Lib_Glcd.c,176 :: 		
0x01BE	0xC283    	CLR GLCD_CS2
;__Lib_Glcd.c,178 :: 		
0x01C0	0x75A03F  	MOV GLCD_DataPort, #63
;__Lib_Glcd.c,179 :: 		
0x01C3	0x1136    	ACALL __Lib_Glcd_Strobe
;__Lib_Glcd.c,181 :: 		
0x01C5	0x75A0C0  	MOV GLCD_DataPort, #192
;__Lib_Glcd.c,182 :: 		
0x01C8	0x1136    	ACALL __Lib_Glcd_Strobe
;__Lib_Glcd.c,185 :: 		
0x01CA	0x751905  	MOV __Lib_Glcd_fontW, #5
;__Lib_Glcd.c,186 :: 		
0x01CD	0x751207  	MOV __Lib_Glcd_fontH, #7
;__Lib_Glcd.c,187 :: 		
0x01D0	0x751FE1  	MOV __Lib_Glcd_fontDef, #_font5x7+0
0x01D3	0x75200B  	MOV __Lib_Glcd_fontDef+1, hi(#_font5x7+0)
;__Lib_Glcd.c,188 :: 		
0x01D6	0x751D20  	MOV __Lib_Glcd_fontOffset, #32
0x01D9	0x751E00  	MOV __Lib_Glcd_fontOffset+1, #0
;__Lib_Glcd.c,189 :: 		
0x01DC	0x22      	RET
; end of _Glcd_Init
_Glcd_Write_Text:
;__Lib_Glcd.c,260 :: 		
;__Lib_Glcd.c,261 :: 		
0x01DD	0x752800  	MOV Glcd_Write_Text_i_L0, #0
;__Lib_Glcd.c,263 :: 		
L_Glcd_Write_Text26:
0x01E0	0xE524    	MOV A, FARG_Glcd_Write_Text_text
0x01E2	0x2528    	ADD A, Glcd_Write_Text_i_L0
0x01E4	0xF8      	MOV R0, A
0x01E5	0xE6      	MOV A, @R0
0x01E6	0x6020    	JZ L_Glcd_Write_Text27
;__Lib_Glcd.c,264 :: 		
0x01E8	0xE524    	MOV A, FARG_Glcd_Write_Text_text
0x01EA	0x2528    	ADD A, Glcd_Write_Text_i_L0
0x01EC	0xF8      	MOV R0, A
0x01ED	0x862A    	MOV FARG_Glcd_Write_Char_chr, @R0
0x01EF	0x85252B  	MOV FARG_Glcd_Write_Char_x_pos, FARG_Glcd_Write_Text_x_pos+0
0x01F2	0x85262C  	MOV FARG_Glcd_Write_Char_page_num, FARG_Glcd_Write_Text_page_num+0
0x01F5	0x85272D  	MOV FARG_Glcd_Write_Char_color, FARG_Glcd_Write_Text_color+0
0x01F8	0x11C0    	ACALL _Glcd_Write_Char
;__Lib_Glcd.c,265 :: 		
0x01FA	0xE519    	MOV A, __Lib_Glcd_fontW
0x01FC	0x2401    	ADD A, #1
0x01FE	0xF8      	MOV R0, A
0x01FF	0xE525    	MOV A, FARG_Glcd_Write_Text_x_pos
0x0201	0x28      	ADD A, R0
0x0202	0xF525    	MOV FARG_Glcd_Write_Text_x_pos, A
;__Lib_Glcd.c,266 :: 		
0x0204	0x0528    	INC Glcd_Write_Text_i_L0
;__Lib_Glcd.c,267 :: 		
0x0206	0x80D8    	SJMP L_Glcd_Write_Text26
L_Glcd_Write_Text27:
;__Lib_Glcd.c,268 :: 		
0x0208	0x22      	RET
; end of _Glcd_Write_Text
_Glcd_Fill:
;__Lib_Glcd.c,115 :: 		
;__Lib_Glcd.c,118 :: 		
0x0209	0xC282    	CLR GLCD_CS1
0x020B	0xD283    	SETB GLCD_CS2
;__Lib_Glcd.c,119 :: 		
0x020D	0x752600  	MOV Glcd_Fill_page_L0, #0
L_Glcd_Fill2:
0x0210	0xD3      	SETB C
0x0211	0xE526    	MOV A, Glcd_Fill_page_L0
0x0213	0x9407    	SUBB A, #7
0x0215	0x501C    	JNC L_Glcd_Fill3
;__Lib_Glcd.c,120 :: 		
0x0217	0x85265A  	MOV FARG_Glcd_Set_Page_page, Glcd_Fill_page_L0+0
0x021A	0x1195    	ACALL _Glcd_Set_Page
;__Lib_Glcd.c,122 :: 		
0x021C	0x752500  	MOV Glcd_Fill_yy_L0, #0
L_Glcd_Fill5:
0x021F	0xD3      	SETB C
0x0220	0xE525    	MOV A, Glcd_Fill_yy_L0
0x0222	0x943F    	SUBB A, #63
0x0224	0x5009    	JNC L_Glcd_Fill6
;__Lib_Glcd.c,123 :: 		
0x0226	0x85245A  	MOV FARG_Glcd_Write_Data_ddata, FARG_Glcd_Fill_pattern+0
0x0229	0x11A2    	ACALL _Glcd_Write_Data
;__Lib_Glcd.c,122 :: 		
0x022B	0x0525    	INC Glcd_Fill_yy_L0
;__Lib_Glcd.c,125 :: 		
0x022D	0x80F0    	SJMP L_Glcd_Fill5
L_Glcd_Fill6:
;__Lib_Glcd.c,119 :: 		
0x022F	0x0526    	INC Glcd_Fill_page_L0
;__Lib_Glcd.c,126 :: 		
0x0231	0x80DD    	SJMP L_Glcd_Fill2
L_Glcd_Fill3:
;__Lib_Glcd.c,127 :: 		
0x0233	0xC283    	CLR GLCD_CS2
0x0235	0xD282    	SETB GLCD_CS1
;__Lib_Glcd.c,128 :: 		
0x0237	0x752600  	MOV Glcd_Fill_page_L0, #0
L_Glcd_Fill8:
0x023A	0xD3      	SETB C
0x023B	0xE526    	MOV A, Glcd_Fill_page_L0
0x023D	0x9407    	SUBB A, #7
0x023F	0x501C    	JNC L_Glcd_Fill9
;__Lib_Glcd.c,129 :: 		
0x0241	0x85265A  	MOV FARG_Glcd_Set_Page_page, Glcd_Fill_page_L0+0
0x0244	0x1195    	ACALL _Glcd_Set_Page
;__Lib_Glcd.c,130 :: 		
0x0246	0x752500  	MOV Glcd_Fill_yy_L0, #0
L_Glcd_Fill11:
0x0249	0xD3      	SETB C
0x024A	0xE525    	MOV A, Glcd_Fill_yy_L0
0x024C	0x943F    	SUBB A, #63
0x024E	0x5009    	JNC L_Glcd_Fill12
;__Lib_Glcd.c,131 :: 		
0x0250	0x85245A  	MOV FARG_Glcd_Write_Data_ddata, FARG_Glcd_Fill_pattern+0
0x0253	0x11A2    	ACALL _Glcd_Write_Data
;__Lib_Glcd.c,130 :: 		
0x0255	0x0525    	INC Glcd_Fill_yy_L0
;__Lib_Glcd.c,131 :: 		
0x0257	0x80F0    	SJMP L_Glcd_Fill11
L_Glcd_Fill12:
;__Lib_Glcd.c,128 :: 		
0x0259	0x0526    	INC Glcd_Fill_page_L0
;__Lib_Glcd.c,132 :: 		
0x025B	0x80DD    	SJMP L_Glcd_Fill8
L_Glcd_Fill9:
;__Lib_Glcd.c,133 :: 		
0x025D	0x22      	RET
; end of _Glcd_Fill
_UART1_Init:
;__Lib_UART_Timer1.c,15 :: 		
;__Lib_UART_Timer1.c,16 :: 		
0x025E	0x750F99  	MOV _UART_Wr_Ptr, #_UART1_Write+0
0x0261	0x751002  	MOV _UART_Wr_Ptr+1, hi(#_UART1_Write+0)
0x0264	0x751124  	MOV _UART_Wr_Ptr+2, #FARG_UART1_Write_data_+0
;__Lib_UART_Timer1.c,17 :: 		
0x0267	0x7516A6  	MOV _UART_Rd_Ptr, #_UART1_Read+0
0x026A	0x751702  	MOV _UART_Rd_Ptr+1, hi(#_UART1_Read+0)
0x026D	0x751800  	MOV _UART_Rd_Ptr+2, 0
;__Lib_UART_Timer1.c,18 :: 		
0x0270	0x75139E  	MOV _UART_Rdy_Ptr, #_UART1_Data_Ready+0
0x0273	0x751401  	MOV _UART_Rdy_Ptr+1, hi(#_UART1_Data_Ready+0)
0x0276	0x751500  	MOV _UART_Rdy_Ptr+2, 0
;__Lib_UART_Timer1.c,21 :: 		
0x0279	0x759850  	MOV SCON, #80
;__Lib_UART_Timer1.c,22 :: 		
0x027C	0x758780  	MOV PCON, #128
;__Lib_UART_Timer1.c,23 :: 		
0x027F	0x758840  	MOV TCON, #64
;__Lib_UART_Timer1.c,24 :: 		
0x0282	0x758920  	MOV TMOD, #32
;__Lib_UART_Timer1.c,25 :: 		
0x0285	0x22      	RET
; end of _UART1_Init
_Glcd_Set_Font:
;__Lib_Glcd.c,193 :: 		
;__Lib_Glcd.c,194 :: 		
0x0286	0x85241F  	MOV __Lib_Glcd_fontDef, FARG_Glcd_Set_Font_activeFont+0
0x0289	0x852520  	MOV __Lib_Glcd_fontDef+1, FARG_Glcd_Set_Font_activeFont+1
;__Lib_Glcd.c,195 :: 		
0x028C	0x85281D  	MOV __Lib_Glcd_fontOffset, FARG_Glcd_Set_Font_aFontOffs+0
0x028F	0x85291E  	MOV __Lib_Glcd_fontOffset+1, FARG_Glcd_Set_Font_aFontOffs+1
;__Lib_Glcd.c,196 :: 		
0x0292	0x852619  	MOV __Lib_Glcd_fontW, FARG_Glcd_Set_Font_aFontWidth+0
;__Lib_Glcd.c,197 :: 		
0x0295	0x852712  	MOV __Lib_Glcd_fontH, FARG_Glcd_Set_Font_aFontHeight+0
;__Lib_Glcd.c,198 :: 		
0x0298	0x22      	RET
; end of _Glcd_Set_Font
_UART1_Write:
;__Lib_UART_Timer1.c,27 :: 		
;__Lib_UART_Timer1.c,28 :: 		
0x0299	0xC299    	CLR SCON.B1
;__Lib_UART_Timer1.c,29 :: 		
0x029B	0x852499  	MOV SBUF, FARG_UART1_Write_data_+0
;__Lib_UART_Timer1.c,30 :: 		
L_UART1_Write0:
0x029E	0x209902  	JB SCON.B1, L_UART1_Write1
;__Lib_UART_Timer1.c,31 :: 		
0x02A1	0x80FB    	SJMP L_UART1_Write0
L_UART1_Write1:
;__Lib_UART_Timer1.c,32 :: 		
0x02A3	0xC299    	CLR SCON.B1
;__Lib_UART_Timer1.c,33 :: 		
0x02A5	0x22      	RET
; end of _UART1_Write
_UART1_Read:
;__Lib_UART_Timer1.c,39 :: 		
;__Lib_UART_Timer1.c,40 :: 		
0x02A6	0xC298    	CLR SCON.B0
;__Lib_UART_Timer1.c,41 :: 		
0x02A8	0xA899    	MOV R0, SBUF
;__Lib_UART_Timer1.c,42 :: 		
0x02AA	0x22      	RET
; end of _UART1_Read
___CC2D:
;__Lib_System.c,13 :: 		
;__Lib_System.c,15 :: 		
_CC2D_Loop1:
;__Lib_System.c,16 :: 		
0x02AB	0xE4      	CLR A
;__Lib_System.c,17 :: 		
0x02AC	0x93      	MOVC A, @A+DPTR
;__Lib_System.c,18 :: 		
0x02AD	0xF6      	MOV @R0, A
;__Lib_System.c,19 :: 		
0x02AE	0x08      	INC R0
;__Lib_System.c,20 :: 		
0x02AF	0xA3      	INC DPTR
;__Lib_System.c,21 :: 		
0x02B0	0xD9F9    	DJNZ R1, _CC2D_Loop1
;__Lib_System.c,23 :: 		
0x02B2	0x22      	RET
; end of ___CC2D
_ByteToStr:
;__Lib_Conversions.c,2 :: 		
;__Lib_Conversions.c,5 :: 		
0x02B3	0x752600  	MOV ByteToStr_DigitPos_L0, #0
L_ByteToStr0:
0x02B6	0xC3      	CLR C
0x02B7	0xE526    	MOV A, ByteToStr_DigitPos_L0
0x02B9	0x9403    	SUBB A, #3
0x02BB	0x500B    	JNC L_ByteToStr1
;__Lib_Conversions.c,6 :: 		
0x02BD	0xE525    	MOV A, FARG_ByteToStr_output
0x02BF	0x2526    	ADD A, ByteToStr_DigitPos_L0
0x02C1	0xF8      	MOV R0, A
0x02C2	0x7620    	MOV @R0, #32
;__Lib_Conversions.c,5 :: 		
0x02C4	0x0526    	INC ByteToStr_DigitPos_L0
;__Lib_Conversions.c,6 :: 		
0x02C6	0x80EE    	SJMP L_ByteToStr0
L_ByteToStr1:
;__Lib_Conversions.c,8 :: 		
0x02C8	0xE525    	MOV A, FARG_ByteToStr_output
0x02CA	0x2526    	ADD A, ByteToStr_DigitPos_L0
0x02CC	0xF8      	MOV R0, A
0x02CD	0x7600    	MOV @R0, #0
0x02CF	0x1526    	DEC ByteToStr_DigitPos_L0
;__Lib_Conversions.c,10 :: 		
L_ByteToStr3:
;__Lib_Conversions.c,11 :: 		
0x02D1	0xE525    	MOV A, FARG_ByteToStr_output
0x02D3	0x2526    	ADD A, ByteToStr_DigitPos_L0
0x02D5	0xF8      	MOV R0, A
0x02D6	0x75F00A  	MOV B, #10
0x02D9	0xE524    	MOV A, FARG_ByteToStr_input
0x02DB	0x84      	DIV AB
0x02DC	0xE5F0    	MOV A, B
0x02DE	0xF9      	MOV R1, A
0x02DF	0x2430    	ADD A, #48
0x02E1	0xF9      	MOV R1, A
0x02E2	0xA601    	MOV @R0, R1
;__Lib_Conversions.c,12 :: 		
0x02E4	0x75F00A  	MOV B, #10
0x02E7	0xE524    	MOV A, FARG_ByteToStr_input
0x02E9	0x84      	DIV AB
0x02EA	0xF9      	MOV R1, A
0x02EB	0x850124  	MOV FARG_ByteToStr_input, 1
;__Lib_Conversions.c,13 :: 		
0x02EE	0xE9      	MOV A, R1
0x02EF	0x7002    	JNZ L_ByteToStr5
;__Lib_Conversions.c,14 :: 		
0x02F1	0x8004    	SJMP L_ByteToStr4
L_ByteToStr5:
;__Lib_Conversions.c,15 :: 		
0x02F3	0x1526    	DEC ByteToStr_DigitPos_L0
;__Lib_Conversions.c,16 :: 		
0x02F5	0x80DA    	SJMP L_ByteToStr3
L_ByteToStr4:
;__Lib_Conversions.c,17 :: 		
0x02F7	0x22      	RET
; end of _ByteToStr
_main:
0x02F8	0x758180  	MOV SP, #128
0x02FB	0x120DE7  	LCALL 3559
;cronometru.c,16 :: 		void main() {
;cronometru.c,17 :: 		comanda='y';
0x02FE	0x752279  	MOV _comanda, #121
;cronometru.c,19 :: 		UART1_Init(4800);               // Initializare modul UART1
0x0301	0x438780  	ORL PCON, #128
0x0304	0x758DF5  	MOV TH1, #245
0x0307	0x758BF5  	MOV TL1, #245
0x030A	0x515E    	ACALL _UART1_Init
;cronometru.c,20 :: 		delay_ms(100);                 // Asteptare stabilizare UART
0x030C	0x7EA3    	MOV R6, 163
0x030E	0x7F1E    	MOV R7, 30
0x0310	0xDFFE    	DJNZ R7, PC-2
0x0312	0xDEFC    	DJNZ R6, PC-4
0x0314	0x00      	NOP
;cronometru.c,22 :: 		Glcd_Init();               // Initializare GLCD
0x0315	0x31A4    	ACALL _Glcd_Init
;cronometru.c,23 :: 		Glcd_Fill(0x00);           // Stergere GLCD
0x0317	0x752400  	MOV FARG_Glcd_Fill_pattern, #0
0x031A	0x5109    	ACALL _Glcd_Fill
;cronometru.c,24 :: 		Glcd_Set_Font(Character8x7, 8, 7, 32);   // setare font, latime 8, inaltime 7, offset 32
0x031C	0x7524E1  	MOV FARG_Glcd_Set_Font_activeFont, #_Character8x7+0
0x031F	0x752504  	MOV FARG_Glcd_Set_Font_activeFont+1, hi(#_Character8x7+0)
0x0322	0x752608  	MOV FARG_Glcd_Set_Font_aFontWidth, #8
0x0325	0x752707  	MOV FARG_Glcd_Set_Font_aFontHeight, #7
0x0328	0x752820  	MOV FARG_Glcd_Set_Font_aFontOffs, #32
0x032B	0x752900  	MOV FARG_Glcd_Set_Font_aFontOffs+1, #0
0x032E	0x5186    	ACALL _Glcd_Set_Font
;cronometru.c,25 :: 		txt_afis1 = "CRONOMETRU";
0x0330	0x752134  	MOV _txt_afis1, #?lstr1_cronometru+0
;cronometru.c,26 :: 		txt_afis2 = " 00 - 00 - 00";
0x0333	0x75233F  	MOV _txt_afis2, #?lstr2_cronometru+0
;cronometru.c,27 :: 		Glcd_Write_Text(txt_afis1, 20 , 3, 1);
0x0336	0x752434  	MOV FARG_Glcd_Write_Text_text, #?lstr1_cronometru+0
0x0339	0x752514  	MOV FARG_Glcd_Write_Text_x_pos, #20
0x033C	0x752603  	MOV FARG_Glcd_Write_Text_page_num, #3
0x033F	0x752701  	MOV FARG_Glcd_Write_Text_color, #1
0x0342	0x31DD    	ACALL _Glcd_Write_Text
;cronometru.c,28 :: 		Glcd_Write_Text(txt_afis2, 1 , 5, 1);
0x0344	0x852324  	MOV FARG_Glcd_Write_Text_text, _txt_afis2+0
0x0347	0x752501  	MOV FARG_Glcd_Write_Text_x_pos, #1
0x034A	0x752605  	MOV FARG_Glcd_Write_Text_page_num, #5
0x034D	0x752701  	MOV FARG_Glcd_Write_Text_color, #1
0x0350	0x31DD    	ACALL _Glcd_Write_Text
;cronometru.c,29 :: 		Glcd_Write_Char('-', 37, 5, 1);
0x0352	0x752A2D  	MOV FARG_Glcd_Write_Char_chr, #45
0x0355	0x752B25  	MOV FARG_Glcd_Write_Char_x_pos, #37
0x0358	0x752C05  	MOV FARG_Glcd_Write_Char_page_num, #5
0x035B	0x752D01  	MOV FARG_Glcd_Write_Char_color, #1
0x035E	0x11C0    	ACALL _Glcd_Write_Char
;cronometru.c,30 :: 		Glcd_Write_Char('-', 82, 5, 1);
0x0360	0x752A2D  	MOV FARG_Glcd_Write_Char_chr, #45
0x0363	0x752B52  	MOV FARG_Glcd_Write_Char_x_pos, #82
0x0366	0x752C05  	MOV FARG_Glcd_Write_Char_page_num, #5
0x0369	0x752D01  	MOV FARG_Glcd_Write_Char_color, #1
0x036C	0x11C0    	ACALL _Glcd_Write_Char
;cronometru.c,31 :: 		oprire=0;
0x036E	0x755300  	MOV _oprire, #0
;cronometru.c,32 :: 		while(1)  {
L_main0:
;cronometru.c,33 :: 		if(UART1_Data_Ready())
0x0371	0x319E    	ACALL _UART1_Data_Ready
0x0373	0xE8      	MOV A, R0
0x0374	0x600A    	JZ L_main2
;cronometru.c,35 :: 		caracter_sosit = UART1_Read();
0x0376	0x51A6    	ACALL _UART1_Read
0x0378	0x85000E  	MOV _caracter_sosit, 0
;cronometru.c,36 :: 		UART1_Write(caracter_sosit);  //Este trimis inapoi ca un ecou
0x037B	0x850024  	MOV FARG_UART1_Write_data_, 0
0x037E	0x5199    	ACALL _UART1_Write
;cronometru.c,37 :: 		}
L_main2:
;cronometru.c,39 :: 		switch(caracter_sosit)          //Test caracter sosit
0x0380	0x802F    	SJMP L_main3
;cronometru.c,41 :: 		case 'P': oprire=0;                  break;
L_main5:
0x0382	0x755300  	MOV _oprire, #0
0x0385	0x803C    	SJMP L_main4
;cronometru.c,42 :: 		case 'O': oprire=1;                  break;
L_main6:
0x0387	0x755301  	MOV _oprire, #1
0x038A	0x8037    	SJMP L_main4
;cronometru.c,43 :: 		case 'R': ora=0,mnt=0,sec=0, GLCD_Write_Text(txt_afis2, 1, 5, 1), oprire=1;      break;
L_main7:
0x038C	0x753200  	MOV _ora, #0
0x038F	0x753300  	MOV _ora+1, #0
0x0392	0x754D00  	MOV _mnt, #0
0x0395	0x754E00  	MOV _mnt+1, #0
0x0398	0x755400  	MOV _sec, #0
0x039B	0x755500  	MOV _sec+1, #0
0x039E	0x852324  	MOV FARG_Glcd_Write_Text_text, _txt_afis2+0
0x03A1	0x752501  	MOV FARG_Glcd_Write_Text_x_pos, #1
0x03A4	0x752605  	MOV FARG_Glcd_Write_Text_page_num, #5
0x03A7	0x752701  	MOV FARG_Glcd_Write_Text_color, #1
0x03AA	0x31DD    	ACALL _Glcd_Write_Text
0x03AC	0x755301  	MOV _oprire, #1
0x03AF	0x8012    	SJMP L_main4
;cronometru.c,44 :: 		}
L_main3:
0x03B1	0xE50E    	MOV A, _caracter_sosit
0x03B3	0x6450    	XRL A, #80
0x03B5	0x60CB    	JZ L_main5
0x03B7	0xE50E    	MOV A, _caracter_sosit
0x03B9	0x644F    	XRL A, #79
0x03BB	0x60CA    	JZ L_main6
0x03BD	0xE50E    	MOV A, _caracter_sosit
0x03BF	0x6452    	XRL A, #82
0x03C1	0x60C9    	JZ L_main7
L_main4:
;cronometru.c,45 :: 		caracter_sosit='y';
0x03C3	0x750E79  	MOV _caracter_sosit, #121
;cronometru.c,46 :: 		if(oprire==0)
0x03C6	0xE553    	MOV A, _oprire
0x03C8	0x6002    	JZ #2
0x03CA	0x81DD    	AJMP L_main8
;cronometru.c,48 :: 		delay_ms(1000);
0x03CC	0x7D07    	MOV R5, 7
0x03CE	0x7E56    	MOV R6, 86
0x03D0	0x7F3C    	MOV R7, 60
0x03D2	0xDFFE    	DJNZ R7, PC-2
0x03D4	0xDEFC    	DJNZ R6, PC-4
0x03D6	0xDDFA    	DJNZ R5, PC-6
;cronometru.c,49 :: 		sec=sec+1;
0x03D8	0x7401    	MOV A, #1
0x03DA	0x2554    	ADD A, _sec
0x03DC	0xF554    	MOV _sec, A
0x03DE	0x7400    	MOV A, #0
0x03E0	0x3555    	ADDC A, _sec+1
0x03E2	0xF555    	MOV _sec+1, A
;cronometru.c,50 :: 		ByteToStr(sec,s_sec);
0x03E4	0x855424  	MOV FARG_ByteToStr_input, _sec+0
0x03E7	0x752508  	MOV FARG_ByteToStr_output, #_s_sec+0
0x03EA	0x51B3    	ACALL _ByteToStr
;cronometru.c,51 :: 		Glcd_Write_Text(s_sec, 91, 5, 1);
0x03EC	0x752408  	MOV FARG_Glcd_Write_Text_text, #_s_sec+0
0x03EF	0x75255B  	MOV FARG_Glcd_Write_Text_x_pos, #91
0x03F2	0x752605  	MOV FARG_Glcd_Write_Text_page_num, #5
0x03F5	0x752701  	MOV FARG_Glcd_Write_Text_color, #1
0x03F8	0x31DD    	ACALL _Glcd_Write_Text
;cronometru.c,52 :: 		if (sec<10)
0x03FA	0xC3      	CLR C
0x03FB	0xE554    	MOV A, _sec
0x03FD	0x940A    	SUBB A, #10
0x03FF	0x7400    	MOV A, #0
0x0401	0x6480    	XRL A, #128
0x0403	0xF8      	MOV R0, A
0x0404	0xE555    	MOV A, _sec+1
0x0406	0x6480    	XRL A, #128
0x0408	0x98      	SUBB A, R0
0x0409	0x500E    	JNC L_main9
;cronometru.c,54 :: 		GLcd_Write_Text("0",100,5,1);
0x040B	0x752451  	MOV FARG_Glcd_Write_Text_text, #?lstr3_cronometru+0
0x040E	0x752564  	MOV FARG_Glcd_Write_Text_x_pos, #100
0x0411	0x752605  	MOV FARG_Glcd_Write_Text_page_num, #5
0x0414	0x752701  	MOV FARG_Glcd_Write_Text_color, #1
0x0417	0x31DD    	ACALL _Glcd_Write_Text
;cronometru.c,55 :: 		}
L_main9:
;cronometru.c,56 :: 		if(sec==60)
0x0419	0x743C    	MOV A, #60
0x041B	0x6554    	XRL A, _sec
0x041D	0x7004    	JNZ L__main15
0x041F	0x7400    	MOV A, #0
0x0421	0x6555    	XRL A, _sec+1
L__main15:
0x0423	0x7047    	JNZ L_main10
;cronometru.c,58 :: 		sec=0;
0x0425	0x755400  	MOV _sec, #0
0x0428	0x755500  	MOV _sec+1, #0
;cronometru.c,59 :: 		mnt=mnt+1;
0x042B	0x7401    	MOV A, #1
0x042D	0x254D    	ADD A, _mnt
0x042F	0xF54D    	MOV _mnt, A
0x0431	0x7400    	MOV A, #0
0x0433	0x354E    	ADDC A, _mnt+1
0x0435	0xF54E    	MOV _mnt+1, A
;cronometru.c,60 :: 		ByteToStr(mnt,s_mnt);
0x0437	0x854D24  	MOV FARG_ByteToStr_input, _mnt+0
0x043A	0x75250B  	MOV FARG_ByteToStr_output, #_s_mnt+0
0x043D	0x51B3    	ACALL _ByteToStr
;cronometru.c,61 :: 		Glcd_Write_Text(s_mnt, 46, 5, 1);
0x043F	0x75240B  	MOV FARG_Glcd_Write_Text_text, #_s_mnt+0
0x0442	0x75252E  	MOV FARG_Glcd_Write_Text_x_pos, #46
0x0445	0x752605  	MOV FARG_Glcd_Write_Text_page_num, #5
0x0448	0x752701  	MOV FARG_Glcd_Write_Text_color, #1
0x044B	0x31DD    	ACALL _Glcd_Write_Text
;cronometru.c,62 :: 		if (mnt<10)
0x044D	0xC3      	CLR C
0x044E	0xE54D    	MOV A, _mnt
0x0450	0x940A    	SUBB A, #10
0x0452	0x7400    	MOV A, #0
0x0454	0x6480    	XRL A, #128
0x0456	0xF8      	MOV R0, A
0x0457	0xE54E    	MOV A, _mnt+1
0x0459	0x6480    	XRL A, #128
0x045B	0x98      	SUBB A, R0
0x045C	0x500E    	JNC L_main11
;cronometru.c,64 :: 		GLcd_Write_Text("0",55,5,1);
0x045E	0x75244F  	MOV FARG_Glcd_Write_Text_text, #?lstr4_cronometru+0
0x0461	0x752537  	MOV FARG_Glcd_Write_Text_x_pos, #55
0x0464	0x752605  	MOV FARG_Glcd_Write_Text_page_num, #5
0x0467	0x752701  	MOV FARG_Glcd_Write_Text_color, #1
0x046A	0x31DD    	ACALL _Glcd_Write_Text
;cronometru.c,65 :: 		}}
L_main11:
L_main10:
;cronometru.c,66 :: 		if(mnt==60)
0x046C	0x743C    	MOV A, #60
0x046E	0x654D    	XRL A, _mnt
0x0470	0x7004    	JNZ L__main16
0x0472	0x7400    	MOV A, #0
0x0474	0x654E    	XRL A, _mnt+1
L__main16:
0x0476	0x7065    	JNZ L_main12
;cronometru.c,68 :: 		mnt=0;
0x0478	0x754D00  	MOV _mnt, #0
0x047B	0x754E00  	MOV _mnt+1, #0
;cronometru.c,69 :: 		ora=ora+1;
0x047E	0x7401    	MOV A, #1
0x0480	0x2532    	ADD A, _ora
0x0482	0xF532    	MOV _ora, A
0x0484	0x7400    	MOV A, #0
0x0486	0x3533    	ADDC A, _ora+1
0x0488	0xF533    	MOV _ora+1, A
;cronometru.c,70 :: 		ByteToStr(ora,s_ore);
0x048A	0x853224  	MOV FARG_ByteToStr_input, _ora+0
0x048D	0x75251A  	MOV FARG_ByteToStr_output, #_s_ore+0
0x0490	0x51B3    	ACALL _ByteToStr
;cronometru.c,71 :: 		Glcd_Write_Text(s_ore, 1, 5, 1);
0x0492	0x75241A  	MOV FARG_Glcd_Write_Text_text, #_s_ore+0
0x0495	0x752501  	MOV FARG_Glcd_Write_Text_x_pos, #1
0x0498	0x752605  	MOV FARG_Glcd_Write_Text_page_num, #5
0x049B	0x752701  	MOV FARG_Glcd_Write_Text_color, #1
0x049E	0x31DD    	ACALL _Glcd_Write_Text
;cronometru.c,72 :: 		if (ora<10)
0x04A0	0xC3      	CLR C
0x04A1	0xE532    	MOV A, _ora
0x04A3	0x940A    	SUBB A, #10
0x04A5	0x7400    	MOV A, #0
0x04A7	0x6480    	XRL A, #128
0x04A9	0xF8      	MOV R0, A
0x04AA	0xE533    	MOV A, _ora+1
0x04AC	0x6480    	XRL A, #128
0x04AE	0x98      	SUBB A, R0
0x04AF	0x500E    	JNC L_main13
;cronometru.c,74 :: 		GLcd_Write_Text("0",10,5,1);
0x04B1	0x752430  	MOV FARG_Glcd_Write_Text_text, #?lstr5_cronometru+0
0x04B4	0x75250A  	MOV FARG_Glcd_Write_Text_x_pos, #10
0x04B7	0x752605  	MOV FARG_Glcd_Write_Text_page_num, #5
0x04BA	0x752701  	MOV FARG_Glcd_Write_Text_color, #1
0x04BD	0x31DD    	ACALL _Glcd_Write_Text
;cronometru.c,75 :: 		}
L_main13:
;cronometru.c,76 :: 		if(ora==100)
0x04BF	0x7464    	MOV A, #100
0x04C1	0x6532    	XRL A, _ora
0x04C3	0x7004    	JNZ L__main17
0x04C5	0x7400    	MOV A, #0
0x04C7	0x6533    	XRL A, _ora+1
L__main17:
0x04C9	0x7012    	JNZ L_main14
;cronometru.c,78 :: 		ora=0;
0x04CB	0x753200  	MOV _ora, #0
0x04CE	0x753300  	MOV _ora+1, #0
;cronometru.c,79 :: 		mnt=0;
0x04D1	0x754D00  	MOV _mnt, #0
0x04D4	0x754E00  	MOV _mnt+1, #0
;cronometru.c,80 :: 		sec=0;
0x04D7	0x755400  	MOV _sec, #0
0x04DA	0x755500  	MOV _sec+1, #0
;cronometru.c,81 :: 		}}}}}
L_main14:
L_main12:
L_main8:
0x04DD	0x6171    	AJMP L_main0
0x04DF	0x80FE    	SJMP #254
; end of _main
0x0DE7	0x7830    	MOV R0, 48
0x0DE9	0x7926    	MOV R1, 38
0x0DEB	0x7582C1  	MOV DPL, 193
0x0DEE	0x75830D  	MOV DPH, 13
0x0DF1	0x1202AB  	LCALL 683
0x0DF4	0x22      	RET
;__Lib_GlcdFonts.c,271 :: _Character8x7
0x04E1	0x000000 ;_Character8x7+0
0x04E4	0x000000 ;_Character8x7+3
0x04E7	0x000000 ;_Character8x7+6
0x04EA	0x065F5F ;_Character8x7+9
0x04ED	0x060000 ;_Character8x7+12
0x04F0	0x000007 ;_Character8x7+15
0x04F3	0x070007 ;_Character8x7+18
0x04F6	0x070000 ;_Character8x7+21
0x04F9	0x147F7F ;_Character8x7+24
0x04FC	0x147F7F ;_Character8x7+27
0x04FF	0x140024 ;_Character8x7+30
0x0502	0x2E6B6B ;_Character8x7+33
0x0505	0x3A1200 ;_Character8x7+36
0x0508	0x004666 ;_Character8x7+39
0x050B	0x30180C ;_Character8x7+42
0x050E	0x666200 ;_Character8x7+45
0x0511	0x307A4F ;_Character8x7+48
0x0514	0x5D377A ;_Character8x7+51
0x0517	0x480004 ;_Character8x7+54
0x051A	0x070300 ;_Character8x7+57
0x051D	0x000000 ;_Character8x7+60
0x0520	0x00001C ;_Character8x7+63
0x0523	0x3E6341 ;_Character8x7+66
0x0526	0x000000 ;_Character8x7+69
0x0529	0x004163 ;_Character8x7+72
0x052C	0x3E1C00 ;_Character8x7+75
0x052F	0x000008 ;_Character8x7+78
0x0532	0x2A3E1C ;_Character8x7+81
0x0535	0x1C3E2A ;_Character8x7+84
0x0538	0x080808 ;_Character8x7+87
0x053B	0x3E3E08 ;_Character8x7+90
0x053E	0x080000 ;_Character8x7+93
0x0541	0x0080E0 ;_Character8x7+96
0x0544	0x600000 ;_Character8x7+99
0x0547	0x000008 ;_Character8x7+102
0x054A	0x080808 ;_Character8x7+105
0x054D	0x080800 ;_Character8x7+108
0x0550	0x000000 ;_Character8x7+111
0x0553	0x606000 ;_Character8x7+114
0x0556	0x000000 ;_Character8x7+117
0x0559	0x603018 ;_Character8x7+120
0x055C	0x0C0603 ;_Character8x7+123
0x055F	0x01003E ;_Character8x7+126
0x0562	0x7F7159 ;_Character8x7+129
0x0565	0x4D7F3E ;_Character8x7+132
0x0568	0x004042 ;_Character8x7+135
0x056B	0x7F7F40 ;_Character8x7+138
0x056E	0x400000 ;_Character8x7+141
0x0571	0x627359 ;_Character8x7+144
0x0574	0x496F66 ;_Character8x7+147
0x0577	0x000022 ;_Character8x7+150
0x057A	0x634949 ;_Character8x7+153
0x057D	0x7F3600 ;_Character8x7+156
0x0580	0x00181C ;_Character8x7+159
0x0583	0x16537F ;_Character8x7+162
0x0586	0x7F5000 ;_Character8x7+165
0x0589	0x276745 ;_Character8x7+168
0x058C	0x457D39 ;_Character8x7+171
0x058F	0x00003C ;_Character8x7+174
0x0592	0x7E4B49 ;_Character8x7+177
0x0595	0x793000 ;_Character8x7+180
0x0598	0x000303 ;_Character8x7+183
0x059B	0x71790F ;_Character8x7+186
0x059E	0x070000 ;_Character8x7+189
0x05A1	0x367F49 ;_Character8x7+192
0x05A4	0x497F36 ;_Character8x7+195
0x05A7	0x000006 ;_Character8x7+198
0x05AA	0x4F4969 ;_Character8x7+201
0x05AD	0x3F1E00 ;_Character8x7+204
0x05B0	0x000000 ;_Character8x7+207
0x05B3	0x666600 ;_Character8x7+210
0x05B6	0x000000 ;_Character8x7+213
0x05B9	0x0080E6 ;_Character8x7+216
0x05BC	0x660000 ;_Character8x7+219
0x05BF	0x000008 ;_Character8x7+222
0x05C2	0x1C3663 ;_Character8x7+225
0x05C5	0x410000 ;_Character8x7+228
0x05C8	0x002424 ;_Character8x7+231
0x05CB	0x242424 ;_Character8x7+234
0x05CE	0x240000 ;_Character8x7+237
0x05D1	0x004163 ;_Character8x7+240
0x05D4	0x361C08 ;_Character8x7+243
0x05D7	0x000002 ;_Character8x7+246
0x05DA	0x035159 ;_Character8x7+249
0x05DD	0x0F0600 ;_Character8x7+252
0x05E0	0x003E7F ;_Character8x7+255
0x05E3	0x415D5D ;_Character8x7+258
0x05E6	0x1F1E00 ;_Character8x7+261
0x05E9	0x7C7E13 ;_Character8x7+264
0x05EC	0x137E7C ;_Character8x7+267
0x05EF	0x000041 ;_Character8x7+270
0x05F2	0x7F7F49 ;_Character8x7+273
0x05F5	0x497F36 ;_Character8x7+276
0x05F8	0x001C3E ;_Character8x7+279
0x05FB	0x634141 ;_Character8x7+282
0x05FE	0x632200 ;_Character8x7+285
0x0601	0x417F7F ;_Character8x7+288
0x0604	0x41633E ;_Character8x7+291
0x0607	0x1C0041 ;_Character8x7+294
0x060A	0x7F7F49 ;_Character8x7+297
0x060D	0x5D4163 ;_Character8x7+300
0x0610	0x00417F ;_Character8x7+303
0x0613	0x7F491D ;_Character8x7+306
0x0616	0x010300 ;_Character8x7+309
0x0619	0x1C3E63 ;_Character8x7+312
0x061C	0x415173 ;_Character8x7+315
0x061F	0x72007F ;_Character8x7+318
0x0622	0x7F0808 ;_Character8x7+321
0x0625	0x7F7F00 ;_Character8x7+324
0x0628	0x000041 ;_Character8x7+327
0x062B	0x7F7F41 ;_Character8x7+330
0x062E	0x000000 ;_Character8x7+333
0x0631	0x307040 ;_Character8x7+336
0x0634	0x417F3F ;_Character8x7+339
0x0637	0x010041 ;_Character8x7+342
0x063A	0x7F7F08 ;_Character8x7+345
0x063D	0x1C7763 ;_Character8x7+348
0x0640	0x00417F ;_Character8x7+351
0x0643	0x7F4140 ;_Character8x7+354
0x0646	0x607000 ;_Character8x7+357
0x0649	0x7F7F0E ;_Character8x7+360
0x064C	0x1C0E7F ;_Character8x7+363
0x064F	0x7F007F ;_Character8x7+366
0x0652	0x7F060C ;_Character8x7+369
0x0655	0x187F7F ;_Character8x7+372
0x0658	0x001C3E ;_Character8x7+375
0x065B	0x634163 ;_Character8x7+378
0x065E	0x3E1C00 ;_Character8x7+381
0x0661	0x417F7F ;_Character8x7+384
0x0664	0x49090F ;_Character8x7+387
0x0667	0x06001E ;_Character8x7+390
0x066A	0x3F2171 ;_Character8x7+393
0x066D	0x7F5E00 ;_Character8x7+396
0x0670	0x00417F ;_Character8x7+399
0x0673	0x7F0919 ;_Character8x7+402
0x0676	0x7F6600 ;_Character8x7+405
0x0679	0x266F4D ;_Character8x7+408
0x067C	0x597332 ;_Character8x7+411
0x067F	0x000003 ;_Character8x7+414
0x0682	0x417F7F ;_Character8x7+417
0x0685	0x410300 ;_Character8x7+420
0x0688	0x007F7F ;_Character8x7+423
0x068B	0x40407F ;_Character8x7+426
0x068E	0x7F0000 ;_Character8x7+429
0x0691	0x1F3F60 ;_Character8x7+432
0x0694	0x603F1F ;_Character8x7+435
0x0697	0x00007F ;_Character8x7+438
0x069A	0x7F3018 ;_Character8x7+441
0x069D	0x307F7F ;_Character8x7+444
0x06A0	0x004367 ;_Character8x7+447
0x06A3	0x3C183C ;_Character8x7+450
0x06A6	0x674300 ;_Character8x7+453
0x06A9	0x074F78 ;_Character8x7+456
0x06AC	0x784F07 ;_Character8x7+459
0x06AF	0x000047 ;_Character8x7+462
0x06B2	0x637159 ;_Character8x7+465
0x06B5	0x4D6773 ;_Character8x7+468
0x06B8	0x00007F ;_Character8x7+471
0x06BB	0x7F4141 ;_Character8x7+474
0x06BE	0x000000 ;_Character8x7+477
0x06C1	0x010306 ;_Character8x7+480
0x06C4	0x0C1830 ;_Character8x7+483
0x06C7	0x600000 ;_Character8x7+486
0x06CA	0x41417F ;_Character8x7+489
0x06CD	0x7F0000 ;_Character8x7+492
0x06D0	0x00080C ;_Character8x7+495
0x06D3	0x060306 ;_Character8x7+498
0x06D6	0x0C0800 ;_Character8x7+501
0x06D9	0x808080 ;_Character8x7+504
0x06DC	0x808080 ;_Character8x7+507
0x06DF	0x808000 ;_Character8x7+510
0x06E2	0x000307 ;_Character8x7+513
0x06E5	0x040000 ;_Character8x7+516
0x06E8	0x002074 ;_Character8x7+519
0x06EB	0x54543C ;_Character8x7+522
0x06EE	0x784000 ;_Character8x7+525
0x06F1	0x417F3F ;_Character8x7+528
0x06F4	0x484878 ;_Character8x7+531
0x06F7	0x300038 ;_Character8x7+534
0x06FA	0x7C4444 ;_Character8x7+537
0x06FD	0x6C2800 ;_Character8x7+540
0x0700	0x003078 ;_Character8x7+543
0x0703	0x48493F ;_Character8x7+546
0x0706	0x7F4000 ;_Character8x7+549
0x0709	0x387C54 ;_Character8x7+552
0x070C	0x545C18 ;_Character8x7+555
0x070F	0x000048 ;_Character8x7+558
0x0712	0x7E7F49 ;_Character8x7+561
0x0715	0x030200 ;_Character8x7+564
0x0718	0x0098BC ;_Character8x7+567
0x071B	0xA4A4F8 ;_Character8x7+570
0x071E	0x7C0400 ;_Character8x7+573
0x0721	0x417F7F ;_Character8x7+576
0x0724	0x08047C ;_Character8x7+579
0x0727	0x780000 ;_Character8x7+582
0x072A	0x447D7D ;_Character8x7+585
0x072D	0x400000 ;_Character8x7+588
0x0730	0x0060E0 ;_Character8x7+591
0x0733	0x8080FD ;_Character8x7+594
0x0736	0x7D0000 ;_Character8x7+597
0x0739	0x417F7F ;_Character8x7+600
0x073C	0x10386C ;_Character8x7+603
0x073F	0x440000 ;_Character8x7+606
0x0742	0x417F7F ;_Character8x7+609
0x0745	0x400000 ;_Character8x7+612
0x0748	0x007C7C ;_Character8x7+615
0x074B	0x18381C ;_Character8x7+618
0x074E	0x7C7800 ;_Character8x7+621
0x0751	0x7C7C04 ;_Character8x7+624
0x0754	0x047C78 ;_Character8x7+627
0x0757	0x000038 ;_Character8x7+630
0x075A	0x7C4444 ;_Character8x7+633
0x075D	0x7C3800 ;_Character8x7+636
0x0760	0x0084FC ;_Character8x7+639
0x0763	0xF8A424 ;_Character8x7+642
0x0766	0x3C1800 ;_Character8x7+645
0x0769	0x183C24 ;_Character8x7+648
0x076C	0xA4F8FC ;_Character8x7+651
0x076F	0x840044 ;_Character8x7+654
0x0772	0x7C784C ;_Character8x7+657
0x0775	0x041C18 ;_Character8x7+660
0x0778	0x00485C ;_Character8x7+663
0x077B	0x545474 ;_Character8x7+666
0x077E	0x240000 ;_Character8x7+669
0x0781	0x00043E ;_Character8x7+672
0x0784	0x7F4424 ;_Character8x7+675
0x0787	0x00003C ;_Character8x7+678
0x078A	0x7C4040 ;_Character8x7+681
0x078D	0x3C7C40 ;_Character8x7+684
0x0790	0x001C3C ;_Character8x7+687
0x0793	0x60603C ;_Character8x7+690
0x0796	0x1C0000 ;_Character8x7+693
0x0799	0x3C7C70 ;_Character8x7+696
0x079C	0x38707C ;_Character8x7+699
0x079F	0x3C0044 ;_Character8x7+702
0x07A2	0x6C3810 ;_Character8x7+705
0x07A5	0x386C44 ;_Character8x7+708
0x07A8	0x009CBC ;_Character8x7+711
0x07AB	0xA0A0FC ;_Character8x7+714
0x07AE	0x7C0000 ;_Character8x7+717
0x07B1	0x4C6474 ;_Character8x7+720
0x07B4	0x5C4C64 ;_Character8x7+723
0x07B7	0x000008 ;_Character8x7+726
0x07BA	0x083E77 ;_Character8x7+729
0x07BD	0x414100 ;_Character8x7+732
0x07C0	0x000000 ;_Character8x7+735
0x07C3	0x007777 ;_Character8x7+738
0x07C6	0x000000 ;_Character8x7+741
0x07C9	0x414177 ;_Character8x7+744
0x07CC	0x3E0808 ;_Character8x7+747
0x07CF	0x000002 ;_Character8x7+750
0x07D2	0x030103 ;_Character8x7+753
0x07D5	0x020301 ;_Character8x7+756
0x07D8	0x007078 ;_Character8x7+759
0x07DB	0x4C464C ;_Character8x7+762
0x07DE	0x787000 ;_Character8x7+765
0x07E1	0x0E9F91 ;_Character8x7+768
0x07E4	0xB1FB4A ;_Character8x7+771
0x07E7	0x00003A ;_Character8x7+774
0x07EA	0x7A4040 ;_Character8x7+777
0x07ED	0x7A7A40 ;_Character8x7+780
0x07F0	0x00387C ;_Character8x7+783
0x07F3	0x54555D ;_Character8x7+786
0x07F6	0x190000 ;_Character8x7+789
0x07F9	0x022375 ;_Character8x7+792
0x07FC	0x55557D ;_Character8x7+795
0x07FF	0x7B4221 ;_Character8x7+798
0x0802	0x755454 ;_Character8x7+801
0x0805	0x7D7940 ;_Character8x7+804
0x0808	0x002175 ;_Character8x7+807
0x080B	0x55547C ;_Character8x7+810
0x080E	0x784000 ;_Character8x7+813
0x0811	0x207457 ;_Character8x7+816
0x0814	0x577C78 ;_Character8x7+819
0x0817	0x400018 ;_Character8x7+822
0x081A	0x3CA4A4 ;_Character8x7+825
0x081D	0xE44000 ;_Character8x7+828
0x0820	0x00023B ;_Character8x7+831
0x0823	0x7D5555 ;_Character8x7+834
0x0826	0x5D1B02 ;_Character8x7+837
0x0829	0x397D54 ;_Character8x7+840
0x082C	0x545D19 ;_Character8x7+843
0x082F	0x000039 ;_Character8x7+846
0x0832	0x7D5554 ;_Character8x7+849
0x0835	0x5C1800 ;_Character8x7+852
0x0838	0x000145 ;_Character8x7+855
0x083B	0x7C7C41 ;_Character8x7+858
0x083E	0x010000 ;_Character8x7+861
0x0841	0x020345 ;_Character8x7+864
0x0844	0x7D7D43 ;_Character8x7+867
0x0847	0x020001 ;_Character8x7+870
0x084A	0x457D7C ;_Character8x7+873
0x084D	0x400000 ;_Character8x7+876
0x0850	0x00797D ;_Character8x7+879
0x0853	0x161216 ;_Character8x7+882
0x0856	0x7D7900 ;_Character8x7+885
0x0859	0x70782B ;_Character8x7+888
0x085C	0x2B7870 ;_Character8x7+891
0x085F	0x000044 ;_Character8x7+894
0x0862	0x7C7C55 ;_Character8x7+897
0x0865	0x554500 ;_Character8x7+900
0x0868	0x002074 ;_Character8x7+903
0x086B	0x54547C ;_Character8x7+906
0x086E	0x7C5454 ;_Character8x7+909
0x0871	0x7C7E0B ;_Character8x7+912
0x0874	0x097F7F ;_Character8x7+915
0x0877	0x490032 ;_Character8x7+918
0x087A	0x7B4949 ;_Character8x7+921
0x087D	0x7B3200 ;_Character8x7+924
0x0880	0x00327A ;_Character8x7+927
0x0883	0x48487A ;_Character8x7+930
0x0886	0x320000 ;_Character8x7+933
0x0889	0x327A4A ;_Character8x7+936
0x088C	0x487830 ;_Character8x7+939
0x088F	0x00003A ;_Character8x7+942
0x0892	0x7B4141 ;_Character8x7+945
0x0895	0x7B7A40 ;_Character8x7+948
0x0898	0x003A7A ;_Character8x7+951
0x089B	0x424078 ;_Character8x7+954
0x089E	0x784000 ;_Character8x7+957
0x08A1	0x9ABAA0 ;_Character8x7+960
0x08A4	0xA0FA7A ;_Character8x7+963
0x08A7	0x000001 ;_Character8x7+966
0x08AA	0x193C66 ;_Character8x7+969
0x08AD	0x663C19 ;_Character8x7+972
0x08B0	0x013D7D ;_Character8x7+975
0x08B3	0x40407D ;_Character8x7+978
0x08B6	0x3D0000 ;_Character8x7+981
0x08B9	0x183C24 ;_Character8x7+984
0x08BC	0xE7E724 ;_Character8x7+987
0x08BF	0x240068 ;_Character8x7+990
0x08C2	0x7E7F49 ;_Character8x7+993
0x08C5	0x436620 ;_Character8x7+996
0x08C8	0x002B2F ;_Character8x7+999
0x08CB	0xFCFC2F ;_Character8x7+1002
0x08CE	0x2B0000 ;_Character8x7+1005
0x08D1	0xFFFF09 ;_Character8x7+1008
0x08D4	0x092FF6 ;_Character8x7+1011
0x08D7	0xF8A040 ;_Character8x7+1014
0x08DA	0xC088FE ;_Character8x7+1017
0x08DD	0x7F0903 ;_Character8x7+1020
0x08E0	0x022074 ;_Character8x7+1023
0x08E3	0x54557D ;_Character8x7+1026
0x08E6	0x794000 ;_Character8x7+1029
0x08E9	0x00447D ;_Character8x7+1032
0x08EC	0x7D4100 ;_Character8x7+1035
0x08EF	0x000030 ;_Character8x7+1038
0x08F2	0x78484A ;_Character8x7+1041
0x08F5	0x7A3200 ;_Character8x7+1044
0x08F8	0x003878 ;_Character8x7+1047
0x08FB	0x40427A ;_Character8x7+1050
0x08FE	0x7A4000 ;_Character8x7+1053
0x0901	0x7A7A0A ;_Character8x7+1056
0x0904	0x0A7A70 ;_Character8x7+1059
0x0907	0x00007D ;_Character8x7+1062
0x090A	0x7D1931 ;_Character8x7+1065
0x090D	0x7D7D00 ;_Character8x7+1068
0x0910	0x000026 ;_Character8x7+1071
0x0913	0x2F292F ;_Character8x7+1074
0x0916	0x2F2800 ;_Character8x7+1077
0x0919	0x00262F ;_Character8x7+1080
0x091C	0x292F26 ;_Character8x7+1083
0x091F	0x000030 ;_Character8x7+1086
0x0922	0x784D45 ;_Character8x7+1089
0x0925	0x602000 ;_Character8x7+1092
0x0928	0x003838 ;_Character8x7+1095
0x092B	0x080808 ;_Character8x7+1098
0x092E	0x080000 ;_Character8x7+1101
0x0931	0x080808 ;_Character8x7+1104
0x0934	0x083838 ;_Character8x7+1107
0x0937	0x00004F ;_Character8x7+1110
0x093A	0x6F3018 ;_Character8x7+1113
0x093D	0xCCEEBB ;_Character8x7+1116
0x0940	0x914F6F ;_Character8x7+1119
0x0943	0x30186C ;_Character8x7+1122
0x0946	0x76FBF9 ;_Character8x7+1125
0x0949	0x000000 ;_Character8x7+1128
0x094C	0x7B7B00 ;_Character8x7+1131
0x094F	0x000008 ;_Character8x7+1134
0x0952	0x1C3622 ;_Character8x7+1137
0x0955	0x081C36 ;_Character8x7+1140
0x0958	0x222236 ;_Character8x7+1143
0x095B	0x1C0822 ;_Character8x7+1146
0x095E	0x361C08 ;_Character8x7+1149
0x0961	0xAA0055 ;_Character8x7+1152
0x0964	0x00AA00 ;_Character8x7+1155
0x0967	0x5500AA ;_Character8x7+1158
0x096A	0x55AA55 ;_Character8x7+1161
0x096D	0xAA55AA ;_Character8x7+1164
0x0970	0x55DDFF ;_Character8x7+1167
0x0973	0xAA77DD ;_Character8x7+1170
0x0976	0xAAFF77 ;_Character8x7+1173
0x0979	0x000000 ;_Character8x7+1176
0x097C	0xFFFF00 ;_Character8x7+1179
0x097F	0x000010 ;_Character8x7+1182
0x0982	0x1010FF ;_Character8x7+1185
0x0985	0xFF0000 ;_Character8x7+1188
0x0988	0x001414 ;_Character8x7+1191
0x098B	0x14FFFF ;_Character8x7+1194
0x098E	0x000000 ;_Character8x7+1197
0x0991	0x1010FF ;_Character8x7+1200
0x0994	0xFF00FF ;_Character8x7+1203
0x0997	0xFF0010 ;_Character8x7+1206
0x099A	0x10F0F0 ;_Character8x7+1209
0x099D	0x10F0F0 ;_Character8x7+1212
0x09A0	0x001414 ;_Character8x7+1215
0x09A3	0x14FCFC ;_Character8x7+1218
0x09A6	0x000000 ;_Character8x7+1221
0x09A9	0x1414F7 ;_Character8x7+1224
0x09AC	0xF700FF ;_Character8x7+1227
0x09AF	0xFF0000 ;_Character8x7+1230
0x09B2	0x00FFFF ;_Character8x7+1233
0x09B5	0x00FFFF ;_Character8x7+1236
0x09B8	0x001414 ;_Character8x7+1239
0x09BB	0xF4F404 ;_Character8x7+1242
0x09BE	0xFCFC00 ;_Character8x7+1245
0x09C1	0x141417 ;_Character8x7+1248
0x09C4	0x17101F ;_Character8x7+1251
0x09C7	0x1F0010 ;_Character8x7+1254
0x09CA	0x101F1F ;_Character8x7+1257
0x09CD	0x101F1F ;_Character8x7+1260
0x09D0	0x001414 ;_Character8x7+1263
0x09D3	0x141F1F ;_Character8x7+1266
0x09D6	0x000000 ;_Character8x7+1269
0x09D9	0x101010 ;_Character8x7+1272
0x09DC	0xF0F000 ;_Character8x7+1275
0x09DF	0x000000 ;_Character8x7+1278
0x09E2	0x00001F ;_Character8x7+1281
0x09E5	0x1F1010 ;_Character8x7+1284
0x09E8	0x101010 ;_Character8x7+1287
0x09EB	0x101F1F ;_Character8x7+1290
0x09EE	0x101010 ;_Character8x7+1293
0x09F1	0x101010 ;_Character8x7+1296
0x09F4	0xF0F010 ;_Character8x7+1299
0x09F7	0x101000 ;_Character8x7+1302
0x09FA	0x0000FF ;_Character8x7+1305
0x09FD	0xFF1010 ;_Character8x7+1308
0x0A00	0x101010 ;_Character8x7+1311
0x0A03	0x101010 ;_Character8x7+1314
0x0A06	0x101010 ;_Character8x7+1317
0x0A09	0x101010 ;_Character8x7+1320
0x0A0C	0xFFFF10 ;_Character8x7+1323
0x0A0F	0x101000 ;_Character8x7+1326
0x0A12	0x0000FF ;_Character8x7+1329
0x0A15	0xFF1414 ;_Character8x7+1332
0x0A18	0x140000 ;_Character8x7+1335
0x0A1B	0xFFFF00 ;_Character8x7+1338
0x0A1E	0xFFFF10 ;_Character8x7+1341
0x0A21	0x00001F ;_Character8x7+1344
0x0A24	0x1F1017 ;_Character8x7+1347
0x0A27	0x171400 ;_Character8x7+1350
0x0A2A	0x00FCFC ;_Character8x7+1353
0x0A2D	0x04F4F4 ;_Character8x7+1356
0x0A30	0x141414 ;_Character8x7+1359
0x0A33	0x171710 ;_Character8x7+1362
0x0A36	0x171714 ;_Character8x7+1365
0x0A39	0x1414F4 ;_Character8x7+1368
0x0A3C	0xF404F4 ;_Character8x7+1371
0x0A3F	0xF41400 ;_Character8x7+1374
0x0A42	0x00FFFF ;_Character8x7+1377
0x0A45	0x00F7F7 ;_Character8x7+1380
0x0A48	0x141414 ;_Character8x7+1383
0x0A4B	0x141414 ;_Character8x7+1386
0x0A4E	0x141414 ;_Character8x7+1389
0x0A51	0x1414F7 ;_Character8x7+1392
0x0A54	0xF700F7 ;_Character8x7+1395
0x0A57	0xF71414 ;_Character8x7+1398
0x0A5A	0x141417 ;_Character8x7+1401
0x0A5D	0x171414 ;_Character8x7+1404
0x0A60	0x141010 ;_Character8x7+1407
0x0A63	0x1F1F10 ;_Character8x7+1410
0x0A66	0x1F1F10 ;_Character8x7+1413
0x0A69	0x141414 ;_Character8x7+1416
0x0A6C	0xF4F414 ;_Character8x7+1419
0x0A6F	0x141410 ;_Character8x7+1422
0x0A72	0x10F0F0 ;_Character8x7+1425
0x0A75	0x10F0F0 ;_Character8x7+1428
0x0A78	0x100000 ;_Character8x7+1431
0x0A7B	0x1F1F10 ;_Character8x7+1434
0x0A7E	0x1F1F10 ;_Character8x7+1437
0x0A81	0x000000 ;_Character8x7+1440
0x0A84	0x1F1F14 ;_Character8x7+1443
0x0A87	0x141400 ;_Character8x7+1446
0x0A8A	0x0000FC ;_Character8x7+1449
0x0A8D	0xFC1414 ;_Character8x7+1452
0x0A90	0x140000 ;_Character8x7+1455
0x0A93	0xF0F010 ;_Character8x7+1458
0x0A96	0xF0F010 ;_Character8x7+1461
0x0A99	0x1010FF ;_Character8x7+1464
0x0A9C	0xFF10FF ;_Character8x7+1467
0x0A9F	0xFF1014 ;_Character8x7+1470
0x0AA2	0x1414FF ;_Character8x7+1473
0x0AA5	0xFF1414 ;_Character8x7+1476
0x0AA8	0x141010 ;_Character8x7+1479
0x0AAB	0x101F1F ;_Character8x7+1482
0x0AAE	0x000000 ;_Character8x7+1485
0x0AB1	0x000000 ;_Character8x7+1488
0x0AB4	0xF0F010 ;_Character8x7+1491
0x0AB7	0x1010FF ;_Character8x7+1494
0x0ABA	0xFFFFFF ;_Character8x7+1497
0x0ABD	0xFFFFFF ;_Character8x7+1500
0x0AC0	0xFFF0F0 ;_Character8x7+1503
0x0AC3	0xF0F0F0 ;_Character8x7+1506
0x0AC6	0xF0F0F0 ;_Character8x7+1509
0x0AC9	0xFFFFFF ;_Character8x7+1512
0x0ACC	0xFF0000 ;_Character8x7+1515
0x0ACF	0x000000 ;_Character8x7+1518
0x0AD2	0x000000 ;_Character8x7+1521
0x0AD5	0xFFFFFF ;_Character8x7+1524
0x0AD8	0xFF0F0F ;_Character8x7+1527
0x0ADB	0x0F0F0F ;_Character8x7+1530
0x0ADE	0x0F0F0F ;_Character8x7+1533
0x0AE1	0x387C44 ;_Character8x7+1536
0x0AE4	0x6C386C ;_Character8x7+1539
0x0AE7	0x4400FC ;_Character8x7+1542
0x0AEA	0xFE2A2A ;_Character8x7+1545
0x0AED	0x3E1400 ;_Character8x7+1548
0x0AF0	0x007E7E ;_Character8x7+1551
0x0AF3	0x020206 ;_Character8x7+1554
0x0AF6	0x060000 ;_Character8x7+1557
0x0AF9	0x027E7E ;_Character8x7+1560
0x0AFC	0x027E7E ;_Character8x7+1563
0x0AFF	0x020063 ;_Character8x7+1566
0x0B02	0x775D49 ;_Character8x7+1569
0x0B05	0x636300 ;_Character8x7+1572
0x0B08	0x00387C ;_Character8x7+1575
0x0B0B	0x447C3C ;_Character8x7+1578
0x0B0E	0x040400 ;_Character8x7+1581
0x0B11	0x80FE7E ;_Character8x7+1584
0x0B14	0x20203E ;_Character8x7+1587
0x0B17	0x1E0004 ;_Character8x7+1590
0x0B1A	0x06027E ;_Character8x7+1593
0x0B1D	0x7C0602 ;_Character8x7+1596
0x0B20	0x0099BD ;_Character8x7+1599
0x0B23	0xE7E7BD ;_Character8x7+1602
0x0B26	0x990000 ;_Character8x7+1605
0x0B29	0x1C3E6B ;_Character8x7+1608
0x0B2C	0x496B3E ;_Character8x7+1611
0x0B2F	0x1C004C ;_Character8x7+1614
0x0B32	0x7E7301 ;_Character8x7+1617
0x0B35	0x737E4C ;_Character8x7+1620
0x0B38	0x003078 ;_Character8x7+1623
0x0B3B	0x4A4F7D ;_Character8x7+1626
0x0B3E	0x390000 ;_Character8x7+1629
0x0B41	0x183C24 ;_Character8x7+1632
0x0B44	0x3C3C24 ;_Character8x7+1635
0x0B47	0x3C1898 ;_Character8x7+1638
0x0B4A	0xFC643C ;_Character8x7+1641
0x0B4D	0x3E273D ;_Character8x7+1644
0x0B50	0x181C3E ;_Character8x7+1647
0x0B53	0x6B4949 ;_Character8x7+1650
0x0B56	0x000000 ;_Character8x7+1653
0x0B59	0x7E7F01 ;_Character8x7+1656
0x0B5C	0x017F7E ;_Character8x7+1659
0x0B5F	0x00002A ;_Character8x7+1662
0x0B62	0x2A2A2A ;_Character8x7+1665
0x0B65	0x2A2A00 ;_Character8x7+1668
0x0B68	0x004444 ;_Character8x7+1671
0x0B6B	0x5F5F44 ;_Character8x7+1674
0x0B6E	0x440000 ;_Character8x7+1677
0x0B71	0x40515B ;_Character8x7+1680
0x0B74	0x4E4440 ;_Character8x7+1683
0x0B77	0x000040 ;_Character8x7+1686
0x0B7A	0x444E5B ;_Character8x7+1689
0x0B7D	0x514000 ;_Character8x7+1692
0x0B80	0x000000 ;_Character8x7+1695
0x0B83	0x00FEFF ;_Character8x7+1698
0x0B86	0x010706 ;_Character8x7+1701
0x0B89	0x60E080 ;_Character8x7+1704
0x0B8C	0xFF7F00 ;_Character8x7+1707
0x0B8F	0x000008 ;_Character8x7+1710
0x0B92	0x086B6B ;_Character8x7+1713
0x0B95	0x080800 ;_Character8x7+1716
0x0B98	0x002436 ;_Character8x7+1719
0x0B9B	0x123624 ;_Character8x7+1722
0x0B9E	0x361200 ;_Character8x7+1725
0x0BA1	0x00060F ;_Character8x7+1728
0x0BA4	0x090F06 ;_Character8x7+1731
0x0BA7	0x000000 ;_Character8x7+1734
0x0BAA	0x000018 ;_Character8x7+1737
0x0BAD	0x180000 ;_Character8x7+1740
0x0BB0	0x000000 ;_Character8x7+1743
0x0BB3	0x001010 ;_Character8x7+1746
0x0BB6	0x000000 ;_Character8x7+1749
0x0BB9	0x103070 ;_Character8x7+1752
0x0BBC	0xC0FFFF ;_Character8x7+1755
0x0BBF	0x010100 ;_Character8x7+1758
0x0BC2	0x1F1F01 ;_Character8x7+1761
0x0BC5	0x1F1E00 ;_Character8x7+1764
0x0BC8	0x000019 ;_Character8x7+1767
0x0BCB	0x1D1712 ;_Character8x7+1770
0x0BCE	0x000000 ;_Character8x7+1773
0x0BD1	0x00003C ;_Character8x7+1776
0x0BD4	0x3C3C3C ;_Character8x7+1779
0x0BD7	0x000000 ;_Character8x7+1782
0x0BDA	0x000E1F ;_Character8x7+1785
0x0BDD	0x11111F ;_Character8x7+1788
0x0BE0	0x0E ;_Character8x7+1791
; end of _Character8x7
;__Lib_GlcdFonts.c,103 :: _font5x7
0x0BE1	0x000000 ;_font5x7+0
0x0BE4	0x000000 ;_font5x7+3
0x0BE7	0x005F00 ;_font5x7+6
0x0BEA	0x000007 ;_font5x7+9
0x0BED	0x000700 ;_font5x7+12
0x0BF0	0x147F14 ;_font5x7+15
0x0BF3	0x7F1424 ;_font5x7+18
0x0BF6	0x2A7F2A ;_font5x7+21
0x0BF9	0x122313 ;_font5x7+24
0x0BFC	0x086462 ;_font5x7+27
0x0BFF	0x364955 ;_font5x7+30
0x0C02	0x225000 ;_font5x7+33
0x0C05	0x050300 ;_font5x7+36
0x0C08	0x00001C ;_font5x7+39
0x0C0B	0x224100 ;_font5x7+42
0x0C0E	0x004122 ;_font5x7+45
0x0C11	0x1C0008 ;_font5x7+48
0x0C14	0x2A1C2A ;_font5x7+51
0x0C17	0x080808 ;_font5x7+54
0x0C1A	0x3E0808 ;_font5x7+57
0x0C1D	0x005030 ;_font5x7+60
0x0C20	0x000008 ;_font5x7+63
0x0C23	0x080808 ;_font5x7+66
0x0C26	0x080030 ;_font5x7+69
0x0C29	0x300000 ;_font5x7+72
0x0C2C	0x201008 ;_font5x7+75
0x0C2F	0x04023E ;_font5x7+78
0x0C32	0x514945 ;_font5x7+81
0x0C35	0x3E0042 ;_font5x7+84
0x0C38	0x7F4000 ;_font5x7+87
0x0C3B	0x426151 ;_font5x7+90
0x0C3E	0x494621 ;_font5x7+93
0x0C41	0x41454B ;_font5x7+96
0x0C44	0x311814 ;_font5x7+99
0x0C47	0x127F10 ;_font5x7+102
0x0C4A	0x274545 ;_font5x7+105
0x0C4D	0x45393C ;_font5x7+108
0x0C50	0x4A4949 ;_font5x7+111
0x0C53	0x300171 ;_font5x7+114
0x0C56	0x090503 ;_font5x7+117
0x0C59	0x364949 ;_font5x7+120
0x0C5C	0x493606 ;_font5x7+123
0x0C5F	0x494929 ;_font5x7+126
0x0C62	0x1E0036 ;_font5x7+129
0x0C65	0x360000 ;_font5x7+132
0x0C68	0x005636 ;_font5x7+135
0x0C6B	0x000000 ;_font5x7+138
0x0C6E	0x081422 ;_font5x7+141
0x0C71	0x411414 ;_font5x7+144
0x0C74	0x141414 ;_font5x7+147
0x0C77	0x412214 ;_font5x7+150
0x0C7A	0x080002 ;_font5x7+153
0x0C7D	0x015109 ;_font5x7+156
0x0C80	0x063249 ;_font5x7+159
0x0C83	0x79413E ;_font5x7+162
0x0C86	0x7E1111 ;_font5x7+165
0x0C89	0x117E7F ;_font5x7+168
0x0C8C	0x494949 ;_font5x7+171
0x0C8F	0x363E41 ;_font5x7+174
0x0C92	0x414122 ;_font5x7+177
0x0C95	0x7F4141 ;_font5x7+180
0x0C98	0x221C7F ;_font5x7+183
0x0C9B	0x494949 ;_font5x7+186
0x0C9E	0x417F09 ;_font5x7+189
0x0CA1	0x090101 ;_font5x7+192
0x0CA4	0x3E4141 ;_font5x7+195
0x0CA7	0x51327F ;_font5x7+198
0x0CAA	0x080808 ;_font5x7+201
0x0CAD	0x7F0041 ;_font5x7+204
0x0CB0	0x7F4100 ;_font5x7+207
0x0CB3	0x204041 ;_font5x7+210
0x0CB6	0x3F017F ;_font5x7+213
0x0CB9	0x081422 ;_font5x7+216
0x0CBC	0x417F40 ;_font5x7+219
0x0CBF	0x404040 ;_font5x7+222
0x0CC2	0x7F0204 ;_font5x7+225
0x0CC5	0x027F7F ;_font5x7+228
0x0CC8	0x040810 ;_font5x7+231
0x0CCB	0x7F3E41 ;_font5x7+234
0x0CCE	0x41413E ;_font5x7+237
0x0CD1	0x7F0909 ;_font5x7+240
0x0CD4	0x09063E ;_font5x7+243
0x0CD7	0x415121 ;_font5x7+246
0x0CDA	0x5E7F09 ;_font5x7+249
0x0CDD	0x192946 ;_font5x7+252
0x0CE0	0x464949 ;_font5x7+255
0x0CE3	0x493101 ;_font5x7+258
0x0CE6	0x017F01 ;_font5x7+261
0x0CE9	0x013F40 ;_font5x7+264
0x0CEC	0x40403F ;_font5x7+267
0x0CEF	0x1F2040 ;_font5x7+270
0x0CF2	0x201F7F ;_font5x7+273
0x0CF5	0x201820 ;_font5x7+276
0x0CF8	0x7F6314 ;_font5x7+279
0x0CFB	0x081463 ;_font5x7+282
0x0CFE	0x030478 ;_font5x7+285
0x0D01	0x040361 ;_font5x7+288
0x0D04	0x514945 ;_font5x7+291
0x0D07	0x430000 ;_font5x7+294
0x0D0A	0x7F4141 ;_font5x7+297
0x0D0D	0x020408 ;_font5x7+300
0x0D10	0x102041 ;_font5x7+303
0x0D13	0x417F00 ;_font5x7+306
0x0D16	0x000402 ;_font5x7+309
0x0D19	0x010204 ;_font5x7+312
0x0D1C	0x404040 ;_font5x7+315
0x0D1F	0x404000 ;_font5x7+318
0x0D22	0x010204 ;_font5x7+321
0x0D25	0x002054 ;_font5x7+324
0x0D28	0x545478 ;_font5x7+327
0x0D2B	0x7F4844 ;_font5x7+330
0x0D2E	0x443838 ;_font5x7+333
0x0D31	0x444444 ;_font5x7+336
0x0D34	0x203844 ;_font5x7+339
0x0D37	0x44487F ;_font5x7+342
0x0D3A	0x385454 ;_font5x7+345
0x0D3D	0x541808 ;_font5x7+348
0x0D40	0x7E0901 ;_font5x7+351
0x0D43	0x020814 ;_font5x7+354
0x0D46	0x54543C ;_font5x7+357
0x0D49	0x7F0804 ;_font5x7+360
0x0D4C	0x047800 ;_font5x7+363
0x0D4F	0x447D40 ;_font5x7+366
0x0D52	0x002040 ;_font5x7+369
0x0D55	0x443D00 ;_font5x7+372
0x0D58	0x007F10 ;_font5x7+375
0x0D5B	0x284400 ;_font5x7+378
0x0D5E	0x417F40 ;_font5x7+381
0x0D61	0x007C04 ;_font5x7+384
0x0D64	0x180478 ;_font5x7+387
0x0D67	0x7C0804 ;_font5x7+390
0x0D6A	0x047838 ;_font5x7+393
0x0D6D	0x444444 ;_font5x7+396
0x0D70	0x387C14 ;_font5x7+399
0x0D73	0x141408 ;_font5x7+402
0x0D76	0x081414 ;_font5x7+405
0x0D79	0x187C7C ;_font5x7+408
0x0D7C	0x080404 ;_font5x7+411
0x0D7F	0x084854 ;_font5x7+414
0x0D82	0x545420 ;_font5x7+417
0x0D85	0x043F44 ;_font5x7+420
0x0D88	0x40203C ;_font5x7+423
0x0D8B	0x404020 ;_font5x7+426
0x0D8E	0x7C1C20 ;_font5x7+429
0x0D91	0x40201C ;_font5x7+432
0x0D94	0x3C4030 ;_font5x7+435
0x0D97	0x403C44 ;_font5x7+438
0x0D9A	0x281028 ;_font5x7+441
0x0D9D	0x440C50 ;_font5x7+444
0x0DA0	0x50503C ;_font5x7+447
0x0DA3	0x446454 ;_font5x7+450
0x0DA6	0x4C4400 ;_font5x7+453
0x0DA9	0x083641 ;_font5x7+456
0x0DAC	0x000000 ;_font5x7+459
0x0DAF	0x7F0000 ;_font5x7+462
0x0DB2	0x004136 ;_font5x7+465
0x0DB5	0x080008 ;_font5x7+468
0x0DB8	0x082A1C ;_font5x7+471
0x0DBB	0x08081C ;_font5x7+474
0x0DBE	0x2A0808 ;_font5x7+477
; end of _font5x7
;cronometru.c,0 :: ?ICS?lstr5_cronometru
0x0DC1	0x3000 ;?ICS?lstr5_cronometru+0
; end of ?ICS?lstr5_cronometru
;cronometru.c,0 :: ?ICS_ora
0x0DC3	0x0000 ;?ICS_ora+0
; end of ?ICS_ora
;cronometru.c,0 :: ?ICS?lstr1_cronometru
0x0DC5	0x43524F ;?ICS?lstr1_cronometru+0
0x0DC8	0x4E4F4D ;?ICS?lstr1_cronometru+3
0x0DCB	0x455452 ;?ICS?lstr1_cronometru+6
0x0DCE	0x5500 ;?ICS?lstr1_cronometru+9
; end of ?ICS?lstr1_cronometru
;cronometru.c,0 :: ?ICS?lstr2_cronometru
0x0DD0	0x203030 ;?ICS?lstr2_cronometru+0
0x0DD3	0x202D20 ;?ICS?lstr2_cronometru+3
0x0DD6	0x303020 ;?ICS?lstr2_cronometru+6
0x0DD9	0x2D2030 ;?ICS?lstr2_cronometru+9
0x0DDC	0x3000 ;?ICS?lstr2_cronometru+12
; end of ?ICS?lstr2_cronometru
;cronometru.c,0 :: ?ICS_mnt
0x0DDE	0x0000 ;?ICS_mnt+0
; end of ?ICS_mnt
;cronometru.c,0 :: ?ICS?lstr4_cronometru
0x0DE0	0x3000 ;?ICS?lstr4_cronometru+0
; end of ?ICS?lstr4_cronometru
;cronometru.c,0 :: ?ICS?lstr3_cronometru
0x0DE2	0x3000 ;?ICS?lstr3_cronometru+0
; end of ?ICS?lstr3_cronometru
;cronometru.c,0 :: ?ICS_oprire
0x0DE4	0x00 ;?ICS_oprire+0
; end of ?ICS_oprire
;cronometru.c,0 :: ?ICS_sec
0x0DE5	0x0000 ;?ICS_sec+0
; end of ?ICS_sec
Symbol List:
//** Routines locations **
//ADDRESS    SIZE    PROCEDURE
//----------------------------------------------
0x002E       [6]    _Delay_10us
0x0034       [2]    _Delay_1us
0x0036       [9]    __Lib_Glcd_Strobe
0x003F      [31]    _Glcd_Read_Data
0x005E      [25]    _Glcd_Set_Side
0x0077      [30]    _Glcd_Set_X
0x0095      [13]    _Glcd_Set_Page
0x00A2      [12]    _Glcd_Write_Data
0x00AE      [18]    _Mul_16x16
0x00C0     [222]    _Glcd_Write_Char
0x019E       [6]    _UART1_Data_Ready
0x01A4      [57]    _Glcd_Init
0x01DD      [44]    _Glcd_Write_Text
0x0209      [85]    _Glcd_Fill
0x025E      [40]    _UART1_Init
0x0286      [19]    _Glcd_Set_Font
0x0299      [13]    _UART1_Write
0x02A6       [5]    _UART1_Read
0x02AB       [8]    ___CC2D
0x02B3      [69]    _ByteToStr
0x02F8     [489]    _main
//** Variables locations ** 
//ADDRESS    SIZE    VARIABLE
//----------------------------------------------
0x0000       [1]    R0
0x0001       [1]    R1
0x0002       [1]    R2
0x0003       [1]    R3
0x0004       [1]    R4
0x0005       [1]    R5
0x0006       [1]    R6
0x0007       [1]    R7
0x0008       [3]    _s_sec
0x000B       [3]    _s_mnt
0x000E       [1]    _caracter_sosit
0x000F       [3]    _UART_Wr_Ptr
0x0012       [1]    __Lib_Glcd_fontH
0x0013       [3]    _UART_Rdy_Ptr
0x0016       [3]    _UART_Rd_Ptr
0x0019       [1]    __Lib_Glcd_fontW
0x001A       [3]    _s_ore
0x001D       [2]    __Lib_Glcd_fontOffset
0x001F       [2]    __Lib_Glcd_fontDef
0x0021       [1]    _txt_afis1
0x0022       [1]    _comanda
0x0023       [1]    _txt_afis2
0x0024       [1]    FARG_ByteToStr_input
0x0024       [1]    FARG_Glcd_Write_Text_text
0x0024       [2]    FARG_Glcd_Set_Font_activeFont
0x0024       [1]    FARG_Glcd_Fill_pattern
0x0024       [1]    FARG_UART1_Write_data_
0x0025       [1]    FARG_Glcd_Write_Text_x_pos
0x0025       [1]    FARG_ByteToStr_output
0x0025       [1]    Glcd_Fill_yy_L0
0x0026       [1]    FARG_Glcd_Write_Text_page_num
0x0026       [1]    ByteToStr_DigitPos_L0
0x0026       [1]    Glcd_Fill_page_L0
0x0026       [1]    FARG_Glcd_Set_Font_aFontWidth
0x0027       [1]    FARG_Glcd_Write_Text_color
0x0027       [1]    FARG_Glcd_Set_Font_aFontHeight
0x0028       [2]    FARG_Glcd_Set_Font_aFontOffs
0x0028       [1]    Glcd_Write_Text_i_L0
0x002A       [1]    FARG_Glcd_Write_Char_chr
0x002B       [1]    FARG_Glcd_Write_Char_x_pos
0x002C       [1]    FARG_Glcd_Write_Char_page_num
0x002D       [1]    FARG_Glcd_Write_Char_color
0x002E       [1]    Glcd_Write_Char_ii_L0
0x002F       [1]    Glcd_Write_Char_rdata_L0
0x0030       [2]    ?lstr5_cronometru
0x0032       [2]    _ora
0x0034      [11]    ?lstr1_cronometru
0x003F      [14]    ?lstr2_cronometru
0x004D       [2]    _mnt
0x004F       [2]    ?lstr4_cronometru
0x0051       [2]    ?lstr3_cronometru
0x0053       [1]    _oprire
0x0054       [2]    _sec
0x0056       [1]    Glcd_Write_Char_dama_L0
0x0057       [1]    Glcd_Write_Char_nema_L0
0x0058       [2]    Glcd_Write_Char_pointer_L0
0x005A       [1]    FARG_Glcd_Write_Data_ddata
0x005A       [1]    FARG_Glcd_Set_Side_x_pos
0x005A       [1]    FARG_Glcd_Set_X_x_pos
0x005A       [1]    Glcd_Read_Data_local_L0
0x005A       [1]    FARG_Glcd_Set_Page_page
0x0080       [0]    GLCD_CS1
0x0080       [0]    P0_0_bit
0x0080       [1]    P0
0x0080       [0]    GLCD_CS2
0x0080       [0]    P0_5_bit
0x0080       [0]    GLCD_EN
0x0080       [0]    P0_4_bit
0x0080       [0]    GLCD_RST
0x0080       [0]    P0_7_bit
0x0080       [0]    P0_6_bit
0x0080       [0]    GLCD_RS
0x0080       [0]    P0_1_bit
0x0080       [0]    P0_2_bit
0x0080       [0]    P0_3_bit
0x0080       [0]    GLCD_RW
0x0081       [1]    SP
0x0082       [2]    DPTR
0x0082       [1]    DPL
0x0082       [1]    DP0L
0x0083       [1]    DP0H
0x0083       [1]    DPH
0x0084       [1]    DP1L
0x0085       [1]    DP1H
0x0086       [0]    SPD7_bit
0x0086       [0]    SPD2_bit
0x0086       [0]    SPD4_bit
0x0086       [1]    SPDR
0x0086       [0]    SPD0_bit
0x0086       [0]    SPD5_bit
0x0086       [0]    SPD6_bit
0x0086       [0]    SPD3_bit
0x0086       [0]    SPD1_bit
0x0087       [0]    PD_bit
0x0087       [0]    GF0_bit
0x0087       [0]    GF1_bit
0x0087       [0]    POF_bit
0x0087       [1]    PCON
0x0087       [0]    IDL_bit
0x0087       [0]    PWDEX_bit
0x0087       [0]    SMOD0_bit
0x0087       [0]    SMOD1_bit
0x0088       [0]    TR0_bit
0x0088       [0]    TF0_bit
0x0088       [0]    TF1_bit
0x0088       [0]    TR1_bit
0x0088       [0]    IE1_bit
0x0088       [0]    IT0_bit
0x0088       [1]    TCON
0x0088       [0]    IT1_bit
0x0088       [0]    IE0_bit
0x0089       [0]    M01_bit
0x0089       [0]    GATE0_bit
0x0089       [0]    C_T1_bit
0x0089       [0]    M11_bit
0x0089       [0]    M00_bit
0x0089       [1]    TMOD
0x0089       [0]    C_T0_bit
0x0089       [0]    M10_bit
0x0089       [0]    GATE1_bit
0x008A       [1]    TL0
0x008B       [1]    TL1
0x008C       [1]    TH0
0x008D       [1]    TH1
0x008E       [0]    DISALE_bit
0x008E       [0]    Intel_Pwd_Exit_bit
0x008E       [1]    AUXR
0x008F       [1]    CLKREG
0x008F       [0]    X2_bit
0x0090       [0]    P1_1_bit
0x0090       [0]    P1_4_bit
0x0090       [0]    P1_7_bit
0x0090       [0]    P1_0_bit
0x0090       [1]    P1
0x0090       [0]    P1_5_bit
0x0090       [0]    P1_6_bit
0x0090       [0]    P1_3_bit
0x0090       [0]    P1_2_bit
0x0096       [0]    EELD_bit
0x0096       [0]    DPS_bit
0x0096       [0]    EEMEN_bit
0x0096       [0]    EEMWE_bit
0x0096       [0]    RDY_BSY_bit
0x0096       [1]    EECON
0x0096       [0]    WRTINH_bit
0x0098       [0]    RB8_bit
0x0098       [0]    REN_bit
0x0098       [0]    TB8_bit
0x0098       [0]    SM2_bit
0x0098       [0]    SM1_bit
0x0098       [0]    RI_bit
0x0098       [1]    SCON
0x0098       [0]    TI_bit
0x0098       [0]    SM0_FE_bit
0x0099       [1]    SBUF
0x00A0       [0]    P2_6_bit
0x00A0       [0]    P2_0_bit
0x00A0       [0]    P2_1_bit
0x00A0       [0]    P2_3_bit
0x00A0       [0]    P2_2_bit
0x00A0       [1]    P2
0x00A0       [1]    GLCD_DataPort
0x00A0       [0]    P2_5_bit
0x00A0       [0]    P2_7_bit
0x00A0       [0]    P2_4_bit
0x00A6       [1]    WDTRST
0x00A7       [0]    PS2_bit
0x00A7       [0]    PS1_bit
0x00A7       [0]    WDTEN_bit
0x00A7       [0]    WSWRST_bit
0x00A7       [0]    WDIDLE_bit
0x00A7       [0]    PS0_bit
0x00A7       [0]    HWDT_bit
0x00A7       [0]    DISRTO_bit
0x00A7       [1]    WDTCON
0x00A8       [0]    ES_bit
0x00A8       [0]    ET1_bit
0x00A8       [0]    EA_bit
0x00A8       [0]    ET2_bit
0x00A8       [0]    ET0_bit
0x00A8       [1]    IE
0x00A8       [0]    EX0_bit
0x00A8       [0]    EX1_bit
0x00A9       [1]    SADDR
0x00AA       [0]    LDEN_bit
0x00AA       [0]    WCOL_bit
0x00AA       [0]    SPIF_bit
0x00AA       [0]    ENH_bit
0x00AA       [1]    SPSR
0x00AA       [0]    DISSO_bit
0x00B0       [0]    P3_5_bit
0x00B0       [0]    P3_4_bit
0x00B0       [0]    P3_7_bit
0x00B0       [0]    P3_6_bit
0x00B0       [0]    P3_3_bit
0x00B0       [0]    P3_0_bit
0x00B0       [0]    P3_1_bit
0x00B0       [1]    P3
0x00B0       [0]    P3_2_bit
0x00B7       [0]    PT1H_bit
0x00B7       [0]    PSH_bit
0x00B7       [0]    PT2H_bit
0x00B7       [0]    PX1H_bit
0x00B7       [1]    IPH
0x00B7       [0]    PX0H_bit
0x00B7       [0]    PT0H_bit
0x00B8       [0]    PT0_bit
0x00B8       [0]    PX0_bit
0x00B8       [1]    IP
0x00B8       [0]    PX1_bit
0x00B8       [0]    PT2_bit
0x00B8       [0]    PS_bit
0x00B8       [0]    PT1_bit
0x00B9       [1]    SADEN
0x00C8       [0]    TCLK_bit
0x00C8       [0]    EXEN2_bit
0x00C8       [0]    EXF2_bit
0x00C8       [0]    RCLK_bit
0x00C8       [0]    CP_RL2_bit
0x00C8       [1]    T2CON
0x00C8       [0]    TR2_bit
0x00C8       [0]    C_T2_bit
0x00C8       [0]    TF2_bit
0x00C9       [0]    DCEN_bit
0x00C9       [0]    T2OE_bit
0x00C9       [1]    T2MOD
0x00CA       [1]    RCAP2L
0x00CB       [1]    RCAP2H
0x00CC       [1]    TL2
0x00CD       [1]    TH2
0x00D0       [0]    RS1_bit
0x00D0       [0]    RS0_bit
0x00D0       [1]    PSW
0x00D0       [0]    F1_bit
0x00D0       [0]    P_bit
0x00D0       [0]    OV_bit
0x00D0       [0]    F0_bit
0x00D0       [0]    CY_bit
0x00D0       [0]    AC_bit
0x00D5       [0]    CPHA_bit
0x00D5       [0]    CPOL_bit
0x00D5       [0]    MSTR_bit
0x00D5       [1]    SPCR
0x00D5       [0]    SPR0_bit
0x00D5       [0]    SPR1_bit
0x00D5       [0]    SPIE_bit
0x00D5       [0]    SPE_bit
0x00D5       [0]    DORD_bit
0x00E0       [1]    ACC
0x00F0       [1]    B
//** Constants locations ** 
//ADDRESS    SIZE    CONSTANT
//----------------------------------------------
0x04E1    [1792]    _Character8x7
0x0BE1     [480]    _font5x7
0x0DC1       [2]    ?ICS?lstr5_cronometru
0x0DC3       [2]    ?ICS_ora
0x0DC5      [11]    ?ICS?lstr1_cronometru
0x0DD0      [14]    ?ICS?lstr2_cronometru
0x0DDE       [2]    ?ICS_mnt
0x0DE0       [2]    ?ICS?lstr4_cronometru
0x0DE2       [2]    ?ICS?lstr3_cronometru
0x0DE4       [1]    ?ICS_oprire
0x0DE5       [2]    ?ICS_sec
//** Label List: ** 
//----------------------------------------------
  L_main0
  L_main1
  L_main2
  L_main3
  L_main4
  L_main5
  L_main6
  L_main7
  L_main8
  L_main9
  L_main10
  L_main11
  L_main12
  L_main13
  L_main14
  _main
  L__main15
  L__main16
  L__main17
  L_ByteToStr0
  L_ByteToStr1
  L_ByteToStr2
  L_ByteToStr3
  L_ByteToStr4
  L_ByteToStr5
  L_WordToStr6
  L_WordToStr7
  L_WordToStr8
  L_WordToStr9
  L_WordToStr10
  L_WordToStr11
  L_ShortToStr12
  L_ShortToStr13
  L_ShortToStr14
  L_ShortToStr15
  L_ShortToStr16
  L_ShortToStr17
  L_IntToStr18
  L_IntToStr19
  L_IntToStr20
  L_IntToStr21
  L_IntToStr22
  L_IntToStr23
  L_LongWordToStr24
  L_LongWordToStr25
  L_LongWordToStr26
  L_LongWordToStr27
  L_LongWordToStr28
  L_LongWordToStr29
  L_LongToStr30
  L_LongToStr31
  L_LongToStr32
  L_LongToStr33
  L_LongToStr34
  L_LongToStr35
  L_Dec2Bcd36
  L_Dec2Bcd37
  L___Lib_Conversions_rtrim38
  L___Lib_Conversions_rtrim39
  L_FloatToStr40
  L_FloatToStr41
  L_FloatToStr42
  L_FloatToStr43
  L_FloatToStr44
  L_FloatToStr45
  L_FloatToStr46
  L_FloatToStr47
  L_FloatToStr48
  L_FloatToStr49
  L_FloatToStr50
  L_FloatToStr51
  L_FloatToStr52
  L_FloatToStr53
  L_FloatToStr54
  L_FloatToStr55
  L_FloatToStr56
  L_FloatToStr57
  L_FloatToStr58
  L_FloatToStr59
  L_FloatToStr60
  L_FloatToStr61
  L__FloatToStr62
  _ByteToStr
  _WordToStr
  _ShortToStr
  _IntToStr
  _LongWordToStr
  _LongToStr
  _Dec2Bcd
  L__Dec2Bcd63
  L__Dec2Bcd64
  _Bcd2Dec16
  L__Bcd2Dec1665
  L__Bcd2Dec1666
  L__Bcd2Dec1667
  L__Bcd2Dec1668
  _Dec2Bcd16
  L__Dec2Bcd1669
  L__Dec2Bcd1670
  L__Dec2Bcd1671
  L__Dec2Bcd1672
  __Lib_Conversions_rtrim
  _FloatToStr
  L__FloatToStr73
  L__FloatToStr74
  L__FloatToStr75
  L__FloatToStr76
  L__FloatToStr77
  L__FloatToStr78
  L_Delay_Cyc0
  L_Delay_Cyc1
  L_VDelay_ms2
  L_VDelay_ms3
  L_VDelay_ms4
  L_VDelay_ms5
  _Get_Fosc_kHz
  _Delay_1us
  _Delay_10us
  _Delay_22us
  _Delay_50us
  _Delay_80us
  _Delay_500us
  _Delay_5500us
  _Delay_8ms
  _Delay_10ms
  _Delay_100ms
  _Delay_1sec
  _Delay_Cyc
  _VDelay_ms
  L_Glcd_Set_Side0
  L_Glcd_Set_Side1
  L_Glcd_Fill2
  L_Glcd_Fill3
  L_Glcd_Fill4
  L_Glcd_Fill5
  L_Glcd_Fill6
  L_Glcd_Fill7
  L_Glcd_Fill8
  L_Glcd_Fill9
  L_Glcd_Fill10
  L_Glcd_Fill11
  L_Glcd_Fill12
  L_Glcd_Fill13
  L_Glcd_Write_Char14
  L_Glcd_Write_Char15
  L_Glcd_Write_Char16
  L_Glcd_Write_Char17
  L_Glcd_Write_Char18
  L_Glcd_Write_Char19
  L_Glcd_Write_Char20
  L_Glcd_Write_Char21
  L_Glcd_Write_Char22
  L_Glcd_Write_Char23
  L_Glcd_Write_Char24
  L_Glcd_Write_Char25
  L_Glcd_Write_Text26
  L_Glcd_Write_Text27
  L_Glcd_Dot28
  L_Glcd_Dot29
  L_Glcd_Dot30
  L_Glcd_Dot31
  L_Glcd_Dot32
  L_Glcd_Line33
  L_Glcd_Line34
  L_Glcd_Line35
  L_Glcd_Line36
  L_Glcd_Line37
  L_Glcd_Line38
  L_Glcd_Line39
  L_Glcd_Line40
  L_Glcd_Line41
  L_Glcd_Line42
  L_Glcd_Line43
  L_Glcd_Line44
  L_Glcd_H_Line45
  L_Glcd_H_Line46
  L_Glcd_H_Line47
  L_Glcd_V_Line48
  L_Glcd_V_Line49
  L_Glcd_V_Line50
  L_Glcd_Circle51
  L_Glcd_Circle52
  L_Glcd_Circle53
  L_Glcd_Circle54
  L_Glcd_Image55
  L_Glcd_Image56
  L_Glcd_Image57
  L_Glcd_Image58
  L_Glcd_Image59
  L_Glcd_Image60
  L_Glcd_Image61
  L_Glcd_Image62
  L_Glcd_Box63
  L_Glcd_Box64
  L_Glcd_Box65
  __Lib_Glcd_Strobe
  _Glcd_Set_Page
  _Glcd_Set_Side
  _Glcd_Set_X
  _Glcd_Read_Data
  _Glcd_Write_Data
  _Glcd_Fill
  _Glcd_Init
  _Glcd_Set_Font
  _Glcd_Write_Char
  _Glcd_Write_Text
  _Glcd_Dot
  L__Glcd_Dot66
  L__Glcd_Dot67
  L__Glcd_Dot68
  L__Glcd_Dot69
  L__Glcd_Dot70
  L__Glcd_Dot71
  _Glcd_Line
  L__Glcd_Line72
  L__Glcd_Line73
  L__Glcd_Line74
  L__Glcd_Line75
  L__Glcd_Line76
  L__Glcd_Line77
  L__Glcd_Line78
  L__Glcd_Line79
  L__Glcd_Line80
  L__Glcd_Line81
  _Glcd_H_Line
  _Glcd_V_Line
  _Glcd_Circle
  L__Glcd_Circle82
  L__Glcd_Circle83
  L__Glcd_Circle84
  L__Glcd_Circle85
  L__Glcd_Circle86
  L__Glcd_Circle87
  _Glcd_Image
  _Glcd_Rectangle
  _Glcd_Box
  lab_end
  loop_lab
  lab_end1
  lab_loop1
  lab_end2
  lab_loop3
  __Div_8x8_S_Bpositive
  __Div_8x8_S_Apositive
  __Div_8x8_S_Skip_Div
  __Div_8x8_S_div_ret
  __op2hi_not_zero
  __op1hi_not_zero
  __Div_16x16_U_Loop1
  __Div_16x16_U_Lab1
  __Div_16x16_U_div_ret
  __Div_16x16_U_Loop2
  __Div_16x16_U_Lab2
  __Div_16x16_U_Lab3
  __Div_16x16_S_op2hipositive
  __Div_16x16_S_op1hipositive
  __Div_16x16_S_Skip_Udiv
  __Div_16x16_S_div_ret
  __Div_32x32_U_start
  __Div_32x32_U_aux
  __Div_32x32_U_l2
  __Div_32x32_U_l1
  lw_1
  lw_2
  __Div_32x32_U_l3
  lw_3
  __Div_32x32_U_l4
  __Div_32x32_U_IR_l0
  __Div_32x32_U_l5
  __Div_32x32_U_l6
  __Div_32x32_U_l8
  __Div_32x32_U_l7
  __Div_32x32_U_IR_l1
  __Div_32x32_U_l10
  __Div_32x32_U_l9
  __Div_32x32_U_IR_l2
  __Div_32x32_S_l1
  __Div_32x32_S_call_uns
  __Div_32x32_S_l2
  __Div_32x32_S_l3
  __Div_32x32_S_div_ret
  __shl_long
  __shr_longint
  __shr_longword
  _Mul_16x16
  _Mul_32x32
  _Div_8x8_S
  _Div_16x16_U
  _Div_16x16_S
  _Div_32x32_U
  _Div_32x32_S
  _CC2D_Loop1
  _CC2PD_Loop1
  _CC2XD_Loop1
  ___DoIFC
  ___CC2D
  ___CC2PD
  ___CC2XD
  L_UART1_Write0
  L_UART1_Write1
  L_UART1_Write_Text2
  L_UART1_Write_Text3
  L_UART1_Read_Text4
  L_UART1_Read_Text5
  L_UART1_Read_Text6
  L_UART1_Read_Text7
  L_UART1_Read_Text8
  L_UART1_Read_Text9
  L_UART1_Read_Text10
  L_UART1_Read_Text11
  L_UART1_Read_Text12
  _UART1_Init
  _UART1_Write
  _UART1_Data_Ready
  _UART1_Read
  _UART1_Write_Text
  _UART1_Read_Text
  _UART_Set_Active
