;  LST file generated by mikroListExporter - v.2.0 
; Date/Time: 10.12.2021 12:43:15
;----------------------------------------------

;Address Opcode 	ASM
0x0000	0x020651  	LJMP 1617
0x0003	0x020000  	LJMP 0
0x0006	0x00      	NOP
0x0007	0x00      	NOP
0x0008	0x00      	NOP
0x0009	0x00      	NOP
0x000A	0x00      	NOP
0x000B	0x020000  	LJMP 0
0x000E	0x00      	NOP
0x000F	0x00      	NOP
0x0010	0x00      	NOP
0x0011	0x00      	NOP
0x0012	0x00      	NOP
0x0013	0x020000  	LJMP 0
0x0016	0x00      	NOP
0x0017	0x00      	NOP
0x0018	0x00      	NOP
0x0019	0x00      	NOP
0x001A	0x00      	NOP
0x001B	0x020000  	LJMP 0
0x001E	0x00      	NOP
0x001F	0x00      	NOP
0x0020	0x00      	NOP
0x0021	0x00      	NOP
0x0022	0x00      	NOP
0x0023	0x020000  	LJMP 0
0x0026	0x00      	NOP
0x0027	0x00      	NOP
0x0028	0x00      	NOP
0x0029	0x00      	NOP
0x002A	0x00      	NOP
0x002B	0x020000  	LJMP 0
__shr_longword:
;__Lib_Math.c,75 :: 		
;__Lib_Math.c,77 :: 		
0x002E	0xEC      	MOV A, R4
;__Lib_Math.c,78 :: 		
0x002F	0x600F    	JZ lab_end2
;__Lib_Math.c,79 :: 		
lab_loop3:
;__Lib_Math.c,80 :: 		
0x0031	0xEB      	MOV A, R3
;__Lib_Math.c,81 :: 		
0x0032	0xC3      	CLR C
;__Lib_Math.c,82 :: 		
0x0033	0x13      	RRC A
;__Lib_Math.c,83 :: 		
0x0034	0xFB      	MOV R3, A
;__Lib_Math.c,84 :: 		
0x0035	0xEA      	MOV A, R2
;__Lib_Math.c,85 :: 		
0x0036	0x13      	RRC A
;__Lib_Math.c,86 :: 		
0x0037	0xFA      	MOV R2, A
;__Lib_Math.c,87 :: 		
0x0038	0xE9      	MOV A, R1
;__Lib_Math.c,88 :: 		
0x0039	0x13      	RRC A
;__Lib_Math.c,89 :: 		
0x003A	0xF9      	MOV R1, A
;__Lib_Math.c,90 :: 		
0x003B	0xE8      	MOV A, R0
;__Lib_Math.c,91 :: 		
0x003C	0x13      	RRC A
;__Lib_Math.c,92 :: 		
0x003D	0xF8      	MOV R0, A
;__Lib_Math.c,93 :: 		
0x003E	0xDCF1    	DJNZ R4, lab_loop3
;__Lib_Math.c,94 :: 		
lab_end2:
;__Lib_Math.c,96 :: 		
0x0040	0x22      	RET
; end of __shr_longword
_Mul_32x32:
;__Lib_Math.c,141 :: 		
;__Lib_Math.c,143 :: 		
0x0041	0xEF      	MOV A, R7
;__Lib_Math.c,144 :: 		
0x0042	0x88F0    	MOV B, R0
;__Lib_Math.c,145 :: 		
0x0044	0xA4      	MUL AB
;__Lib_Math.c,146 :: 		
0x0045	0xCB      	XCH A, R3
;__Lib_Math.c,147 :: 		
0x0046	0x8CF0    	MOV B, R4
;__Lib_Math.c,148 :: 		
0x0048	0xA4      	MUL AB
;__Lib_Math.c,149 :: 		
0x0049	0x2B      	ADD A, R3
;__Lib_Math.c,150 :: 		
0x004A	0xFB      	MOV R3, A
;__Lib_Math.c,151 :: 		
0x004B	0xEE      	MOV A, R6
;__Lib_Math.c,152 :: 		
0x004C	0x89F0    	MOV B, R1
;__Lib_Math.c,153 :: 		
0x004E	0xA4      	MUL AB
;__Lib_Math.c,154 :: 		
0x004F	0x2B      	ADD A, R3
;__Lib_Math.c,155 :: 		
0x0050	0xFB      	MOV R3, A
;__Lib_Math.c,156 :: 		
0x0051	0x8DF0    	MOV B, R5
;__Lib_Math.c,157 :: 		
0x0053	0xEA      	MOV A, R2
;__Lib_Math.c,158 :: 		
0x0054	0xA4      	MUL AB
;__Lib_Math.c,159 :: 		
0x0055	0x2B      	ADD A, R3
;__Lib_Math.c,160 :: 		
0x0056	0xFB      	MOV R3, A
;__Lib_Math.c,161 :: 		
0x0057	0xED      	MOV A, R5
;__Lib_Math.c,162 :: 		
0x0058	0x89F0    	MOV B, R1
;__Lib_Math.c,163 :: 		
0x005A	0xA4      	MUL AB
;__Lib_Math.c,164 :: 		
0x005B	0xCA      	XCH A, R2
;__Lib_Math.c,165 :: 		
0x005C	0xAFF0    	MOV R7, B
;__Lib_Math.c,166 :: 		
0x005E	0x8CF0    	MOV B, R4
;__Lib_Math.c,167 :: 		
0x0060	0xA4      	MUL AB
;__Lib_Math.c,168 :: 		
0x0061	0x2A      	ADD A, R2
;__Lib_Math.c,169 :: 		
0x0062	0xCB      	XCH A, R3
;__Lib_Math.c,170 :: 		
0x0063	0x3F      	ADDC A, R7
;__Lib_Math.c,171 :: 		
0x0064	0x25F0    	ADD A, B
;__Lib_Math.c,172 :: 		
0x0066	0xFA      	MOV R2, A
;__Lib_Math.c,173 :: 		
0x0067	0xEE      	MOV A, R6
;__Lib_Math.c,174 :: 		
0x0068	0x88F0    	MOV B, R0
;__Lib_Math.c,175 :: 		
0x006A	0xA4      	MUL AB
;__Lib_Math.c,176 :: 		
0x006B	0x2B      	ADD A, R3
;__Lib_Math.c,177 :: 		
0x006C	0xCA      	XCH A, R2
;__Lib_Math.c,178 :: 		
0x006D	0x35F0    	ADDC A, B
;__Lib_Math.c,179 :: 		
0x006F	0xFB      	MOV R3, A
;__Lib_Math.c,180 :: 		
0x0070	0xEC      	MOV A, R4
;__Lib_Math.c,181 :: 		
0x0071	0x89F0    	MOV B, R1
;__Lib_Math.c,182 :: 		
0x0073	0xA4      	MUL AB
;__Lib_Math.c,183 :: 		
0x0074	0xF9      	MOV R1, A
;__Lib_Math.c,184 :: 		
0x0075	0xAEF0    	MOV R6, B
;__Lib_Math.c,185 :: 		
0x0077	0xEC      	MOV A, R4
;__Lib_Math.c,186 :: 		
0x0078	0x88F0    	MOV B, R0
;__Lib_Math.c,187 :: 		
0x007A	0xA4      	MUL AB
;__Lib_Math.c,188 :: 		
0x007B	0xC8      	XCH A, R0
;__Lib_Math.c,189 :: 		
0x007C	0xC5F0    	XCH A, B
;__Lib_Math.c,190 :: 		
0x007E	0x29      	ADD A, R1
;__Lib_Math.c,191 :: 		
0x007F	0xCA      	XCH A, R2
;__Lib_Math.c,192 :: 		
0x0080	0x3E      	ADDC A, R6
;__Lib_Math.c,193 :: 		
0x0081	0xF9      	MOV R1, A
;__Lib_Math.c,194 :: 		
0x0082	0xE4      	CLR A
;__Lib_Math.c,195 :: 		
0x0083	0x3B      	ADDC A, R3
;__Lib_Math.c,196 :: 		
0x0084	0xFB      	MOV R3, A
;__Lib_Math.c,197 :: 		
0x0085	0xED      	MOV A, R5
;__Lib_Math.c,198 :: 		
0x0086	0xA4      	MUL AB
;__Lib_Math.c,199 :: 		
0x0087	0x2A      	ADD A, R2
;__Lib_Math.c,200 :: 		
0x0088	0xC9      	XCH A, R1
;__Lib_Math.c,201 :: 		
0x0089	0x35F0    	ADDC A, B
;__Lib_Math.c,202 :: 		
0x008B	0xFA      	MOV R2, A
;__Lib_Math.c,203 :: 		
0x008C	0xE4      	CLR A
;__Lib_Math.c,204 :: 		
0x008D	0x3B      	ADDC A, R3
;__Lib_Math.c,205 :: 		
0x008E	0xFB      	MOV R3, A
;__Lib_Math.c,207 :: 		
0x008F	0x22      	RET
; end of _Mul_32x32
_VDelay_ms:
;__Lib_Delays.c,388 :: 		void VDelay_ms(unsigned Time_ms) {
;__Lib_Delays.c,391 :: 		NumberOfCyc = Clock_kHz()/12; // this will be done by compiler, no asm will be genereated except that for assignment;
0x0090	0x751941  	MOV VDelay_ms_NumberOfCyc_L0, #65
0x0093	0x751A03  	MOV VDelay_ms_NumberOfCyc_L0+1, #3
0x0096	0x751B00  	MOV VDelay_ms_NumberOfCyc_L0+2, #0
0x0099	0x751C00  	MOV VDelay_ms_NumberOfCyc_L0+3, #0
;__Lib_Delays.c,392 :: 		NumberOfCyc = NumberOfCyc *  Time_ms;
0x009C	0x7841    	MOV R0, #65
0x009E	0x7903    	MOV R1, #3
0x00A0	0x7A00    	MOV R2, #0
0x00A2	0x7B00    	MOV R3, #0
0x00A4	0xAC17    	MOV R4, FARG_VDelay_ms_Time_ms
0x00A6	0xAD18    	MOV R5, FARG_VDelay_ms_Time_ms+1
0x00A8	0xE4      	CLR A
0x00A9	0xFE      	MOV R6, A
0x00AA	0xE4      	CLR A
0x00AB	0xF507    	MOV R7, A
0x00AD	0x1141    	ACALL _Mul_32x32
0x00AF	0x850019  	MOV VDelay_ms_NumberOfCyc_L0, 0
0x00B2	0x85011A  	MOV VDelay_ms_NumberOfCyc_L0+1, 1
0x00B5	0x85021B  	MOV VDelay_ms_NumberOfCyc_L0+2, 2
0x00B8	0x85031C  	MOV VDelay_ms_NumberOfCyc_L0+3, 3
;__Lib_Delays.c,393 :: 		NumberOfCyc = NumberOfCyc >> 5; // Dec and While below take around 32 instructions
0x00BB	0x7C05    	MOV R4, #5
0x00BD	0x112E    	ACALL __shr_longword
0x00BF	0x850019  	MOV VDelay_ms_NumberOfCyc_L0, 0
0x00C2	0x85011A  	MOV VDelay_ms_NumberOfCyc_L0+1, 1
0x00C5	0x85021B  	MOV VDelay_ms_NumberOfCyc_L0+2, 2
0x00C8	0x85031C  	MOV VDelay_ms_NumberOfCyc_L0+3, 3
;__Lib_Delays.c,395 :: 		if (NumberOfCyc > 8)
0x00CB	0xD3      	SETB C
0x00CC	0xE8      	MOV A, R0
0x00CD	0x9408    	SUBB A, #8
0x00CF	0xE9      	MOV A, R1
0x00D0	0x9400    	SUBB A, #0
0x00D2	0xEA      	MOV A, R2
0x00D3	0x9400    	SUBB A, #0
0x00D5	0xEB      	MOV A, R3
0x00D6	0x9400    	SUBB A, #0
0x00D8	0x401B    	JC L_VDelay_ms2
;__Lib_Delays.c,396 :: 		NumberOfCyc -= 8;
0x00DA	0xC3      	CLR C
0x00DB	0xE519    	MOV A, VDelay_ms_NumberOfCyc_L0
0x00DD	0x9408    	SUBB A, #8
0x00DF	0xF519    	MOV VDelay_ms_NumberOfCyc_L0, A
0x00E1	0xE51A    	MOV A, VDelay_ms_NumberOfCyc_L0+1
0x00E3	0x9400    	SUBB A, #0
0x00E5	0xF51A    	MOV VDelay_ms_NumberOfCyc_L0+1, A
0x00E7	0xE51B    	MOV A, VDelay_ms_NumberOfCyc_L0+2
0x00E9	0x9400    	SUBB A, #0
0x00EB	0xF51B    	MOV VDelay_ms_NumberOfCyc_L0+2, A
0x00ED	0xE51C    	MOV A, VDelay_ms_NumberOfCyc_L0+3
0x00EF	0x9400    	SUBB A, #0
0x00F1	0xF51C    	MOV VDelay_ms_NumberOfCyc_L0+3, A
0x00F3	0x800C    	SJMP L_VDelay_ms3
L_VDelay_ms2:
;__Lib_Delays.c,398 :: 		NumberOfCyc = 0;
0x00F5	0x751900  	MOV VDelay_ms_NumberOfCyc_L0, #0
0x00F8	0x751A00  	MOV VDelay_ms_NumberOfCyc_L0+1, #0
0x00FB	0x751B00  	MOV VDelay_ms_NumberOfCyc_L0+2, #0
0x00FE	0x751C00  	MOV VDelay_ms_NumberOfCyc_L0+3, #0
L_VDelay_ms3:
;__Lib_Delays.c,400 :: 		while (NumberOfCyc)             //  while loop takes 32 cycles
L_VDelay_ms4:
0x0101	0xE519    	MOV A, VDelay_ms_NumberOfCyc_L0
0x0103	0x451A    	ORL A, VDelay_ms_NumberOfCyc_L0+1
0x0105	0x451B    	ORL A, VDelay_ms_NumberOfCyc_L0+2
0x0107	0x451C    	ORL A, VDelay_ms_NumberOfCyc_L0+3
0x0109	0x6026    	JZ L_VDelay_ms5
;__Lib_Delays.c,402 :: 		--NumberOfCyc;              //
0x010B	0xC3      	CLR C
0x010C	0xE519    	MOV A, VDelay_ms_NumberOfCyc_L0
0x010E	0x9401    	SUBB A, #1
0x0110	0xF519    	MOV VDelay_ms_NumberOfCyc_L0, A
0x0112	0xE51A    	MOV A, VDelay_ms_NumberOfCyc_L0+1
0x0114	0x9400    	SUBB A, #0
0x0116	0xF51A    	MOV VDelay_ms_NumberOfCyc_L0+1, A
0x0118	0xE51B    	MOV A, VDelay_ms_NumberOfCyc_L0+2
0x011A	0x9400    	SUBB A, #0
0x011C	0xF51B    	MOV VDelay_ms_NumberOfCyc_L0+2, A
0x011E	0xE51C    	MOV A, VDelay_ms_NumberOfCyc_L0+3
0x0120	0x9400    	SUBB A, #0
0x0122	0xF51C    	MOV VDelay_ms_NumberOfCyc_L0+3, A
;__Lib_Delays.c,403 :: 		asm nop;                    //
0x0124	0x00      	NOP
;__Lib_Delays.c,404 :: 		asm nop;                    //
0x0125	0x00      	NOP
;__Lib_Delays.c,405 :: 		asm nop;                    //
0x0126	0x00      	NOP
;__Lib_Delays.c,407 :: 		asm nop;                    //
0x0127	0x00      	NOP
;__Lib_Delays.c,408 :: 		asm nop;                    //
0x0128	0x00      	NOP
;__Lib_Delays.c,409 :: 		asm nop;                    //
0x0129	0x00      	NOP
;__Lib_Delays.c,411 :: 		asm nop;                    //
0x012A	0x00      	NOP
;__Lib_Delays.c,412 :: 		asm nop;                    //
0x012B	0x00      	NOP
;__Lib_Delays.c,413 :: 		asm nop;                    //
0x012C	0x00      	NOP
;__Lib_Delays.c,415 :: 		asm nop;                    //
0x012D	0x00      	NOP
;__Lib_Delays.c,416 :: 		asm nop;                    //
0x012E	0x00      	NOP
;__Lib_Delays.c,417 :: 		}
0x012F	0x80D0    	SJMP L_VDelay_ms4
L_VDelay_ms5:
;__Lib_Delays.c,418 :: 		}
0x0131	0x22      	RET
; end of _VDelay_ms
_UART1_Init:
;__Lib_UART_Timer1.c,15 :: 		
;__Lib_UART_Timer1.c,16 :: 		
0x0132	0x750939  	MOV _UART_Wr_Ptr, #_UART1_Write+0
0x0135	0x750A04  	MOV _UART_Wr_Ptr+1, hi(#_UART1_Write+0)
0x0138	0x750B16  	MOV _UART_Wr_Ptr+2, #FARG_UART1_Write_data_+0
;__Lib_UART_Timer1.c,17 :: 		
0x013B	0x751346  	MOV _UART_Rd_Ptr, #_UART1_Read+0
0x013E	0x751404  	MOV _UART_Rd_Ptr+1, hi(#_UART1_Read+0)
0x0141	0x751500  	MOV _UART_Rd_Ptr+2, 0
;__Lib_UART_Timer1.c,18 :: 		
0x0144	0x751033  	MOV _UART_Rdy_Ptr, #_UART1_Data_Ready+0
0x0147	0x751104  	MOV _UART_Rdy_Ptr+1, hi(#_UART1_Data_Ready+0)
0x014A	0x751200  	MOV _UART_Rdy_Ptr+2, 0
;__Lib_UART_Timer1.c,21 :: 		
0x014D	0x759850  	MOV SCON, #80
;__Lib_UART_Timer1.c,22 :: 		
0x0150	0x758780  	MOV PCON, #128
;__Lib_UART_Timer1.c,23 :: 		
0x0153	0x758840  	MOV TCON, #64
;__Lib_UART_Timer1.c,24 :: 		
0x0156	0x758920  	MOV TMOD, #32
;__Lib_UART_Timer1.c,25 :: 		
0x0159	0x22      	RET
; end of _UART1_Init
_Efect3:
;serial_mikroC.c,205 :: 		void Efect3() {
;serial_mikroC.c,206 :: 		P0=0x00;
0x015A	0x758000  	MOV P0, #0
;serial_mikroC.c,207 :: 		P1=0xE0;
0x015D	0x7590E0  	MOV P1, #224
;serial_mikroC.c,208 :: 		P2=0x40;
0x0160	0x75A040  	MOV P2, #64
;serial_mikroC.c,209 :: 		P3=0xE3;
0x0163	0x75B0E3  	MOV P3, #227
;serial_mikroC.c,210 :: 		vdelay_ms(viteza);
0x0166	0x850C17  	MOV FARG_VDelay_ms_Time_ms, _viteza+0
0x0169	0x850D18  	MOV FARG_VDelay_ms_Time_ms+1, _viteza+1
0x016C	0x1190    	ACALL _VDelay_ms
;serial_mikroC.c,212 :: 		P0=0xE0;
0x016E	0x7580E0  	MOV P0, #224
;serial_mikroC.c,213 :: 		P1=0x40;
0x0171	0x759040  	MOV P1, #64
;serial_mikroC.c,214 :: 		P2=0xE0;
0x0174	0x75A0E0  	MOV P2, #224
;serial_mikroC.c,215 :: 		P3=0x03;
0x0177	0x75B003  	MOV P3, #3
;serial_mikroC.c,216 :: 		vdelay_ms(viteza);
0x017A	0x850C17  	MOV FARG_VDelay_ms_Time_ms, _viteza+0
0x017D	0x850D18  	MOV FARG_VDelay_ms_Time_ms+1, _viteza+1
0x0180	0x1190    	ACALL _VDelay_ms
;serial_mikroC.c,218 :: 		P0=0x00;
0x0182	0x758000  	MOV P0, #0
;serial_mikroC.c,219 :: 		P1=0xE1;
0x0185	0x7590E1  	MOV P1, #225
;serial_mikroC.c,220 :: 		P2=0x41;
0x0188	0x75A041  	MOV P2, #65
;serial_mikroC.c,221 :: 		P3=0xE3;
0x018B	0x75B0E3  	MOV P3, #227
;serial_mikroC.c,222 :: 		vdelay_ms(viteza);
0x018E	0x850C17  	MOV FARG_VDelay_ms_Time_ms, _viteza+0
0x0191	0x850D18  	MOV FARG_VDelay_ms_Time_ms+1, _viteza+1
0x0194	0x1190    	ACALL _VDelay_ms
;serial_mikroC.c,224 :: 		P1=0xF3;
0x0196	0x7590F3  	MOV P1, #243
;serial_mikroC.c,225 :: 		P2=0x43;
0x0199	0x75A043  	MOV P2, #67
;serial_mikroC.c,226 :: 		vdelay_ms(viteza);
0x019C	0x850C17  	MOV FARG_VDelay_ms_Time_ms, _viteza+0
0x019F	0x850D18  	MOV FARG_VDelay_ms_Time_ms+1, _viteza+1
0x01A2	0x1190    	ACALL _VDelay_ms
;serial_mikroC.c,228 :: 		P1=0xEE;
0x01A4	0x7590EE  	MOV P1, #238
;serial_mikroC.c,229 :: 		P2=0x46;
0x01A7	0x75A046  	MOV P2, #70
;serial_mikroC.c,230 :: 		vdelay_ms(viteza);
0x01AA	0x850C17  	MOV FARG_VDelay_ms_Time_ms, _viteza+0
0x01AD	0x850D18  	MOV FARG_VDelay_ms_Time_ms+1, _viteza+1
0x01B0	0x1190    	ACALL _VDelay_ms
;serial_mikroC.c,232 :: 		P0=0xE1;
0x01B2	0x7580E1  	MOV P0, #225
;serial_mikroC.c,233 :: 		P1=0x40;
0x01B5	0x759040  	MOV P1, #64
;serial_mikroC.c,234 :: 		P2=0xE0;
0x01B8	0x75A0E0  	MOV P2, #224
;serial_mikroC.c,235 :: 		P3=0x03;
0x01BB	0x75B003  	MOV P3, #3
;serial_mikroC.c,236 :: 		vdelay_ms(viteza);
0x01BE	0x850C17  	MOV FARG_VDelay_ms_Time_ms, _viteza+0
0x01C1	0x850D18  	MOV FARG_VDelay_ms_Time_ms+1, _viteza+1
0x01C4	0x1190    	ACALL _VDelay_ms
;serial_mikroC.c,238 :: 		P0=0xF3;
0x01C6	0x7580F3  	MOV P0, #243
;serial_mikroC.c,239 :: 		P1=0x41;
0x01C9	0x759041  	MOV P1, #65
;serial_mikroC.c,240 :: 		vdelay_ms(viteza);
0x01CC	0x850C17  	MOV FARG_VDelay_ms_Time_ms, _viteza+0
0x01CF	0x850D18  	MOV FARG_VDelay_ms_Time_ms+1, _viteza+1
0x01D2	0x1190    	ACALL _VDelay_ms
;serial_mikroC.c,242 :: 		P0=0xEB;
0x01D4	0x7580EB  	MOV P0, #235
;serial_mikroC.c,243 :: 		P1=0x43;
0x01D7	0x759043  	MOV P1, #67
;serial_mikroC.c,244 :: 		vdelay_ms(viteza);
0x01DA	0x850C17  	MOV FARG_VDelay_ms_Time_ms, _viteza+0
0x01DD	0x850D18  	MOV FARG_VDelay_ms_Time_ms+1, _viteza+1
0x01E0	0x1190    	ACALL _VDelay_ms
;serial_mikroC.c,246 :: 		P0=0xEE;
0x01E2	0x7580EE  	MOV P0, #238
;serial_mikroC.c,247 :: 		P1=0x46;
0x01E5	0x759046  	MOV P1, #70
;serial_mikroC.c,248 :: 		P3=0x03;
0x01E8	0x75B003  	MOV P3, #3
;serial_mikroC.c,249 :: 		vdelay_ms(viteza);
0x01EB	0x850C17  	MOV FARG_VDelay_ms_Time_ms, _viteza+0
0x01EE	0x850D18  	MOV FARG_VDelay_ms_Time_ms+1, _viteza+1
0x01F1	0x1190    	ACALL _VDelay_ms
;serial_mikroC.c,251 :: 		P0=0x00;
0x01F3	0x758000  	MOV P0, #0
;serial_mikroC.c,252 :: 		P1=0xE0;
0x01F6	0x7590E0  	MOV P1, #224
;serial_mikroC.c,253 :: 		P2=0x41;
0x01F9	0x75A041  	MOV P2, #65
;serial_mikroC.c,254 :: 		P3=0xE3;
0x01FC	0x75B0E3  	MOV P3, #227
;serial_mikroC.c,255 :: 		vdelay_ms(viteza);
0x01FF	0x850C17  	MOV FARG_VDelay_ms_Time_ms, _viteza+0
0x0202	0x850D18  	MOV FARG_VDelay_ms_Time_ms+1, _viteza+1
0x0205	0x1190    	ACALL _VDelay_ms
;serial_mikroC.c,257 :: 		P2=0x41;
0x0207	0x75A041  	MOV P2, #65
;serial_mikroC.c,258 :: 		P3=0xF3;
0x020A	0x75B0F3  	MOV P3, #243
;serial_mikroC.c,259 :: 		vdelay_ms(viteza);
0x020D	0x850C17  	MOV FARG_VDelay_ms_Time_ms, _viteza+0
0x0210	0x850D18  	MOV FARG_VDelay_ms_Time_ms+1, _viteza+1
0x0213	0x1190    	ACALL _VDelay_ms
;serial_mikroC.c,261 :: 		P1=0xE1;
0x0215	0x7590E1  	MOV P1, #225
;serial_mikroC.c,262 :: 		P2=0x43;
0x0218	0x75A043  	MOV P2, #67
;serial_mikroC.c,263 :: 		P3=0xEF;
0x021B	0x75B0EF  	MOV P3, #239
;serial_mikroC.c,264 :: 		vdelay_ms(viteza);
0x021E	0x850C17  	MOV FARG_VDelay_ms_Time_ms, _viteza+0
0x0221	0x850D18  	MOV FARG_VDelay_ms_Time_ms+1, _viteza+1
0x0224	0x1190    	ACALL _VDelay_ms
;serial_mikroC.c,266 :: 		P1=0xE0;
0x0226	0x7590E0  	MOV P1, #224
;serial_mikroC.c,267 :: 		P2=0x40;
0x0229	0x75A040  	MOV P2, #64
;serial_mikroC.c,268 :: 		P3=0xE3;
0x022C	0x75B0E3  	MOV P3, #227
;serial_mikroC.c,269 :: 		vdelay_ms(viteza);
0x022F	0x850C17  	MOV FARG_VDelay_ms_Time_ms, _viteza+0
0x0232	0x850D18  	MOV FARG_VDelay_ms_Time_ms+1, _viteza+1
0x0235	0x1190    	ACALL _VDelay_ms
;serial_mikroC.c,271 :: 		P1=0xE0;
0x0237	0x7590E0  	MOV P1, #224
;serial_mikroC.c,272 :: 		P2=0x40;
0x023A	0x75A040  	MOV P2, #64
;serial_mikroC.c,273 :: 		P3=0xE3;
0x023D	0x75B0E3  	MOV P3, #227
;serial_mikroC.c,274 :: 		vdelay_ms(viteza);
0x0240	0x850C17  	MOV FARG_VDelay_ms_Time_ms, _viteza+0
0x0243	0x850D18  	MOV FARG_VDelay_ms_Time_ms+1, _viteza+1
0x0246	0x1190    	ACALL _VDelay_ms
;serial_mikroC.c,276 :: 		P1=0x70;
0x0248	0x759070  	MOV P1, #112
;serial_mikroC.c,277 :: 		P2=0x20;
0x024B	0x75A020  	MOV P2, #32
;serial_mikroC.c,278 :: 		P3=0x73;
0x024E	0x75B073  	MOV P3, #115
;serial_mikroC.c,279 :: 		vdelay_ms(viteza);
0x0251	0x850C17  	MOV FARG_VDelay_ms_Time_ms, _viteza+0
0x0254	0x850D18  	MOV FARG_VDelay_ms_Time_ms+1, _viteza+1
0x0257	0x1190    	ACALL _VDelay_ms
;serial_mikroC.c,281 :: 		P1=0x38;
0x0259	0x759038  	MOV P1, #56
;serial_mikroC.c,282 :: 		P2=0x10;
0x025C	0x75A010  	MOV P2, #16
;serial_mikroC.c,283 :: 		P3=0x3B;
0x025F	0x75B03B  	MOV P3, #59
;serial_mikroC.c,284 :: 		vdelay_ms(viteza);
0x0262	0x850C17  	MOV FARG_VDelay_ms_Time_ms, _viteza+0
0x0265	0x850D18  	MOV FARG_VDelay_ms_Time_ms+1, _viteza+1
0x0268	0x1190    	ACALL _VDelay_ms
;serial_mikroC.c,286 :: 		P1=0x1C;
0x026A	0x75901C  	MOV P1, #28
;serial_mikroC.c,287 :: 		P2=0x08;
0x026D	0x75A008  	MOV P2, #8
;serial_mikroC.c,288 :: 		P3=0x1F;
0x0270	0x75B01F  	MOV P3, #31
;serial_mikroC.c,289 :: 		vdelay_ms(viteza);
0x0273	0x850C17  	MOV FARG_VDelay_ms_Time_ms, _viteza+0
0x0276	0x850D18  	MOV FARG_VDelay_ms_Time_ms+1, _viteza+1
0x0279	0x1190    	ACALL _VDelay_ms
;serial_mikroC.c,291 :: 		P1=0x0E;
0x027B	0x75900E  	MOV P1, #14
;serial_mikroC.c,292 :: 		P2=0x04;
0x027E	0x75A004  	MOV P2, #4
;serial_mikroC.c,293 :: 		P3=0x0F;
0x0281	0x75B00F  	MOV P3, #15
;serial_mikroC.c,294 :: 		vdelay_ms(viteza);
0x0284	0x850C17  	MOV FARG_VDelay_ms_Time_ms, _viteza+0
0x0287	0x850D18  	MOV FARG_VDelay_ms_Time_ms+1, _viteza+1
0x028A	0x1190    	ACALL _VDelay_ms
;serial_mikroC.c,296 :: 		P1=0x07;
0x028C	0x759007  	MOV P1, #7
;serial_mikroC.c,297 :: 		P2=0x02;
0x028F	0x75A002  	MOV P2, #2
;serial_mikroC.c,298 :: 		P3=0x07;
0x0292	0x75B007  	MOV P3, #7
;serial_mikroC.c,299 :: 		vdelay_ms(viteza);
0x0295	0x850C17  	MOV FARG_VDelay_ms_Time_ms, _viteza+0
0x0298	0x850D18  	MOV FARG_VDelay_ms_Time_ms+1, _viteza+1
0x029B	0x1190    	ACALL _VDelay_ms
;serial_mikroC.c,301 :: 		P1=0x01;
0x029D	0x759001  	MOV P1, #1
;serial_mikroC.c,302 :: 		P2=0x00;
0x02A0	0x75A000  	MOV P2, #0
;serial_mikroC.c,303 :: 		P3=0x03;
0x02A3	0x75B003  	MOV P3, #3
;serial_mikroC.c,304 :: 		vdelay_ms(viteza);
0x02A6	0x850C17  	MOV FARG_VDelay_ms_Time_ms, _viteza+0
0x02A9	0x850D18  	MOV FARG_VDelay_ms_Time_ms+1, _viteza+1
0x02AC	0x1190    	ACALL _VDelay_ms
;serial_mikroC.c,306 :: 		P1=0x00;
0x02AE	0x759000  	MOV P1, #0
;serial_mikroC.c,307 :: 		P2=0x00;
0x02B1	0x75A000  	MOV P2, #0
;serial_mikroC.c,308 :: 		P3=0x03;
0x02B4	0x75B003  	MOV P3, #3
;serial_mikroC.c,309 :: 		vdelay_ms(viteza);
0x02B7	0x850C17  	MOV FARG_VDelay_ms_Time_ms, _viteza+0
0x02BA	0x850D18  	MOV FARG_VDelay_ms_Time_ms+1, _viteza+1
0x02BD	0x1190    	ACALL _VDelay_ms
;serial_mikroC.c,310 :: 		}
0x02BF	0x22      	RET
; end of _Efect3
_Stinge:
;serial_mikroC.c,417 :: 		void Stinge() {
;serial_mikroC.c,418 :: 		P0=0x00;
0x02C0	0x758000  	MOV P0, #0
;serial_mikroC.c,419 :: 		P1=0x00;
0x02C3	0x759000  	MOV P1, #0
;serial_mikroC.c,420 :: 		P2=0x00;
0x02C6	0x75A000  	MOV P2, #0
;serial_mikroC.c,421 :: 		P3=0x03;
0x02C9	0x75B003  	MOV P3, #3
;serial_mikroC.c,422 :: 		vdelay_ms(viteza);
0x02CC	0x850C17  	MOV FARG_VDelay_ms_Time_ms, _viteza+0
0x02CF	0x850D18  	MOV FARG_VDelay_ms_Time_ms+1, _viteza+1
0x02D2	0x1190    	ACALL _VDelay_ms
;serial_mikroC.c,423 :: 		}
0x02D4	0x22      	RET
; end of _Stinge
_Aprinde:
;serial_mikroC.c,409 :: 		void Aprinde() {
;serial_mikroC.c,410 :: 		P0=0xff;
0x02D5	0x7580FF  	MOV P0, #255
;serial_mikroC.c,411 :: 		P1=0xff;
0x02D8	0x7590FF  	MOV P1, #255
;serial_mikroC.c,412 :: 		P2=0xff;
0x02DB	0x75A0FF  	MOV P2, #255
;serial_mikroC.c,413 :: 		P3=0xff;
0x02DE	0x75B0FF  	MOV P3, #255
;serial_mikroC.c,414 :: 		vdelay_ms(viteza);
0x02E1	0x850C17  	MOV FARG_VDelay_ms_Time_ms, _viteza+0
0x02E4	0x850D18  	MOV FARG_VDelay_ms_Time_ms+1, _viteza+1
0x02E7	0x1190    	ACALL _VDelay_ms
;serial_mikroC.c,415 :: 		}
0x02E9	0x22      	RET
; end of _Aprinde
_Efect2:
;serial_mikroC.c,106 :: 		void Efect2() {
;serial_mikroC.c,107 :: 		P0=0xFF;
0x02EA	0x7580FF  	MOV P0, #255
;serial_mikroC.c,108 :: 		P1=0xFF;
0x02ED	0x7590FF  	MOV P1, #255
;serial_mikroC.c,109 :: 		P2=0xFF;
0x02F0	0x75A0FF  	MOV P2, #255
;serial_mikroC.c,110 :: 		P3=0xFF;
0x02F3	0x75B0FF  	MOV P3, #255
;serial_mikroC.c,111 :: 		vdelay_ms(viteza);
0x02F6	0x850C17  	MOV FARG_VDelay_ms_Time_ms, _viteza+0
0x02F9	0x850D18  	MOV FARG_VDelay_ms_Time_ms+1, _viteza+1
0x02FC	0x1190    	ACALL _VDelay_ms
;serial_mikroC.c,113 :: 		P2=0xF7;
0x02FE	0x75A0F7  	MOV P2, #247
;serial_mikroC.c,114 :: 		vdelay_ms(viteza);
0x0301	0x850C17  	MOV FARG_VDelay_ms_Time_ms, _viteza+0
0x0304	0x850D18  	MOV FARG_VDelay_ms_Time_ms+1, _viteza+1
0x0307	0x1190    	ACALL _VDelay_ms
;serial_mikroC.c,116 :: 		P1=0xF3;
0x0309	0x7590F3  	MOV P1, #243
;serial_mikroC.c,117 :: 		P2=0xFB;
0x030C	0x75A0FB  	MOV P2, #251
;serial_mikroC.c,118 :: 		vdelay_ms(viteza);
0x030F	0x850C17  	MOV FARG_VDelay_ms_Time_ms, _viteza+0
0x0312	0x850D18  	MOV FARG_VDelay_ms_Time_ms+1, _viteza+1
0x0315	0x1190    	ACALL _VDelay_ms
;serial_mikroC.c,120 :: 		P0=0xE1;
0x0317	0x7580E1  	MOV P0, #225
;serial_mikroC.c,121 :: 		P1=0xE3;
0x031A	0x7590E3  	MOV P1, #227
;serial_mikroC.c,122 :: 		vdelay_ms(viteza);
0x031D	0x850C17  	MOV FARG_VDelay_ms_Time_ms, _viteza+0
0x0320	0x850D18  	MOV FARG_VDelay_ms_Time_ms+1, _viteza+1
0x0323	0x1190    	ACALL _VDelay_ms
;serial_mikroC.c,124 :: 		P0=0xC1;
0x0325	0x7580C1  	MOV P0, #193
;serial_mikroC.c,125 :: 		P1=0x83;
0x0328	0x759083  	MOV P1, #131
;serial_mikroC.c,126 :: 		vdelay_ms(viteza);
0x032B	0x850C17  	MOV FARG_VDelay_ms_Time_ms, _viteza+0
0x032E	0x850D18  	MOV FARG_VDelay_ms_Time_ms+1, _viteza+1
0x0331	0x1190    	ACALL _VDelay_ms
;serial_mikroC.c,128 :: 		P2_3_bit=0;
0x0333	0xC2A3    	CLR P2_3_bit
;serial_mikroC.c,129 :: 		vdelay_ms(viteza);
0x0335	0x850C17  	MOV FARG_VDelay_ms_Time_ms, _viteza+0
0x0338	0x850D18  	MOV FARG_VDelay_ms_Time_ms+1, _viteza+1
0x033B	0x1190    	ACALL _VDelay_ms
;serial_mikroC.c,131 :: 		P2_3_bit=1;
0x033D	0xD2A3    	SETB P2_3_bit
;serial_mikroC.c,132 :: 		vdelay_ms(viteza);
0x033F	0x850C17  	MOV FARG_VDelay_ms_Time_ms, _viteza+0
0x0342	0x850D18  	MOV FARG_VDelay_ms_Time_ms+1, _viteza+1
0x0345	0x1190    	ACALL _VDelay_ms
;serial_mikroC.c,134 :: 		P2_3_bit=0;
0x0347	0xC2A3    	CLR P2_3_bit
;serial_mikroC.c,135 :: 		vdelay_ms(viteza);
0x0349	0x850C17  	MOV FARG_VDelay_ms_Time_ms, _viteza+0
0x034C	0x850D18  	MOV FARG_VDelay_ms_Time_ms+1, _viteza+1
0x034F	0x1190    	ACALL _VDelay_ms
;serial_mikroC.c,137 :: 		P0=0xFF;
0x0351	0x7580FF  	MOV P0, #255
;serial_mikroC.c,138 :: 		P1=0xFF;
0x0354	0x7590FF  	MOV P1, #255
;serial_mikroC.c,139 :: 		P2=0xFF;
0x0357	0x75A0FF  	MOV P2, #255
;serial_mikroC.c,140 :: 		P3=0xFF;
0x035A	0x75B0FF  	MOV P3, #255
;serial_mikroC.c,141 :: 		vdelay_ms(viteza);
0x035D	0x850C17  	MOV FARG_VDelay_ms_Time_ms, _viteza+0
0x0360	0x850D18  	MOV FARG_VDelay_ms_Time_ms+1, _viteza+1
0x0363	0x1190    	ACALL _VDelay_ms
;serial_mikroC.c,143 :: 		P0=0x00;
0x0365	0x758000  	MOV P0, #0
;serial_mikroC.c,144 :: 		P1=0x00;
0x0368	0x759000  	MOV P1, #0
;serial_mikroC.c,145 :: 		P2=0x00;
0x036B	0x75A000  	MOV P2, #0
;serial_mikroC.c,146 :: 		P2=0x03;
0x036E	0x75A003  	MOV P2, #3
;serial_mikroC.c,147 :: 		vdelay_ms(viteza);
0x0371	0x850C17  	MOV FARG_VDelay_ms_Time_ms, _viteza+0
0x0374	0x850D18  	MOV FARG_VDelay_ms_Time_ms+1, _viteza+1
0x0377	0x1190    	ACALL _VDelay_ms
;serial_mikroC.c,149 :: 		P0=0x7E;
0x0379	0x75807E  	MOV P0, #126
;serial_mikroC.c,150 :: 		P1=0x42;
0x037C	0x759042  	MOV P1, #66
;serial_mikroC.c,151 :: 		P2=0x52;
0x037F	0x75A052  	MOV P2, #82
;serial_mikroC.c,152 :: 		P3=0x77;
0x0382	0x75B077  	MOV P3, #119
;serial_mikroC.c,153 :: 		vdelay_ms(viteza);
0x0385	0x850C17  	MOV FARG_VDelay_ms_Time_ms, _viteza+0
0x0388	0x850D18  	MOV FARG_VDelay_ms_Time_ms+1, _viteza+1
0x038B	0x1190    	ACALL _VDelay_ms
;serial_mikroC.c,155 :: 		P1=0x12;
0x038D	0x759012  	MOV P1, #18
;serial_mikroC.c,156 :: 		P2=0x12;
0x0390	0x75A012  	MOV P2, #18
;serial_mikroC.c,157 :: 		P3=0x7F;
0x0393	0x75B07F  	MOV P3, #127
;serial_mikroC.c,158 :: 		vdelay_ms(viteza);
0x0396	0x850C17  	MOV FARG_VDelay_ms_Time_ms, _viteza+0
0x0399	0x850D18  	MOV FARG_VDelay_ms_Time_ms+1, _viteza+1
0x039C	0x1190    	ACALL _VDelay_ms
;serial_mikroC.c,160 :: 		P1=0x04;
0x039E	0x759004  	MOV P1, #4
;serial_mikroC.c,161 :: 		P2=0x04;
0x03A1	0x75A004  	MOV P2, #4
;serial_mikroC.c,162 :: 		vdelay_ms(viteza);
0x03A4	0x850C17  	MOV FARG_VDelay_ms_Time_ms, _viteza+0
0x03A7	0x850D18  	MOV FARG_VDelay_ms_Time_ms+1, _viteza+1
0x03AA	0x1190    	ACALL _VDelay_ms
;serial_mikroC.c,164 :: 		P1=0x4A;
0x03AC	0x75904A  	MOV P1, #74
;serial_mikroC.c,165 :: 		P2=0x4A;
0x03AF	0x75A04A  	MOV P2, #74
;serial_mikroC.c,166 :: 		P3=0x43;
0x03B2	0x75B043  	MOV P3, #67
;serial_mikroC.c,167 :: 		vdelay_ms(viteza);
0x03B5	0x850C17  	MOV FARG_VDelay_ms_Time_ms, _viteza+0
0x03B8	0x850D18  	MOV FARG_VDelay_ms_Time_ms+1, _viteza+1
0x03BB	0x1190    	ACALL _VDelay_ms
;serial_mikroC.c,169 :: 		P1=0x42;
0x03BD	0x759042  	MOV P1, #66
;serial_mikroC.c,170 :: 		P2=0x42;
0x03C0	0x75A042  	MOV P2, #66
;serial_mikroC.c,171 :: 		P3=0x7F;
0x03C3	0x75B07F  	MOV P3, #127
;serial_mikroC.c,172 :: 		vdelay_ms(viteza);
0x03C6	0x850C17  	MOV FARG_VDelay_ms_Time_ms, _viteza+0
0x03C9	0x850D18  	MOV FARG_VDelay_ms_Time_ms+1, _viteza+1
0x03CC	0x1190    	ACALL _VDelay_ms
;serial_mikroC.c,174 :: 		P0=0x3E;
0x03CE	0x75803E  	MOV P0, #62
;serial_mikroC.c,175 :: 		P1=0x40;
0x03D1	0x759040  	MOV P1, #64
;serial_mikroC.c,176 :: 		P2=0x40;
0x03D4	0x75A040  	MOV P2, #64
;serial_mikroC.c,177 :: 		P3=0x3F;
0x03D7	0x75B03F  	MOV P3, #63
;serial_mikroC.c,178 :: 		vdelay_ms(viteza);
0x03DA	0x850C17  	MOV FARG_VDelay_ms_Time_ms, _viteza+0
0x03DD	0x850D18  	MOV FARG_VDelay_ms_Time_ms+1, _viteza+1
0x03E0	0x1190    	ACALL _VDelay_ms
;serial_mikroC.c,180 :: 		P0=0x7E;
0x03E2	0x75807E  	MOV P0, #126
;serial_mikroC.c,181 :: 		P1=0x4A;
0x03E5	0x75904A  	MOV P1, #74
;serial_mikroC.c,182 :: 		P2=0x4A;
0x03E8	0x75A04A  	MOV P2, #74
;serial_mikroC.c,183 :: 		P3=0x43;
0x03EB	0x75B043  	MOV P3, #67
;serial_mikroC.c,184 :: 		vdelay_ms(viteza);
0x03EE	0x850C17  	MOV FARG_VDelay_ms_Time_ms, _viteza+0
0x03F1	0x850D18  	MOV FARG_VDelay_ms_Time_ms+1, _viteza+1
0x03F4	0x1190    	ACALL _VDelay_ms
;serial_mikroC.c,186 :: 		P0=0x7E;
0x03F6	0x75807E  	MOV P0, #126
;serial_mikroC.c,187 :: 		P1=0x1A;
0x03F9	0x75901A  	MOV P1, #26
;serial_mikroC.c,188 :: 		P2=0x2A;
0x03FC	0x75A02A  	MOV P2, #42
;serial_mikroC.c,189 :: 		P3=0x4F;
0x03FF	0x75B04F  	MOV P3, #79
;serial_mikroC.c,190 :: 		vdelay_ms(viteza);
0x0402	0x850C17  	MOV FARG_VDelay_ms_Time_ms, _viteza+0
0x0405	0x850D18  	MOV FARG_VDelay_ms_Time_ms+1, _viteza+1
0x0408	0x1190    	ACALL _VDelay_ms
;serial_mikroC.c,192 :: 		P0=0x64;
0x040A	0x758064  	MOV P0, #100
;serial_mikroC.c,193 :: 		P1=0x10;
0x040D	0x759010  	MOV P1, #16
;serial_mikroC.c,194 :: 		P2=0x10;
0x0410	0x75A010  	MOV P2, #16
;serial_mikroC.c,195 :: 		P3=0x67;
0x0413	0x75B067  	MOV P3, #103
;serial_mikroC.c,196 :: 		vdelay_ms(viteza);
0x0416	0x850C17  	MOV FARG_VDelay_ms_Time_ms, _viteza+0
0x0419	0x850D18  	MOV FARG_VDelay_ms_Time_ms+1, _viteza+1
0x041C	0x1190    	ACALL _VDelay_ms
;serial_mikroC.c,198 :: 		P0=0x00;
0x041E	0x758000  	MOV P0, #0
;serial_mikroC.c,199 :: 		P1=0x00;
0x0421	0x759000  	MOV P1, #0
;serial_mikroC.c,200 :: 		P2=0x00;
0x0424	0x75A000  	MOV P2, #0
;serial_mikroC.c,201 :: 		P3=0x03;
0x0427	0x75B003  	MOV P3, #3
;serial_mikroC.c,202 :: 		vdelay_ms(viteza);
0x042A	0x850C17  	MOV FARG_VDelay_ms_Time_ms, _viteza+0
0x042D	0x850D18  	MOV FARG_VDelay_ms_Time_ms+1, _viteza+1
0x0430	0x1190    	ACALL _VDelay_ms
;serial_mikroC.c,203 :: 		}
0x0432	0x22      	RET
; end of _Efect2
_UART1_Data_Ready:
;__Lib_UART_Timer1.c,35 :: 		
;__Lib_UART_Timer1.c,36 :: 		
0x0433	0xA298    	MOV C, SCON.B0
0x0435	0xE4      	CLR A
0x0436	0x33      	RLC A
0x0437	0xF8      	MOV R0, A
;__Lib_UART_Timer1.c,37 :: 		
0x0438	0x22      	RET
; end of _UART1_Data_Ready
_UART1_Write:
;__Lib_UART_Timer1.c,27 :: 		
;__Lib_UART_Timer1.c,28 :: 		
0x0439	0xC299    	CLR SCON.B1
;__Lib_UART_Timer1.c,29 :: 		
0x043B	0x851699  	MOV SBUF, FARG_UART1_Write_data_+0
;__Lib_UART_Timer1.c,30 :: 		
L_UART1_Write0:
0x043E	0x209902  	JB SCON.B1, L_UART1_Write1
;__Lib_UART_Timer1.c,31 :: 		
0x0441	0x80FB    	SJMP L_UART1_Write0
L_UART1_Write1:
;__Lib_UART_Timer1.c,32 :: 		
0x0443	0xC299    	CLR SCON.B1
;__Lib_UART_Timer1.c,33 :: 		
0x0445	0x22      	RET
; end of _UART1_Write
_UART1_Read:
;__Lib_UART_Timer1.c,39 :: 		
;__Lib_UART_Timer1.c,40 :: 		
0x0446	0xC298    	CLR SCON.B0
;__Lib_UART_Timer1.c,41 :: 		
0x0448	0xA899    	MOV R0, SBUF
;__Lib_UART_Timer1.c,42 :: 		
0x044A	0x22      	RET
; end of _UART1_Read
_Efect4:
;serial_mikroC.c,312 :: 		void Efect4() {
;serial_mikroC.c,313 :: 		P0=0xEB;
0x044B	0x7580EB  	MOV P0, #235
;serial_mikroC.c,314 :: 		P1=0xD5;
0x044E	0x7590D5  	MOV P1, #213
;serial_mikroC.c,315 :: 		P2=0xEB;
0x0451	0x75A0EB  	MOV P2, #235
;serial_mikroC.c,316 :: 		P3=0xD7;
0x0454	0x75B0D7  	MOV P3, #215
;serial_mikroC.c,317 :: 		vdelay_ms(viteza);
0x0457	0x850C17  	MOV FARG_VDelay_ms_Time_ms, _viteza+0
0x045A	0x850D18  	MOV FARG_VDelay_ms_Time_ms+1, _viteza+1
0x045D	0x1190    	ACALL _VDelay_ms
;serial_mikroC.c,319 :: 		P0=0xD5;
0x045F	0x7580D5  	MOV P0, #213
;serial_mikroC.c,320 :: 		P1=0xEB;
0x0462	0x7590EB  	MOV P1, #235
;serial_mikroC.c,321 :: 		P2=0xD5;
0x0465	0x75A0D5  	MOV P2, #213
;serial_mikroC.c,322 :: 		P3=0xEB;
0x0468	0x75B0EB  	MOV P3, #235
;serial_mikroC.c,323 :: 		vdelay_ms(viteza);
0x046B	0x850C17  	MOV FARG_VDelay_ms_Time_ms, _viteza+0
0x046E	0x850D18  	MOV FARG_VDelay_ms_Time_ms+1, _viteza+1
0x0471	0x1190    	ACALL _VDelay_ms
;serial_mikroC.c,325 :: 		P0=0xEB;
0x0473	0x7580EB  	MOV P0, #235
;serial_mikroC.c,326 :: 		P1=0xD5;
0x0476	0x7590D5  	MOV P1, #213
;serial_mikroC.c,327 :: 		P2=0xC1;
0x0479	0x75A0C1  	MOV P2, #193
;serial_mikroC.c,328 :: 		P3=0xC3;
0x047C	0x75B0C3  	MOV P3, #195
;serial_mikroC.c,329 :: 		vdelay_ms(viteza);
0x047F	0x850C17  	MOV FARG_VDelay_ms_Time_ms, _viteza+0
0x0482	0x850D18  	MOV FARG_VDelay_ms_Time_ms+1, _viteza+1
0x0485	0x1190    	ACALL _VDelay_ms
;serial_mikroC.c,331 :: 		P0=0xC1;
0x0487	0x7580C1  	MOV P0, #193
;serial_mikroC.c,332 :: 		P1=0xC1;
0x048A	0x7590C1  	MOV P1, #193
;serial_mikroC.c,333 :: 		P2=0xEB;
0x048D	0x75A0EB  	MOV P2, #235
;serial_mikroC.c,334 :: 		P3=0xD7;
0x0490	0x75B0D7  	MOV P3, #215
;serial_mikroC.c,335 :: 		vdelay_ms(viteza);
0x0493	0x850C17  	MOV FARG_VDelay_ms_Time_ms, _viteza+0
0x0496	0x850D18  	MOV FARG_VDelay_ms_Time_ms+1, _viteza+1
0x0499	0x1190    	ACALL _VDelay_ms
;serial_mikroC.c,337 :: 		P0=0xEB;
0x049B	0x7580EB  	MOV P0, #235
;serial_mikroC.c,338 :: 		P1=0xD5;
0x049E	0x7590D5  	MOV P1, #213
;serial_mikroC.c,339 :: 		P2=0xEB;
0x04A1	0x75A0EB  	MOV P2, #235
;serial_mikroC.c,340 :: 		P3=0xD7;
0x04A4	0x75B0D7  	MOV P3, #215
;serial_mikroC.c,341 :: 		vdelay_ms(viteza);
0x04A7	0x850C17  	MOV FARG_VDelay_ms_Time_ms, _viteza+0
0x04AA	0x850D18  	MOV FARG_VDelay_ms_Time_ms+1, _viteza+1
0x04AD	0x1190    	ACALL _VDelay_ms
;serial_mikroC.c,343 :: 		P0=0xD5;
0x04AF	0x7580D5  	MOV P0, #213
;serial_mikroC.c,344 :: 		P1=0xEB;
0x04B2	0x7590EB  	MOV P1, #235
;serial_mikroC.c,345 :: 		P2=0xD5;
0x04B5	0x75A0D5  	MOV P2, #213
;serial_mikroC.c,346 :: 		P3=0xEB;
0x04B8	0x75B0EB  	MOV P3, #235
;serial_mikroC.c,347 :: 		vdelay_ms(viteza);
0x04BB	0x850C17  	MOV FARG_VDelay_ms_Time_ms, _viteza+0
0x04BE	0x850D18  	MOV FARG_VDelay_ms_Time_ms+1, _viteza+1
0x04C1	0x1190    	ACALL _VDelay_ms
;serial_mikroC.c,349 :: 		P1=0xE9;
0x04C3	0x7590E9  	MOV P1, #233
;serial_mikroC.c,350 :: 		P3=0xEB;
0x04C6	0x75B0EB  	MOV P3, #235
;serial_mikroC.c,351 :: 		vdelay_ms(viteza);
0x04C9	0x850C17  	MOV FARG_VDelay_ms_Time_ms, _viteza+0
0x04CC	0x850D18  	MOV FARG_VDelay_ms_Time_ms+1, _viteza+1
0x04CF	0x1190    	ACALL _VDelay_ms
;serial_mikroC.c,353 :: 		P0=0xD1;
0x04D1	0x7580D1  	MOV P0, #209
;serial_mikroC.c,354 :: 		P2=0xD1;
0x04D4	0x75A0D1  	MOV P2, #209
;serial_mikroC.c,355 :: 		vdelay_ms(viteza);
0x04D7	0x850C17  	MOV FARG_VDelay_ms_Time_ms, _viteza+0
0x04DA	0x850D18  	MOV FARG_VDelay_ms_Time_ms+1, _viteza+1
0x04DD	0x1190    	ACALL _VDelay_ms
;serial_mikroC.c,357 :: 		P1=0xE0;
0x04DF	0x7590E0  	MOV P1, #224
;serial_mikroC.c,358 :: 		P2=0xD0;
0x04E2	0x75A0D0  	MOV P2, #208
;serial_mikroC.c,359 :: 		P3=0xE3;
0x04E5	0x75B0E3  	MOV P3, #227
;serial_mikroC.c,360 :: 		vdelay_ms(viteza);
0x04E8	0x850C17  	MOV FARG_VDelay_ms_Time_ms, _viteza+0
0x04EB	0x850D18  	MOV FARG_VDelay_ms_Time_ms+1, _viteza+1
0x04EE	0x1190    	ACALL _VDelay_ms
;serial_mikroC.c,362 :: 		P0=0xC1;
0x04F0	0x7580C1  	MOV P0, #193
;serial_mikroC.c,363 :: 		P1=0xE0;
0x04F3	0x7590E0  	MOV P1, #224
;serial_mikroC.c,364 :: 		P2=0xC0;
0x04F6	0x75A0C0  	MOV P2, #192
;serial_mikroC.c,365 :: 		P3=0xE3;
0x04F9	0x75B0E3  	MOV P3, #227
;serial_mikroC.c,366 :: 		vdelay_ms(viteza);
0x04FC	0x850C17  	MOV FARG_VDelay_ms_Time_ms, _viteza+0
0x04FF	0x850D18  	MOV FARG_VDelay_ms_Time_ms+1, _viteza+1
0x0502	0x1190    	ACALL _VDelay_ms
;serial_mikroC.c,368 :: 		P0=0xC0;
0x0504	0x7580C0  	MOV P0, #192
;serial_mikroC.c,369 :: 		P1=0xC0;
0x0507	0x7590C0  	MOV P1, #192
;serial_mikroC.c,370 :: 		P2=0xC0;
0x050A	0x75A0C0  	MOV P2, #192
;serial_mikroC.c,371 :: 		P3=0xC3;
0x050D	0x75B0C3  	MOV P3, #195
;serial_mikroC.c,372 :: 		vdelay_ms(viteza);
0x0510	0x850C17  	MOV FARG_VDelay_ms_Time_ms, _viteza+0
0x0513	0x850D18  	MOV FARG_VDelay_ms_Time_ms+1, _viteza+1
0x0516	0x1190    	ACALL _VDelay_ms
;serial_mikroC.c,374 :: 		P1=0xE0;
0x0518	0x7590E0  	MOV P1, #224
;serial_mikroC.c,375 :: 		P2=0xE0;
0x051B	0x75A0E0  	MOV P2, #224
;serial_mikroC.c,376 :: 		vdelay_ms(viteza);
0x051E	0x850C17  	MOV FARG_VDelay_ms_Time_ms, _viteza+0
0x0521	0x850D18  	MOV FARG_VDelay_ms_Time_ms+1, _viteza+1
0x0524	0x1190    	ACALL _VDelay_ms
;serial_mikroC.c,378 :: 		P0=0xE0;
0x0526	0x7580E0  	MOV P0, #224
;serial_mikroC.c,379 :: 		P1=0xD0;
0x0529	0x7590D0  	MOV P1, #208
;serial_mikroC.c,380 :: 		P2=0xD0;
0x052C	0x75A0D0  	MOV P2, #208
;serial_mikroC.c,381 :: 		P3=0xE3;
0x052F	0x75B0E3  	MOV P3, #227
;serial_mikroC.c,382 :: 		vdelay_ms(viteza);
0x0532	0x850C17  	MOV FARG_VDelay_ms_Time_ms, _viteza+0
0x0535	0x850D18  	MOV FARG_VDelay_ms_Time_ms+1, _viteza+1
0x0538	0x1190    	ACALL _VDelay_ms
;serial_mikroC.c,384 :: 		P0=0xF0;
0x053A	0x7580F0  	MOV P0, #240
;serial_mikroC.c,385 :: 		P1=0xC8;
0x053D	0x7590C8  	MOV P1, #200
;serial_mikroC.c,386 :: 		P2=0xC8;
0x0540	0x75A0C8  	MOV P2, #200
;serial_mikroC.c,387 :: 		P3=0xF3;
0x0543	0x75B0F3  	MOV P3, #243
;serial_mikroC.c,388 :: 		vdelay_ms(viteza);
0x0546	0x850C17  	MOV FARG_VDelay_ms_Time_ms, _viteza+0
0x0549	0x850D18  	MOV FARG_VDelay_ms_Time_ms+1, _viteza+1
0x054C	0x1190    	ACALL _VDelay_ms
;serial_mikroC.c,390 :: 		P0=0xD8;
0x054E	0x7580D8  	MOV P0, #216
;serial_mikroC.c,391 :: 		P1=0xE4;
0x0551	0x7590E4  	MOV P1, #228
;serial_mikroC.c,392 :: 		P2=0xE4;
0x0554	0x75A0E4  	MOV P2, #228
;serial_mikroC.c,393 :: 		P3=0xDB;
0x0557	0x75B0DB  	MOV P3, #219
;serial_mikroC.c,394 :: 		vdelay_ms(viteza);
0x055A	0x850C17  	MOV FARG_VDelay_ms_Time_ms, _viteza+0
0x055D	0x850D18  	MOV FARG_VDelay_ms_Time_ms+1, _viteza+1
0x0560	0x1190    	ACALL _VDelay_ms
;serial_mikroC.c,396 :: 		P0=0xCC;
0x0562	0x7580CC  	MOV P0, #204
;serial_mikroC.c,397 :: 		P1=0xD2;
0x0565	0x7590D2  	MOV P1, #210
;serial_mikroC.c,398 :: 		P2=0xD2;
0x0568	0x75A0D2  	MOV P2, #210
;serial_mikroC.c,399 :: 		P3=0xCF;
0x056B	0x75B0CF  	MOV P3, #207
;serial_mikroC.c,400 :: 		vdelay_ms(viteza);
0x056E	0x850C17  	MOV FARG_VDelay_ms_Time_ms, _viteza+0
0x0571	0x850D18  	MOV FARG_VDelay_ms_Time_ms+1, _viteza+1
0x0574	0x1190    	ACALL _VDelay_ms
;serial_mikroC.c,402 :: 		P0=0xC6;
0x0576	0x7580C6  	MOV P0, #198
;serial_mikroC.c,403 :: 		P1=0xC9;
0x0579	0x7590C9  	MOV P1, #201
;serial_mikroC.c,404 :: 		P2=0xC9;
0x057C	0x75A0C9  	MOV P2, #201
;serial_mikroC.c,405 :: 		P3=0xC7;
0x057F	0x75B0C7  	MOV P3, #199
;serial_mikroC.c,406 :: 		vdelay_ms(viteza);
0x0582	0x850C17  	MOV FARG_VDelay_ms_Time_ms, _viteza+0
0x0585	0x850D18  	MOV FARG_VDelay_ms_Time_ms+1, _viteza+1
0x0588	0x1190    	ACALL _VDelay_ms
;serial_mikroC.c,407 :: 		}
0x058A	0x22      	RET
; end of _Efect4
___CC2D:
;__Lib_System.c,13 :: 		
;__Lib_System.c,15 :: 		
_CC2D_Loop1:
;__Lib_System.c,16 :: 		
0x058B	0xE4      	CLR A
;__Lib_System.c,17 :: 		
0x058C	0x93      	MOVC A, @A+DPTR
;__Lib_System.c,18 :: 		
0x058D	0xF6      	MOV @R0, A
;__Lib_System.c,19 :: 		
0x058E	0x08      	INC R0
;__Lib_System.c,20 :: 		
0x058F	0xA3      	INC DPTR
;__Lib_System.c,21 :: 		
0x0590	0xD9F9    	DJNZ R1, _CC2D_Loop1
;__Lib_System.c,23 :: 		
0x0592	0x22      	RET
; end of ___CC2D
_Efect1:
;serial_mikroC.c,50 :: 		void Efect1() {
;serial_mikroC.c,51 :: 		P0=0x08;
0x0593	0x758008  	MOV P0, #8
;serial_mikroC.c,52 :: 		P1=0x18;
0x0596	0x759018  	MOV P1, #24
;serial_mikroC.c,53 :: 		P2=0x88;
0x0599	0x75A088  	MOV P2, #136
;serial_mikroC.c,54 :: 		P3=0xF7;
0x059C	0x75B0F7  	MOV P3, #247
;serial_mikroC.c,55 :: 		vdelay_ms(viteza);
0x059F	0x850C17  	MOV FARG_VDelay_ms_Time_ms, _viteza+0
0x05A2	0x850D18  	MOV FARG_VDelay_ms_Time_ms+1, _viteza+1
0x05A5	0x1190    	ACALL _VDelay_ms
;serial_mikroC.c,57 :: 		P2=0x8A;
0x05A7	0x75A08A  	MOV P2, #138
;serial_mikroC.c,58 :: 		P3=0xF3;
0x05AA	0x75B0F3  	MOV P3, #243
;serial_mikroC.c,59 :: 		vdelay_ms(viteza);
0x05AD	0x850C17  	MOV FARG_VDelay_ms_Time_ms, _viteza+0
0x05B0	0x850D18  	MOV FARG_VDelay_ms_Time_ms+1, _viteza+1
0x05B3	0x1190    	ACALL _VDelay_ms
;serial_mikroC.c,61 :: 		P1=0x1A;
0x05B5	0x75901A  	MOV P1, #26
;serial_mikroC.c,62 :: 		P2=0x88;
0x05B8	0x75A088  	MOV P2, #136
;serial_mikroC.c,63 :: 		P3=0xF3;
0x05BB	0x75B0F3  	MOV P3, #243
;serial_mikroC.c,64 :: 		vdelay_ms(viteza);
0x05BE	0x850C17  	MOV FARG_VDelay_ms_Time_ms, _viteza+0
0x05C1	0x850D18  	MOV FARG_VDelay_ms_Time_ms+1, _viteza+1
0x05C4	0x1190    	ACALL _VDelay_ms
;serial_mikroC.c,66 :: 		P0=0x09;
0x05C6	0x758009  	MOV P0, #9
;serial_mikroC.c,67 :: 		P1=0x18;
0x05C9	0x759018  	MOV P1, #24
;serial_mikroC.c,68 :: 		vdelay_ms(viteza);
0x05CC	0x850C17  	MOV FARG_VDelay_ms_Time_ms, _viteza+0
0x05CF	0x850D18  	MOV FARG_VDelay_ms_Time_ms+1, _viteza+1
0x05D2	0x1190    	ACALL _VDelay_ms
;serial_mikroC.c,70 :: 		P0=0x48;
0x05D4	0x758048  	MOV P0, #72
;serial_mikroC.c,71 :: 		vdelay_ms(viteza);
0x05D7	0x850C17  	MOV FARG_VDelay_ms_Time_ms, _viteza+0
0x05DA	0x850D18  	MOV FARG_VDelay_ms_Time_ms+1, _viteza+1
0x05DD	0x1190    	ACALL _VDelay_ms
;serial_mikroC.c,73 :: 		P0=0x08;
0x05DF	0x758008  	MOV P0, #8
;serial_mikroC.c,74 :: 		P1=0x58;
0x05E2	0x759058  	MOV P1, #88
;serial_mikroC.c,75 :: 		vdelay_ms(viteza);
0x05E5	0x850C17  	MOV FARG_VDelay_ms_Time_ms, _viteza+0
0x05E8	0x850D18  	MOV FARG_VDelay_ms_Time_ms+1, _viteza+1
0x05EB	0x1190    	ACALL _VDelay_ms
;serial_mikroC.c,77 :: 		P0=0x28;
0x05ED	0x758028  	MOV P0, #40
;serial_mikroC.c,78 :: 		P1=0x18;
0x05F0	0x759018  	MOV P1, #24
;serial_mikroC.c,79 :: 		vdelay_ms(viteza);
0x05F3	0x850C17  	MOV FARG_VDelay_ms_Time_ms, _viteza+0
0x05F6	0x850D18  	MOV FARG_VDelay_ms_Time_ms+1, _viteza+1
0x05F9	0x1190    	ACALL _VDelay_ms
;serial_mikroC.c,81 :: 		P0=0x18;
0x05FB	0x758018  	MOV P0, #24
;serial_mikroC.c,82 :: 		vdelay_ms(viteza);
0x05FE	0x850C17  	MOV FARG_VDelay_ms_Time_ms, _viteza+0
0x0601	0x850D18  	MOV FARG_VDelay_ms_Time_ms+1, _viteza+1
0x0604	0x1190    	ACALL _VDelay_ms
;serial_mikroC.c,84 :: 		P1_4_bit=0;
0x0606	0xC294    	CLR P1_4_bit
;serial_mikroC.c,85 :: 		vdelay_ms(viteza);
0x0608	0x850C17  	MOV FARG_VDelay_ms_Time_ms, _viteza+0
0x060B	0x850D18  	MOV FARG_VDelay_ms_Time_ms+1, _viteza+1
0x060E	0x1190    	ACALL _VDelay_ms
;serial_mikroC.c,87 :: 		P1_4_bit=1;
0x0610	0xD294    	SETB P1_4_bit
;serial_mikroC.c,88 :: 		vdelay_ms(viteza);
0x0612	0x850C17  	MOV FARG_VDelay_ms_Time_ms, _viteza+0
0x0615	0x850D18  	MOV FARG_VDelay_ms_Time_ms+1, _viteza+1
0x0618	0x1190    	ACALL _VDelay_ms
;serial_mikroC.c,90 :: 		P1_4_bit=0;
0x061A	0xC294    	CLR P1_4_bit
;serial_mikroC.c,91 :: 		vdelay_ms(viteza);
0x061C	0x850C17  	MOV FARG_VDelay_ms_Time_ms, _viteza+0
0x061F	0x850D18  	MOV FARG_VDelay_ms_Time_ms+1, _viteza+1
0x0622	0x1190    	ACALL _VDelay_ms
;serial_mikroC.c,93 :: 		P0=0x18;
0x0624	0x758018  	MOV P0, #24
;serial_mikroC.c,94 :: 		vdelay_ms(viteza);
0x0627	0x850C17  	MOV FARG_VDelay_ms_Time_ms, _viteza+0
0x062A	0x850D18  	MOV FARG_VDelay_ms_Time_ms+1, _viteza+1
0x062D	0x1190    	ACALL _VDelay_ms
;serial_mikroC.c,96 :: 		P0=0x28;
0x062F	0x758028  	MOV P0, #40
;serial_mikroC.c,97 :: 		vdelay_ms(viteza);
0x0632	0x850C17  	MOV FARG_VDelay_ms_Time_ms, _viteza+0
0x0635	0x850D18  	MOV FARG_VDelay_ms_Time_ms+1, _viteza+1
0x0638	0x1190    	ACALL _VDelay_ms
;serial_mikroC.c,99 :: 		P0=0x48;
0x063A	0x758048  	MOV P0, #72
;serial_mikroC.c,100 :: 		vdelay_ms(viteza);
0x063D	0x850C17  	MOV FARG_VDelay_ms_Time_ms, _viteza+0
0x0640	0x850D18  	MOV FARG_VDelay_ms_Time_ms+1, _viteza+1
0x0643	0x1190    	ACALL _VDelay_ms
;serial_mikroC.c,102 :: 		P0=0x88;
0x0645	0x758088  	MOV P0, #136
;serial_mikroC.c,103 :: 		vdelay_ms(viteza);
0x0648	0x850C17  	MOV FARG_VDelay_ms_Time_ms, _viteza+0
0x064B	0x850D18  	MOV FARG_VDelay_ms_Time_ms+1, _viteza+1
0x064E	0x1190    	ACALL _VDelay_ms
;serial_mikroC.c,104 :: 		}
0x0650	0x22      	RET
; end of _Efect1
_main:
0x0651	0x758180  	MOV SP, #128
;serial_mikroC.c,5 :: 		void main() {
;serial_mikroC.c,7 :: 		UART1_Init(4800);  //Initializare modul UART la 4800 biti/s
0x0654	0x438780  	ORL PCON, #128
0x0657	0x758DF5  	MOV TH1, #245
0x065A	0x758BF5  	MOV TL1, #245
0x065D	0x3132    	ACALL _UART1_Init
;serial_mikroC.c,8 :: 		Delay_ms(100);     // Asteptare stabilizare UART
0x065F	0x7EA3    	MOV R6, 163
0x0661	0x7F1E    	MOV R7, 30
0x0663	0xDFFE    	DJNZ R7, PC-2
0x0665	0xDEFC    	DJNZ R6, PC-4
0x0667	0x00      	NOP
;serial_mikroC.c,10 :: 		P0=0x00;                // stingere LED-uri
0x0668	0x758000  	MOV P0, #0
;serial_mikroC.c,11 :: 		P1=0x00;
0x066B	0x759000  	MOV P1, #0
;serial_mikroC.c,12 :: 		P2=0x00;
0x066E	0x75A000  	MOV P2, #0
;serial_mikroC.c,13 :: 		P3=0x03;            // cu exceptia pinilor implicati de comunicatia seriala
0x0671	0x75B003  	MOV P3, #3
;serial_mikroC.c,14 :: 		viteza=100;
0x0674	0x750C64  	MOV _viteza, #100
0x0677	0x750D00  	MOV _viteza+1, #0
;serial_mikroC.c,15 :: 		oprire=0;
0x067A	0x750E00  	MOV _oprire, #0
;serial_mikroC.c,17 :: 		while (1) {                    // Bucla infinita
L_main0:
;serial_mikroC.c,18 :: 		if (UART1_Data_Ready()) {     // Daca a sosit un caracter,
0x067D	0x9133    	ACALL _UART1_Data_Ready
0x067F	0xE8      	MOV A, R0
0x0680	0x600A    	JZ L_main2
;serial_mikroC.c,19 :: 		caracter_sosit = UART1_Read();     // acesta este citit,
0x0682	0x9146    	ACALL _UART1_Read
0x0684	0x85000F  	MOV _caracter_sosit, 0
;serial_mikroC.c,20 :: 		UART1_Write(caracter_sosit);       // si trimis inapoi ca ecou
0x0687	0x850016  	MOV FARG_UART1_Write_data_, 0
0x068A	0x9139    	ACALL _UART1_Write
;serial_mikroC.c,21 :: 		}
L_main2:
;serial_mikroC.c,23 :: 		switch (caracter_sosit) {                  // Test caracter sosit
0x068C	0x8050    	SJMP L_main3
;serial_mikroC.c,24 :: 		case '1': comanda=caracter_sosit;  break;
L_main5:
0x068E	0x850F08  	MOV _comanda, _caracter_sosit+0
0x0691	0xE11A    	AJMP L_main4
;serial_mikroC.c,25 :: 		case '2': comanda=caracter_sosit;  break;
L_main6:
0x0693	0x850F08  	MOV _comanda, _caracter_sosit+0
0x0696	0xE11A    	AJMP L_main4
;serial_mikroC.c,26 :: 		case '3': comanda=caracter_sosit;  break;
L_main7:
0x0698	0x850F08  	MOV _comanda, _caracter_sosit+0
0x069B	0xE11A    	AJMP L_main4
;serial_mikroC.c,27 :: 		case '4': comanda=caracter_sosit;  break;
L_main8:
0x069D	0x850F08  	MOV _comanda, _caracter_sosit+0
0x06A0	0xE11A    	AJMP L_main4
;serial_mikroC.c,28 :: 		case 'A': comanda=caracter_sosit;  break;
L_main9:
0x06A2	0x850F08  	MOV _comanda, _caracter_sosit+0
0x06A5	0xE11A    	AJMP L_main4
;serial_mikroC.c,29 :: 		case 'S': comanda=caracter_sosit;  break;
L_main10:
0x06A7	0x850F08  	MOV _comanda, _caracter_sosit+0
0x06AA	0xE11A    	AJMP L_main4
;serial_mikroC.c,30 :: 		case 'P': oprire=0; break;
L_main11:
0x06AC	0x750E00  	MOV _oprire, #0
0x06AF	0xE11A    	AJMP L_main4
;serial_mikroC.c,31 :: 		case 'O': oprire=1; break;
L_main12:
0x06B1	0x750E01  	MOV _oprire, #1
0x06B4	0xE11A    	AJMP L_main4
;serial_mikroC.c,32 :: 		case 'F': if(viteza>10) viteza=viteza-10; break;
L_main13:
0x06B6	0xD3      	SETB C
0x06B7	0xE50C    	MOV A, _viteza
0x06B9	0x940A    	SUBB A, #10
0x06BB	0xE50D    	MOV A, _viteza+1
0x06BD	0x9400    	SUBB A, #0
0x06BF	0x400D    	JC L_main14
0x06C1	0xC3      	CLR C
0x06C2	0xE50C    	MOV A, _viteza
0x06C4	0x940A    	SUBB A, #10
0x06C6	0xF50C    	MOV _viteza, A
0x06C8	0xE50D    	MOV A, _viteza+1
0x06CA	0x9400    	SUBB A, #0
0x06CC	0xF50D    	MOV _viteza+1, A
L_main14:
0x06CE	0x804A    	SJMP L_main4
;serial_mikroC.c,33 :: 		case 'W': viteza=viteza+10; break;
L_main15:
0x06D0	0x740A    	MOV A, #10
0x06D2	0x250C    	ADD A, _viteza
0x06D4	0xF50C    	MOV _viteza, A
0x06D6	0x7400    	MOV A, #0
0x06D8	0x350D    	ADDC A, _viteza+1
0x06DA	0xF50D    	MOV _viteza+1, A
0x06DC	0x803C    	SJMP L_main4
;serial_mikroC.c,34 :: 		}
L_main3:
0x06DE	0xE50F    	MOV A, _caracter_sosit
0x06E0	0x6431    	XRL A, #49
0x06E2	0x60AA    	JZ L_main5
0x06E4	0xE50F    	MOV A, _caracter_sosit
0x06E6	0x6432    	XRL A, #50
0x06E8	0x60A9    	JZ L_main6
0x06EA	0xE50F    	MOV A, _caracter_sosit
0x06EC	0x6433    	XRL A, #51
0x06EE	0x60A8    	JZ L_main7
0x06F0	0xE50F    	MOV A, _caracter_sosit
0x06F2	0x6434    	XRL A, #52
0x06F4	0x60A7    	JZ L_main8
0x06F6	0xE50F    	MOV A, _caracter_sosit
0x06F8	0x6441    	XRL A, #65
0x06FA	0x60A6    	JZ L_main9
0x06FC	0xE50F    	MOV A, _caracter_sosit
0x06FE	0x6453    	XRL A, #83
0x0700	0x60A5    	JZ L_main10
0x0702	0xE50F    	MOV A, _caracter_sosit
0x0704	0x6450    	XRL A, #80
0x0706	0x60A4    	JZ L_main11
0x0708	0xE50F    	MOV A, _caracter_sosit
0x070A	0x644F    	XRL A, #79
0x070C	0x60A3    	JZ L_main12
0x070E	0xE50F    	MOV A, _caracter_sosit
0x0710	0x6446    	XRL A, #70
0x0712	0x60A2    	JZ L_main13
0x0714	0xE50F    	MOV A, _caracter_sosit
0x0716	0x6457    	XRL A, #87
0x0718	0x60B6    	JZ L_main15
L_main4:
;serial_mikroC.c,35 :: 		caracter_sosit='y';
0x071A	0x750F79  	MOV _caracter_sosit, #121
;serial_mikroC.c,37 :: 		if(oprire==0) {
0x071D	0xE50E    	MOV A, _oprire
0x071F	0x703E    	JNZ L_main16
;serial_mikroC.c,38 :: 		switch (comanda) {                  // Test caracter sosit
0x0721	0x8018    	SJMP L_main17
;serial_mikroC.c,39 :: 		case '1': Efect1();  break;
L_main19:
0x0723	0xB193    	ACALL _Efect1
0x0725	0x8038    	SJMP L_main18
;serial_mikroC.c,40 :: 		case '2': Efect2();  break;
L_main20:
0x0727	0x51EA    	ACALL _Efect2
0x0729	0x8034    	SJMP L_main18
;serial_mikroC.c,41 :: 		case '3': Efect3();  break;
L_main21:
0x072B	0x315A    	ACALL _Efect3
0x072D	0x8030    	SJMP L_main18
;serial_mikroC.c,42 :: 		case '4': Efect4();  break;
L_main22:
0x072F	0x914B    	ACALL _Efect4
0x0731	0x802C    	SJMP L_main18
;serial_mikroC.c,43 :: 		case 'A': Aprinde(); break;
L_main23:
0x0733	0x51D5    	ACALL _Aprinde
0x0735	0x8028    	SJMP L_main18
;serial_mikroC.c,44 :: 		case 'S': Stinge();  break;
L_main24:
0x0737	0x51C0    	ACALL _Stinge
0x0739	0x8024    	SJMP L_main18
;serial_mikroC.c,45 :: 		}
L_main17:
0x073B	0xE508    	MOV A, _comanda
0x073D	0x6431    	XRL A, #49
0x073F	0x60E2    	JZ L_main19
0x0741	0xE508    	MOV A, _comanda
0x0743	0x6432    	XRL A, #50
0x0745	0x60E0    	JZ L_main20
0x0747	0xE508    	MOV A, _comanda
0x0749	0x6433    	XRL A, #51
0x074B	0x60DE    	JZ L_main21
0x074D	0xE508    	MOV A, _comanda
0x074F	0x6434    	XRL A, #52
0x0751	0x60DC    	JZ L_main22
0x0753	0xE508    	MOV A, _comanda
0x0755	0x6441    	XRL A, #65
0x0757	0x60DA    	JZ L_main23
0x0759	0xE508    	MOV A, _comanda
0x075B	0x6453    	XRL A, #83
0x075D	0x60D8    	JZ L_main24
L_main18:
;serial_mikroC.c,46 :: 		}
L_main16:
;serial_mikroC.c,47 :: 		}
0x075F	0xC17D    	AJMP L_main0
;serial_mikroC.c,48 :: 		}
0x0761	0x80FE    	SJMP #254
; end of _main
Symbol List:
//** Routines locations **
//ADDRESS    SIZE    PROCEDURE
//----------------------------------------------
0x002E      [19]    __shr_longword
0x0041      [79]    _Mul_32x32
0x0090     [162]    _VDelay_ms
0x0132      [40]    _UART1_Init
0x015A     [358]    _Efect3
0x02C0      [21]    _Stinge
0x02D5      [21]    _Aprinde
0x02EA     [329]    _Efect2
0x0433       [6]    _UART1_Data_Ready
0x0439      [13]    _UART1_Write
0x0446       [5]    _UART1_Read
0x044B     [320]    _Efect4
0x058B       [8]    ___CC2D
0x0593     [190]    _Efect1
0x0651     [274]    _main
//** Variables locations ** 
//ADDRESS    SIZE    VARIABLE
//----------------------------------------------
0x0000       [1]    R0
0x0001       [1]    R1
0x0002       [1]    R2
0x0003       [1]    R3
0x0004       [1]    R4
0x0005       [1]    R5
0x0006       [1]    R6
0x0007       [1]    R7
0x0008       [1]    _comanda
0x0009       [3]    _UART_Wr_Ptr
0x000C       [2]    _viteza
0x000E       [1]    _oprire
0x000F       [1]    _caracter_sosit
0x0010       [3]    _UART_Rdy_Ptr
0x0013       [3]    _UART_Rd_Ptr
0x0016       [1]    FARG_UART1_Write_data_
0x0017       [2]    FARG_VDelay_ms_Time_ms
0x0019       [4]    VDelay_ms_NumberOfCyc_L0
0x0080       [0]    P0_1_bit
0x0080       [1]    P0
0x0080       [0]    P0_6_bit
0x0080       [0]    P0_0_bit
0x0080       [0]    P0_4_bit
0x0080       [0]    P0_7_bit
0x0080       [0]    P0_5_bit
0x0080       [0]    P0_3_bit
0x0080       [0]    P0_2_bit
0x0081       [1]    SP
0x0082       [2]    DPTR
0x0082       [1]    DPL
0x0082       [1]    DP0L
0x0083       [1]    DP0H
0x0083       [1]    DPH
0x0084       [1]    DP1L
0x0085       [1]    DP1H
0x0086       [0]    SPD1_bit
0x0086       [0]    SPD3_bit
0x0086       [0]    SPD5_bit
0x0086       [0]    SPD0_bit
0x0086       [0]    SPD4_bit
0x0086       [0]    SPD6_bit
0x0086       [1]    SPDR
0x0086       [0]    SPD7_bit
0x0086       [0]    SPD2_bit
0x0087       [0]    PD_bit
0x0087       [0]    IDL_bit
0x0087       [0]    GF1_bit
0x0087       [0]    PWDEX_bit
0x0087       [0]    POF_bit
0x0087       [0]    GF0_bit
0x0087       [0]    SMOD1_bit
0x0087       [0]    SMOD0_bit
0x0087       [1]    PCON
0x0088       [0]    TF0_bit
0x0088       [0]    TR0_bit
0x0088       [0]    TF1_bit
0x0088       [0]    TR1_bit
0x0088       [0]    IT0_bit
0x0088       [1]    TCON
0x0088       [0]    IE0_bit
0x0088       [0]    IE1_bit
0x0088       [0]    IT1_bit
0x0089       [0]    M01_bit
0x0089       [1]    TMOD
0x0089       [0]    M00_bit
0x0089       [0]    C_T1_bit
0x0089       [0]    GATE1_bit
0x0089       [0]    M11_bit
0x0089       [0]    GATE0_bit
0x0089       [0]    C_T0_bit
0x0089       [0]    M10_bit
0x008A       [1]    TL0
0x008B       [1]    TL1
0x008C       [1]    TH0
0x008D       [1]    TH1
0x008E       [1]    AUXR
0x008E       [0]    Intel_Pwd_Exit_bit
0x008E       [0]    DISALE_bit
0x008F       [1]    CLKREG
0x008F       [0]    X2_bit
0x0090       [0]    P1_3_bit
0x0090       [0]    P1_1_bit
0x0090       [0]    P1_7_bit
0x0090       [0]    P1_5_bit
0x0090       [0]    P1_2_bit
0x0090       [0]    P1_4_bit
0x0090       [0]    P1_0_bit
0x0090       [1]    P1
0x0090       [0]    P1_6_bit
0x0096       [0]    RDY_BSY_bit
0x0096       [0]    DPS_bit
0x0096       [0]    EELD_bit
0x0096       [1]    EECON
0x0096       [0]    WRTINH_bit
0x0096       [0]    EEMWE_bit
0x0096       [0]    EEMEN_bit
0x0098       [0]    SM0_FE_bit
0x0098       [0]    RB8_bit
0x0098       [1]    SCON
0x0098       [0]    TI_bit
0x0098       [0]    SM2_bit
0x0098       [0]    REN_bit
0x0098       [0]    TB8_bit
0x0098       [0]    RI_bit
0x0098       [0]    SM1_bit
0x0099       [1]    SBUF
0x00A0       [1]    P2
0x00A0       [0]    P2_3_bit
0x00A0       [0]    P2_5_bit
0x00A0       [0]    P2_4_bit
0x00A0       [0]    P2_1_bit
0x00A0       [0]    P2_7_bit
0x00A0       [0]    P2_0_bit
0x00A0       [0]    P2_2_bit
0x00A0       [0]    P2_6_bit
0x00A6       [1]    WDTRST
0x00A7       [0]    PS0_bit
0x00A7       [0]    WDTEN_bit
0x00A7       [0]    PS1_bit
0x00A7       [1]    WDTCON
0x00A7       [0]    WDIDLE_bit
0x00A7       [0]    DISRTO_bit
0x00A7       [0]    PS2_bit
0x00A7       [0]    WSWRST_bit
0x00A7       [0]    HWDT_bit
0x00A8       [0]    EX0_bit
0x00A8       [0]    ET2_bit
0x00A8       [0]    ES_bit
0x00A8       [0]    ET0_bit
0x00A8       [0]    EA_bit
0x00A8       [1]    IE
0x00A8       [0]    EX1_bit
0x00A8       [0]    ET1_bit
0x00A9       [1]    SADDR
0x00AA       [0]    DISSO_bit
0x00AA       [0]    ENH_bit
0x00AA       [0]    LDEN_bit
0x00AA       [0]    SPIF_bit
0x00AA       [0]    WCOL_bit
0x00AA       [1]    SPSR
0x00B0       [0]    P3_5_bit
0x00B0       [0]    P3_4_bit
0x00B0       [0]    P3_7_bit
0x00B0       [0]    P3_6_bit
0x00B0       [1]    P3
0x00B0       [0]    P3_1_bit
0x00B0       [0]    P3_2_bit
0x00B0       [0]    P3_0_bit
0x00B0       [0]    P3_3_bit
0x00B7       [1]    IPH
0x00B7       [0]    PT2H_bit
0x00B7       [0]    PT0H_bit
0x00B7       [0]    PSH_bit
0x00B7       [0]    PX0H_bit
0x00B7       [0]    PT1H_bit
0x00B7       [0]    PX1H_bit
0x00B8       [0]    PX1_bit
0x00B8       [1]    IP
0x00B8       [0]    PT2_bit
0x00B8       [0]    PS_bit
0x00B8       [0]    PT1_bit
0x00B8       [0]    PX0_bit
0x00B8       [0]    PT0_bit
0x00B9       [1]    SADEN
0x00C8       [0]    CP_RL2_bit
0x00C8       [1]    T2CON
0x00C8       [0]    C_T2_bit
0x00C8       [0]    TR2_bit
0x00C8       [0]    TCLK_bit
0x00C8       [0]    EXEN2_bit
0x00C8       [0]    RCLK_bit
0x00C8       [0]    EXF2_bit
0x00C8       [0]    TF2_bit
0x00C9       [0]    DCEN_bit
0x00C9       [0]    T2OE_bit
0x00C9       [1]    T2MOD
0x00CA       [1]    RCAP2L
0x00CB       [1]    RCAP2H
0x00CC       [1]    TL2
0x00CD       [1]    TH2
0x00D0       [0]    F1_bit
0x00D0       [1]    PSW
0x00D0       [0]    P_bit
0x00D0       [0]    F0_bit
0x00D0       [0]    AC_bit
0x00D0       [0]    CY_bit
0x00D0       [0]    OV_bit
0x00D0       [0]    RS0_bit
0x00D0       [0]    RS1_bit
0x00D5       [0]    MSTR_bit
0x00D5       [0]    DORD_bit
0x00D5       [0]    CPOL_bit
0x00D5       [0]    SPR1_bit
0x00D5       [0]    CPHA_bit
0x00D5       [0]    SPE_bit
0x00D5       [0]    SPR0_bit
0x00D5       [1]    SPCR
0x00D5       [0]    SPIE_bit
0x00E0       [1]    ACC
0x00F0       [1]    B
//** Label List: ** 
//----------------------------------------------
  L_main0
  L_main1
  L_main2
  L_main3
  L_main4
  L_main5
  L_main6
  L_main7
  L_main8
  L_main9
  L_main10
  L_main11
  L_main12
  L_main13
  L_main14
  L_main15
  L_main16
  L_main17
  L_main18
  L_main19
  L_main20
  L_main21
  L_main22
  L_main23
  L_main24
  _main
  _Efect1
  _Efect2
  _Efect3
  _Efect4
  _Aprinde
  _Stinge
  L_Delay_Cyc0
  L_Delay_Cyc1
  L_VDelay_ms2
  L_VDelay_ms3
  L_VDelay_ms4
  L_VDelay_ms5
  _Get_Fosc_kHz
  _Delay_1us
  _Delay_10us
  _Delay_22us
  _Delay_50us
  _Delay_80us
  _Delay_500us
  _Delay_5500us
  _Delay_8ms
  _Delay_10ms
  _Delay_100ms
  _Delay_1sec
  _Delay_Cyc
  _VDelay_ms
  lab_end
  loop_lab
  lab_end1
  lab_loop1
  lab_end2
  lab_loop3
  __Div_8x8_S_Bpositive
  __Div_8x8_S_Apositive
  __Div_8x8_S_Skip_Div
  __Div_8x8_S_div_ret
  __op2hi_not_zero
  __op1hi_not_zero
  __Div_16x16_U_Loop1
  __Div_16x16_U_Lab1
  __Div_16x16_U_div_ret
  __Div_16x16_U_Loop2
  __Div_16x16_U_Lab2
  __Div_16x16_U_Lab3
  __Div_16x16_S_op2hipositive
  __Div_16x16_S_op1hipositive
  __Div_16x16_S_Skip_Udiv
  __Div_16x16_S_div_ret
  __Div_32x32_U_start
  __Div_32x32_U_aux
  __Div_32x32_U_l2
  __Div_32x32_U_l1
  lw_1
  lw_2
  __Div_32x32_U_l3
  lw_3
  __Div_32x32_U_l4
  __Div_32x32_U_IR_l0
  __Div_32x32_U_l5
  __Div_32x32_U_l6
  __Div_32x32_U_l8
  __Div_32x32_U_l7
  __Div_32x32_U_IR_l1
  __Div_32x32_U_l10
  __Div_32x32_U_l9
  __Div_32x32_U_IR_l2
  __Div_32x32_S_l1
  __Div_32x32_S_call_uns
  __Div_32x32_S_l2
  __Div_32x32_S_l3
  __Div_32x32_S_div_ret
  __shl_long
  __shr_longint
  __shr_longword
  _Mul_16x16
  _Mul_32x32
  _Div_8x8_S
  _Div_16x16_U
  _Div_16x16_S
  _Div_32x32_U
  _Div_32x32_S
  _CC2D_Loop1
  _CC2PD_Loop1
  _CC2XD_Loop1
  ___DoIFC
  ___CC2D
  ___CC2PD
  ___CC2XD
  L_UART1_Write0
  L_UART1_Write1
  L_UART1_Write_Text2
  L_UART1_Write_Text3
  L_UART1_Read_Text4
  L_UART1_Read_Text5
  L_UART1_Read_Text6
  L_UART1_Read_Text7
  L_UART1_Read_Text8
  L_UART1_Read_Text9
  L_UART1_Read_Text10
  L_UART1_Read_Text11
  L_UART1_Read_Text12
  _UART1_Init
  _UART1_Write
  _UART1_Data_Ready
  _UART1_Read
  _UART1_Write_Text
  _UART1_Read_Text
  _UART_Set_Active
